<?xml version="1.0" encoding="UTF-8"?>
<!-- Generated by org.testng.reporters.JUnitXMLReporter -->
<testsuite hostname="NIS-PC053" name="PepperCloudCRM-Lead" tests="300" failures="5" timestamp="27 Feb 2019 07:20:57 GMT" time="25.36" errors="0">
  <testcase name="@BeforeMethod thinkTime" time="0.0" classname="Testcases.AccountsTest">
    <failure type="org.openqa.selenium.NoSuchWindowException" message="no such window: target window already closed
from unknown error: web view not found
  (Session info: chrome=72.0.3626.119)
  (Driver info: chromedriver=2.41.578737 (49da6702b16031c40d63e5618de03a32ff6c197e),platform=Windows NT 10.0.17763 x86_64) (WARNING: The server did not provide any stacktrace information)
Command duration or timeout: 0 milliseconds
Build info: version: &amp;apos;3.14.0&amp;apos;, revision: &amp;apos;aacccce0&amp;apos;, time: &amp;apos;2018-08-02T20:19:58.91Z&amp;apos;
System info: host: &amp;apos;NIS-PC053&amp;apos;, ip: &amp;apos;192.168.1.53&amp;apos;, os.name: &amp;apos;Windows 10&amp;apos;, os.arch: &amp;apos;amd64&amp;apos;, os.version: &amp;apos;10.0&amp;apos;, java.version: &amp;apos;1.8.0_92&amp;apos;
Driver info: org.openqa.selenium.chrome.ChromeDriver
Capabilities {acceptInsecureCerts: false, acceptSslCerts: false, applicationCacheEnabled: false, browserConnectionEnabled: false, browserName: chrome, chrome: {chromedriverVersion: 2.41.578737 (49da6702b16031..., userDataDir: C:\Users\NICHIU~1\AppData\L...}, cssSelectorsEnabled: true, databaseEnabled: false, goog:chromeOptions: {debuggerAddress: localhost:64156}, handlesAlerts: true, hasTouchScreen: false, javascriptEnabled: true, locationContextEnabled: true, mobileEmulationEnabled: false, nativeEvents: true, networkConnectionEnabled: false, pageLoadStrategy: normal, platform: XP, platformName: XP, rotatable: false, setWindowRect: true, takesHeapSnapshot: true, takesScreenshot: true, unexpectedAlertBehaviour: , unhandledPromptBehavior: , version: 72.0.3626.119, webStorageEnabled: true}
Session ID: 6675f0155617f85397452c81af1a18ac">
      <![CDATA[org.openqa.selenium.NoSuchWindowException: no such window: target window already closed
from unknown error: web view not found
  (Session info: chrome=72.0.3626.119)
  (Driver info: chromedriver=2.41.578737 (49da6702b16031c40d63e5618de03a32ff6c197e),platform=Windows NT 10.0.17763 x86_64) (WARNING: The server did not provide any stacktrace information)
Command duration or timeout: 0 milliseconds
Build info: version: '3.14.0', revision: 'aacccce0', time: '2018-08-02T20:19:58.91Z'
System info: host: 'NIS-PC053', ip: '192.168.1.53', os.name: 'Windows 10', os.arch: 'amd64', os.version: '10.0', java.version: '1.8.0_92'
Driver info: org.openqa.selenium.chrome.ChromeDriver
Capabilities {acceptInsecureCerts: false, acceptSslCerts: false, applicationCacheEnabled: false, browserConnectionEnabled: false, browserName: chrome, chrome: {chromedriverVersion: 2.41.578737 (49da6702b16031..., userDataDir: C:\Users\NICHIU~1\AppData\L...}, cssSelectorsEnabled: true, databaseEnabled: false, goog:chromeOptions: {debuggerAddress: localhost:64156}, handlesAlerts: true, hasTouchScreen: false, javascriptEnabled: true, locationContextEnabled: true, mobileEmulationEnabled: false, nativeEvents: true, networkConnectionEnabled: false, pageLoadStrategy: normal, platform: XP, platformName: XP, rotatable: false, setWindowRect: true, takesHeapSnapshot: true, takesScreenshot: true, unexpectedAlertBehaviour: , unhandledPromptBehavior: , version: 72.0.3626.119, webStorageEnabled: true}
Session ID: 6675f0155617f85397452c81af1a18ac
	at org.openqa.selenium.remote.ErrorHandler.createThrowable(ErrorHandler.java:214)
	at org.openqa.selenium.remote.ErrorHandler.throwIfResponseFailed(ErrorHandler.java:166)
	at org.openqa.selenium.remote.http.JsonHttpResponseCodec.reconstructValue(JsonHttpResponseCodec.java:40)
	at org.openqa.selenium.remote.http.AbstractHttpResponseCodec.decode(AbstractHttpResponseCodec.java:80)
	at org.openqa.selenium.remote.http.AbstractHttpResponseCodec.decode(AbstractHttpResponseCodec.java:44)
	at org.openqa.selenium.remote.HttpCommandExecutor.execute(HttpCommandExecutor.java:158)
	at org.openqa.selenium.remote.service.DriverCommandExecutor.execute(DriverCommandExecutor.java:83)
	at org.openqa.selenium.remote.RemoteWebDriver.execute(RemoteWebDriver.java:548)
	at org.openqa.selenium.remote.RemoteWebDriver.execute(RemoteWebDriver.java:605)
	at org.openqa.selenium.remote.RemoteWebDriver$RemoteNavigation.refresh(RemoteWebDriver.java:861)
	at Testcases.AccountsTest.thinkTime(AccountsTest.java:154)
... Removed 31 stack frames]]>
    </failure>
  </testcase> <!-- @BeforeMethod thinkTime -->
  <testcase name="@BeforeMethod thinkTime" time="0.0" classname="Testcases.AccountsTest">
    <skipped/>
  </testcase> <!-- @BeforeMethod thinkTime -->
  <testcase name="@BeforeMethod thinkTime" time="0.0" classname="Testcases.AccountsTest">
    <skipped/>
  </testcase> <!-- @BeforeMethod thinkTime -->
  <testcase name="@BeforeMethod thinkTime" time="0.0" classname="Testcases.AccountsTest">
    <skipped/>
  </testcase> <!-- @BeforeMethod thinkTime -->
  <testcase name="@BeforeMethod thinkTime" time="0.0" classname="Testcases.AccountsTest">
    <skipped/>
  </testcase> <!-- @BeforeMethod thinkTime -->
  <testcase name="@BeforeMethod thinkTime" time="0.0" classname="Testcases.AccountsTest">
    <skipped/>
  </testcase> <!-- @BeforeMethod thinkTime -->
  <testcase name="@BeforeMethod thinkTime" time="0.0" classname="Testcases.AccountsTest">
    <skipped/>
  </testcase> <!-- @BeforeMethod thinkTime -->
  <testcase name="@BeforeMethod thinkTime" time="0.0" classname="Testcases.AccountsTest">
    <skipped/>
  </testcase> <!-- @BeforeMethod thinkTime -->
  <testcase name="@BeforeMethod thinkTime" time="0.0" classname="Testcases.AccountsTest">
    <skipped/>
  </testcase> <!-- @BeforeMethod thinkTime -->
  <testcase name="@BeforeMethod thinkTime" time="0.0" classname="Testcases.AccountsTest">
    <skipped/>
  </testcase> <!-- @BeforeMethod thinkTime -->
  <testcase name="@BeforeMethod thinkTime" time="0.0" classname="Testcases.AccountsTest">
    <skipped/>
  </testcase> <!-- @BeforeMethod thinkTime -->
  <testcase name="@BeforeMethod thinkTime" time="0.0" classname="Testcases.AccountsTest">
    <skipped/>
  </testcase> <!-- @BeforeMethod thinkTime -->
  <testcase name="@BeforeMethod thinkTime" time="0.0" classname="Testcases.AccountsTest">
    <skipped/>
  </testcase> <!-- @BeforeMethod thinkTime -->
  <testcase name="@BeforeMethod thinkTime" time="0.0" classname="Testcases.AccountsTest">
    <skipped/>
  </testcase> <!-- @BeforeMethod thinkTime -->
  <testcase name="@BeforeMethod thinkTime" time="0.0" classname="Testcases.AccountsTest">
    <skipped/>
  </testcase> <!-- @BeforeMethod thinkTime -->
  <testcase name="@BeforeMethod thinkTime" time="0.0" classname="Testcases.AccountsTest">
    <skipped/>
  </testcase> <!-- @BeforeMethod thinkTime -->
  <testcase name="@BeforeMethod thinkTime" time="0.0" classname="Testcases.AccountsTest">
    <skipped/>
  </testcase> <!-- @BeforeMethod thinkTime -->
  <testcase name="@BeforeMethod thinkTime" time="0.0" classname="Testcases.AccountsTest">
    <skipped/>
  </testcase> <!-- @BeforeMethod thinkTime -->
  <testcase name="@BeforeMethod thinkTime" time="0.0" classname="Testcases.AccountsTest">
    <skipped/>
  </testcase> <!-- @BeforeMethod thinkTime -->
  <testcase name="@BeforeMethod thinkTime" time="0.0" classname="Testcases.AccountsTest">
    <skipped/>
  </testcase> <!-- @BeforeMethod thinkTime -->
  <testcase name="@BeforeMethod thinkTime" time="0.0" classname="Testcases.AccountsTest">
    <skipped/>
  </testcase> <!-- @BeforeMethod thinkTime -->
  <testcase name="@BeforeMethod thinkTime" time="0.0" classname="Testcases.AccountsTest">
    <skipped/>
  </testcase> <!-- @BeforeMethod thinkTime -->
  <testcase name="@BeforeMethod thinkTime" time="0.0" classname="Testcases.AccountsTest">
    <skipped/>
  </testcase> <!-- @BeforeMethod thinkTime -->
  <testcase name="@BeforeMethod thinkTime" time="0.0" classname="Testcases.AccountsTest">
    <skipped/>
  </testcase> <!-- @BeforeMethod thinkTime -->
  <testcase name="@BeforeMethod thinkTime" time="0.0" classname="Testcases.AccountsTest">
    <skipped/>
  </testcase> <!-- @BeforeMethod thinkTime -->
  <testcase name="@BeforeMethod thinkTime" time="0.0" classname="Testcases.AccountsTest">
    <skipped/>
  </testcase> <!-- @BeforeMethod thinkTime -->
  <testcase name="@BeforeMethod thinkTime" time="0.0" classname="Testcases.AccountsTest">
    <skipped/>
  </testcase> <!-- @BeforeMethod thinkTime -->
  <testcase name="@BeforeMethod thinkTime" time="0.0" classname="Testcases.AccountsTest">
    <skipped/>
  </testcase> <!-- @BeforeMethod thinkTime -->
  <testcase name="@BeforeMethod thinkTime" time="0.0" classname="Testcases.AccountsTest">
    <skipped/>
  </testcase> <!-- @BeforeMethod thinkTime -->
  <testcase name="@BeforeMethod thinkTime" time="0.0" classname="Testcases.AccountsTest">
    <skipped/>
  </testcase> <!-- @BeforeMethod thinkTime -->
  <testcase name="@BeforeMethod thinkTime" time="0.0" classname="Testcases.AccountsTest">
    <skipped/>
  </testcase> <!-- @BeforeMethod thinkTime -->
  <testcase name="@BeforeMethod thinkTime" time="0.0" classname="Testcases.AccountsTest">
    <skipped/>
  </testcase> <!-- @BeforeMethod thinkTime -->
  <testcase name="@BeforeMethod thinkTime" time="0.0" classname="Testcases.AccountsTest">
    <skipped/>
  </testcase> <!-- @BeforeMethod thinkTime -->
  <testcase name="@BeforeMethod thinkTime" time="0.0" classname="Testcases.AccountsTest">
    <skipped/>
  </testcase> <!-- @BeforeMethod thinkTime -->
  <testcase name="@BeforeMethod thinkTime" time="0.0" classname="Testcases.AccountsTest">
    <skipped/>
  </testcase> <!-- @BeforeMethod thinkTime -->
  <testcase name="@BeforeMethod thinkTime" time="0.0" classname="Testcases.AccountsTest">
    <skipped/>
  </testcase> <!-- @BeforeMethod thinkTime -->
  <testcase name="@BeforeMethod thinkTime" time="0.0" classname="Testcases.AccountsTest">
    <skipped/>
  </testcase> <!-- @BeforeMethod thinkTime -->
  <testcase name="@BeforeMethod thinkTime" time="0.0" classname="Testcases.AccountsTest">
    <skipped/>
  </testcase> <!-- @BeforeMethod thinkTime -->
  <testcase name="@BeforeMethod thinkTime" time="0.0" classname="Testcases.AccountsTest">
    <skipped/>
  </testcase> <!-- @BeforeMethod thinkTime -->
  <testcase name="@BeforeMethod thinkTime" time="0.0" classname="Testcases.AccountsTest">
    <skipped/>
  </testcase> <!-- @BeforeMethod thinkTime -->
  <testcase name="@BeforeMethod thinkTime" time="0.0" classname="Testcases.AccountsTest">
    <skipped/>
  </testcase> <!-- @BeforeMethod thinkTime -->
  <testcase name="@BeforeMethod thinkTime" time="0.0" classname="Testcases.AccountsTest">
    <skipped/>
  </testcase> <!-- @BeforeMethod thinkTime -->
  <testcase name="@BeforeMethod thinkTime" time="0.0" classname="Testcases.AccountsTest">
    <skipped/>
  </testcase> <!-- @BeforeMethod thinkTime -->
  <testcase name="@BeforeMethod thinkTime" time="0.0" classname="Testcases.AccountsTest">
    <skipped/>
  </testcase> <!-- @BeforeMethod thinkTime -->
  <testcase name="@BeforeMethod thinkTime" time="0.0" classname="Testcases.AccountsTest">
    <skipped/>
  </testcase> <!-- @BeforeMethod thinkTime -->
  <testcase name="@BeforeMethod thinkTime" time="0.0" classname="Testcases.AccountsTest">
    <skipped/>
  </testcase> <!-- @BeforeMethod thinkTime -->
  <testcase name="@BeforeMethod thinkTime" time="0.0" classname="Testcases.AccountsTest">
    <skipped/>
  </testcase> <!-- @BeforeMethod thinkTime -->
  <testcase name="@BeforeMethod thinkTime" time="0.0" classname="Testcases.AccountsTest">
    <skipped/>
  </testcase> <!-- @BeforeMethod thinkTime -->
  <testcase name="@BeforeMethod thinkTime" time="0.0" classname="Testcases.AccountsTest">
    <skipped/>
  </testcase> <!-- @BeforeMethod thinkTime -->
  <testcase name="@BeforeMethod thinkTime" time="0.0" classname="Testcases.AccountsTest">
    <skipped/>
  </testcase> <!-- @BeforeMethod thinkTime -->
  <testcase name="@BeforeMethod thinkTime" time="0.0" classname="Testcases.AccountsTest">
    <skipped/>
  </testcase> <!-- @BeforeMethod thinkTime -->
  <testcase name="@BeforeMethod thinkTime" time="0.0" classname="Testcases.AccountsTest">
    <skipped/>
  </testcase> <!-- @BeforeMethod thinkTime -->
  <testcase name="@BeforeMethod thinkTime" time="0.0" classname="Testcases.AccountsTest">
    <skipped/>
  </testcase> <!-- @BeforeMethod thinkTime -->
  <testcase name="@BeforeMethod thinkTime" time="0.0" classname="Testcases.AccountsTest">
    <skipped/>
  </testcase> <!-- @BeforeMethod thinkTime -->
  <testcase name="@BeforeMethod thinkTime" time="0.0" classname="Testcases.AccountsTest">
    <skipped/>
  </testcase> <!-- @BeforeMethod thinkTime -->
  <testcase name="@BeforeMethod thinkTime" time="0.0" classname="Testcases.AccountsTest">
    <skipped/>
  </testcase> <!-- @BeforeMethod thinkTime -->
  <testcase name="@BeforeMethod thinkTime" time="0.0" classname="Testcases.AccountsTest">
    <skipped/>
  </testcase> <!-- @BeforeMethod thinkTime -->
  <testcase name="@BeforeMethod thinkTime" time="0.0" classname="Testcases.AccountsTest">
    <skipped/>
  </testcase> <!-- @BeforeMethod thinkTime -->
  <testcase name="@BeforeMethod thinkTime" time="0.0" classname="Testcases.AccountsTest">
    <skipped/>
  </testcase> <!-- @BeforeMethod thinkTime -->
  <testcase name="@BeforeMethod thinkTime" time="0.0" classname="Testcases.AccountsTest">
    <skipped/>
  </testcase> <!-- @BeforeMethod thinkTime -->
  <testcase name="@BeforeMethod thinkTime" time="0.0" classname="Testcases.AccountsTest">
    <skipped/>
  </testcase> <!-- @BeforeMethod thinkTime -->
  <testcase name="@BeforeMethod thinkTime" time="0.0" classname="Testcases.AccountsTest">
    <skipped/>
  </testcase> <!-- @BeforeMethod thinkTime -->
  <testcase name="@BeforeMethod thinkTime" time="0.0" classname="Testcases.AccountsTest">
    <skipped/>
  </testcase> <!-- @BeforeMethod thinkTime -->
  <testcase name="@BeforeMethod thinkTime" time="0.0" classname="Testcases.AccountsTest">
    <skipped/>
  </testcase> <!-- @BeforeMethod thinkTime -->
  <testcase name="@BeforeMethod thinkTime" time="0.0" classname="Testcases.AccountsTest">
    <skipped/>
  </testcase> <!-- @BeforeMethod thinkTime -->
  <testcase name="@BeforeMethod thinkTime" time="0.0" classname="Testcases.AccountsTest">
    <skipped/>
  </testcase> <!-- @BeforeMethod thinkTime -->
  <testcase name="@BeforeMethod thinkTime" time="0.0" classname="Testcases.AccountsTest">
    <skipped/>
  </testcase> <!-- @BeforeMethod thinkTime -->
  <testcase name="@BeforeMethod thinkTime" time="0.0" classname="Testcases.AccountsTest">
    <skipped/>
  </testcase> <!-- @BeforeMethod thinkTime -->
  <testcase name="@BeforeMethod thinkTime" time="0.0" classname="Testcases.AccountsTest">
    <skipped/>
  </testcase> <!-- @BeforeMethod thinkTime -->
  <testcase name="@BeforeMethod thinkTime" time="0.0" classname="Testcases.AccountsTest">
    <skipped/>
  </testcase> <!-- @BeforeMethod thinkTime -->
  <testcase name="@BeforeMethod thinkTime" time="0.0" classname="Testcases.AccountsTest">
    <skipped/>
  </testcase> <!-- @BeforeMethod thinkTime -->
  <testcase name="@BeforeMethod thinkTime" time="0.0" classname="Testcases.AccountsTest">
    <skipped/>
  </testcase> <!-- @BeforeMethod thinkTime -->
  <testcase name="@BeforeMethod thinkTime" time="0.0" classname="Testcases.AccountsTest">
    <skipped/>
  </testcase> <!-- @BeforeMethod thinkTime -->
  <testcase name="@BeforeMethod thinkTime" time="0.0" classname="Testcases.AccountsTest">
    <skipped/>
  </testcase> <!-- @BeforeMethod thinkTime -->
  <testcase name="@BeforeMethod thinkTime" time="0.0" classname="Testcases.AccountsTest">
    <skipped/>
  </testcase> <!-- @BeforeMethod thinkTime -->
  <testcase name="@BeforeMethod thinkTime" time="0.0" classname="Testcases.AccountsTest">
    <skipped/>
  </testcase> <!-- @BeforeMethod thinkTime -->
  <testcase name="@BeforeMethod thinkTime" time="0.0" classname="Testcases.AccountsTest">
    <skipped/>
  </testcase> <!-- @BeforeMethod thinkTime -->
  <testcase name="@BeforeMethod thinkTime" time="0.0" classname="Testcases.AccountsTest">
    <skipped/>
  </testcase> <!-- @BeforeMethod thinkTime -->
  <testcase name="@BeforeMethod thinkTime" time="0.0" classname="Testcases.AccountsTest">
    <skipped/>
  </testcase> <!-- @BeforeMethod thinkTime -->
  <testcase name="@BeforeMethod thinkTime" time="0.0" classname="Testcases.AccountsTest">
    <skipped/>
  </testcase> <!-- @BeforeMethod thinkTime -->
  <testcase name="@BeforeMethod thinkTime" time="0.0" classname="Testcases.AccountsTest">
    <skipped/>
  </testcase> <!-- @BeforeMethod thinkTime -->
  <testcase name="@BeforeMethod thinkTime" time="0.0" classname="Testcases.AccountsTest">
    <skipped/>
  </testcase> <!-- @BeforeMethod thinkTime -->
  <testcase name="@BeforeMethod thinkTime" time="0.0" classname="Testcases.AccountsTest">
    <skipped/>
  </testcase> <!-- @BeforeMethod thinkTime -->
  <testcase name="@BeforeMethod thinkTime" time="0.0" classname="Testcases.AccountsTest">
    <skipped/>
  </testcase> <!-- @BeforeMethod thinkTime -->
  <testcase name="@BeforeMethod thinkTime" time="0.0" classname="Testcases.AccountsTest">
    <skipped/>
  </testcase> <!-- @BeforeMethod thinkTime -->
  <testcase name="@BeforeMethod thinkTime" time="0.0" classname="Testcases.AccountsTest">
    <skipped/>
  </testcase> <!-- @BeforeMethod thinkTime -->
  <testcase name="@BeforeMethod thinkTime" time="0.0" classname="Testcases.AccountsTest">
    <skipped/>
  </testcase> <!-- @BeforeMethod thinkTime -->
  <testcase name="@BeforeMethod thinkTime" time="0.0" classname="Testcases.AccountsTest">
    <skipped/>
  </testcase> <!-- @BeforeMethod thinkTime -->
  <testcase name="@BeforeMethod thinkTime" time="0.0" classname="Testcases.AccountsTest">
    <skipped/>
  </testcase> <!-- @BeforeMethod thinkTime -->
  <testcase name="@BeforeMethod thinkTime" time="0.0" classname="Testcases.AccountsTest">
    <skipped/>
  </testcase> <!-- @BeforeMethod thinkTime -->
  <testcase name="@BeforeMethod thinkTime" time="0.0" classname="Testcases.AccountsTest">
    <skipped/>
  </testcase> <!-- @BeforeMethod thinkTime -->
  <testcase name="@BeforeMethod thinkTime" time="0.0" classname="Testcases.AccountsTest">
    <skipped/>
  </testcase> <!-- @BeforeMethod thinkTime -->
  <testcase name="@BeforeMethod thinkTime" time="0.0" classname="Testcases.AccountsTest">
    <skipped/>
  </testcase> <!-- @BeforeMethod thinkTime -->
  <testcase name="@BeforeMethod thinkTime" time="0.0" classname="Testcases.AccountsTest">
    <skipped/>
  </testcase> <!-- @BeforeMethod thinkTime -->
  <testcase name="@BeforeMethod thinkTime" time="0.0" classname="Testcases.AccountsTest">
    <skipped/>
  </testcase> <!-- @BeforeMethod thinkTime -->
  <testcase name="@BeforeMethod thinkTime" time="0.0" classname="Testcases.AccountsTest">
    <skipped/>
  </testcase> <!-- @BeforeMethod thinkTime -->
  <testcase name="@BeforeMethod thinkTime" time="0.0" classname="Testcases.AccountsTest">
    <skipped/>
  </testcase> <!-- @BeforeMethod thinkTime -->
  <testcase name="@BeforeMethod thinkTime" time="0.0" classname="Testcases.AccountsTest">
    <skipped/>
  </testcase> <!-- @BeforeMethod thinkTime -->
  <testcase name="@BeforeMethod thinkTime" time="0.0" classname="Testcases.OpportunityTest">
    <failure type="org.openqa.selenium.NoSuchWindowException" message="no such window: target window already closed
from unknown error: web view not found
  (Session info: chrome=72.0.3626.119)
  (Driver info: chromedriver=2.41.578737 (49da6702b16031c40d63e5618de03a32ff6c197e),platform=Windows NT 10.0.17763 x86_64) (WARNING: The server did not provide any stacktrace information)
Command duration or timeout: 0 milliseconds
Build info: version: &amp;apos;3.14.0&amp;apos;, revision: &amp;apos;aacccce0&amp;apos;, time: &amp;apos;2018-08-02T20:19:58.91Z&amp;apos;
System info: host: &amp;apos;NIS-PC053&amp;apos;, ip: &amp;apos;192.168.1.53&amp;apos;, os.name: &amp;apos;Windows 10&amp;apos;, os.arch: &amp;apos;amd64&amp;apos;, os.version: &amp;apos;10.0&amp;apos;, java.version: &amp;apos;1.8.0_92&amp;apos;
Driver info: org.openqa.selenium.chrome.ChromeDriver
Capabilities {acceptInsecureCerts: false, acceptSslCerts: false, applicationCacheEnabled: false, browserConnectionEnabled: false, browserName: chrome, chrome: {chromedriverVersion: 2.41.578737 (49da6702b16031..., userDataDir: C:\Users\NICHIU~1\AppData\L...}, cssSelectorsEnabled: true, databaseEnabled: false, goog:chromeOptions: {debuggerAddress: localhost:64156}, handlesAlerts: true, hasTouchScreen: false, javascriptEnabled: true, locationContextEnabled: true, mobileEmulationEnabled: false, nativeEvents: true, networkConnectionEnabled: false, pageLoadStrategy: normal, platform: XP, platformName: XP, rotatable: false, setWindowRect: true, takesHeapSnapshot: true, takesScreenshot: true, unexpectedAlertBehaviour: , unhandledPromptBehavior: , version: 72.0.3626.119, webStorageEnabled: true}
Session ID: 6675f0155617f85397452c81af1a18ac">
      <![CDATA[org.openqa.selenium.NoSuchWindowException: no such window: target window already closed
from unknown error: web view not found
  (Session info: chrome=72.0.3626.119)
  (Driver info: chromedriver=2.41.578737 (49da6702b16031c40d63e5618de03a32ff6c197e),platform=Windows NT 10.0.17763 x86_64) (WARNING: The server did not provide any stacktrace information)
Command duration or timeout: 0 milliseconds
Build info: version: '3.14.0', revision: 'aacccce0', time: '2018-08-02T20:19:58.91Z'
System info: host: 'NIS-PC053', ip: '192.168.1.53', os.name: 'Windows 10', os.arch: 'amd64', os.version: '10.0', java.version: '1.8.0_92'
Driver info: org.openqa.selenium.chrome.ChromeDriver
Capabilities {acceptInsecureCerts: false, acceptSslCerts: false, applicationCacheEnabled: false, browserConnectionEnabled: false, browserName: chrome, chrome: {chromedriverVersion: 2.41.578737 (49da6702b16031..., userDataDir: C:\Users\NICHIU~1\AppData\L...}, cssSelectorsEnabled: true, databaseEnabled: false, goog:chromeOptions: {debuggerAddress: localhost:64156}, handlesAlerts: true, hasTouchScreen: false, javascriptEnabled: true, locationContextEnabled: true, mobileEmulationEnabled: false, nativeEvents: true, networkConnectionEnabled: false, pageLoadStrategy: normal, platform: XP, platformName: XP, rotatable: false, setWindowRect: true, takesHeapSnapshot: true, takesScreenshot: true, unexpectedAlertBehaviour: , unhandledPromptBehavior: , version: 72.0.3626.119, webStorageEnabled: true}
Session ID: 6675f0155617f85397452c81af1a18ac
	at org.openqa.selenium.remote.ErrorHandler.createThrowable(ErrorHandler.java:214)
	at org.openqa.selenium.remote.ErrorHandler.throwIfResponseFailed(ErrorHandler.java:166)
	at org.openqa.selenium.remote.http.JsonHttpResponseCodec.reconstructValue(JsonHttpResponseCodec.java:40)
	at org.openqa.selenium.remote.http.AbstractHttpResponseCodec.decode(AbstractHttpResponseCodec.java:80)
	at org.openqa.selenium.remote.http.AbstractHttpResponseCodec.decode(AbstractHttpResponseCodec.java:44)
	at org.openqa.selenium.remote.HttpCommandExecutor.execute(HttpCommandExecutor.java:158)
	at org.openqa.selenium.remote.service.DriverCommandExecutor.execute(DriverCommandExecutor.java:83)
	at org.openqa.selenium.remote.RemoteWebDriver.execute(RemoteWebDriver.java:548)
	at org.openqa.selenium.remote.RemoteWebDriver.execute(RemoteWebDriver.java:605)
	at org.openqa.selenium.remote.RemoteWebDriver$RemoteNavigation.refresh(RemoteWebDriver.java:861)
	at Testcases.OpportunityTest.thinkTime(OpportunityTest.java:130)
... Removed 31 stack frames]]>
    </failure>
  </testcase> <!-- @BeforeMethod thinkTime -->
  <testcase name="@BeforeMethod thinkTime" time="0.0" classname="Testcases.OpportunityTest">
    <skipped/>
  </testcase> <!-- @BeforeMethod thinkTime -->
  <testcase name="@BeforeMethod thinkTime" time="0.0" classname="Testcases.OpportunityTest">
    <skipped/>
  </testcase> <!-- @BeforeMethod thinkTime -->
  <testcase name="@BeforeMethod thinkTime" time="0.0" classname="Testcases.OpportunityTest">
    <skipped/>
  </testcase> <!-- @BeforeMethod thinkTime -->
  <testcase name="@BeforeMethod thinkTime" time="0.0" classname="Testcases.OpportunityTest">
    <skipped/>
  </testcase> <!-- @BeforeMethod thinkTime -->
  <testcase name="@BeforeMethod thinkTime" time="0.0" classname="Testcases.OpportunityTest">
    <skipped/>
  </testcase> <!-- @BeforeMethod thinkTime -->
  <testcase name="@BeforeMethod thinkTime" time="0.0" classname="Testcases.OpportunityTest">
    <skipped/>
  </testcase> <!-- @BeforeMethod thinkTime -->
  <testcase name="@BeforeMethod thinkTime" time="0.0" classname="Testcases.OpportunityTest">
    <skipped/>
  </testcase> <!-- @BeforeMethod thinkTime -->
  <testcase name="@BeforeMethod thinkTime" time="0.0" classname="Testcases.OpportunityTest">
    <skipped/>
  </testcase> <!-- @BeforeMethod thinkTime -->
  <testcase name="@BeforeMethod thinkTime" time="0.0" classname="Testcases.OpportunityTest">
    <skipped/>
  </testcase> <!-- @BeforeMethod thinkTime -->
  <testcase name="@BeforeMethod thinkTime" time="0.0" classname="Testcases.OpportunityTest">
    <skipped/>
  </testcase> <!-- @BeforeMethod thinkTime -->
  <testcase name="@BeforeMethod thinkTime" time="0.0" classname="Testcases.OpportunityTest">
    <skipped/>
  </testcase> <!-- @BeforeMethod thinkTime -->
  <testcase name="@BeforeMethod thinkTime" time="0.0" classname="Testcases.OpportunityTest">
    <skipped/>
  </testcase> <!-- @BeforeMethod thinkTime -->
  <testcase name="@BeforeMethod thinkTime" time="0.0" classname="Testcases.OpportunityTest">
    <skipped/>
  </testcase> <!-- @BeforeMethod thinkTime -->
  <testcase name="@BeforeMethod thinkTime" time="0.0" classname="Testcases.OpportunityTest">
    <skipped/>
  </testcase> <!-- @BeforeMethod thinkTime -->
  <testcase name="@BeforeMethod thinkTime" time="0.0" classname="Testcases.OpportunityTest">
    <skipped/>
  </testcase> <!-- @BeforeMethod thinkTime -->
  <testcase name="@BeforeMethod thinkTime" time="0.0" classname="Testcases.OpportunityTest">
    <skipped/>
  </testcase> <!-- @BeforeMethod thinkTime -->
  <testcase name="@BeforeMethod thinkTime" time="0.0" classname="Testcases.OpportunityTest">
    <skipped/>
  </testcase> <!-- @BeforeMethod thinkTime -->
  <testcase name="@BeforeMethod thinkTime" time="0.0" classname="Testcases.OpportunityTest">
    <skipped/>
  </testcase> <!-- @BeforeMethod thinkTime -->
  <testcase name="@BeforeMethod thinkTime" time="0.0" classname="Testcases.OpportunityTest">
    <skipped/>
  </testcase> <!-- @BeforeMethod thinkTime -->
  <testcase name="@BeforeMethod thinkTime" time="0.0" classname="Testcases.OpportunityTest">
    <skipped/>
  </testcase> <!-- @BeforeMethod thinkTime -->
  <testcase name="@BeforeMethod thinkTime" time="0.0" classname="Testcases.OpportunityTest">
    <skipped/>
  </testcase> <!-- @BeforeMethod thinkTime -->
  <testcase name="@BeforeMethod thinkTime" time="0.0" classname="Testcases.OpportunityTest">
    <skipped/>
  </testcase> <!-- @BeforeMethod thinkTime -->
  <testcase name="@BeforeMethod thinkTime" time="0.0" classname="Testcases.OpportunityTest">
    <skipped/>
  </testcase> <!-- @BeforeMethod thinkTime -->
  <testcase name="@BeforeMethod thinkTime" time="0.0" classname="Testcases.OpportunityTest">
    <skipped/>
  </testcase> <!-- @BeforeMethod thinkTime -->
  <testcase name="@BeforeMethod thinkTime" time="0.0" classname="Testcases.OpportunityTest">
    <skipped/>
  </testcase> <!-- @BeforeMethod thinkTime -->
  <testcase name="@BeforeMethod thinkTime" time="0.0" classname="Testcases.OpportunityTest">
    <skipped/>
  </testcase> <!-- @BeforeMethod thinkTime -->
  <testcase name="@BeforeMethod thinkTime" time="0.0" classname="Testcases.OpportunityTest">
    <skipped/>
  </testcase> <!-- @BeforeMethod thinkTime -->
  <testcase name="@BeforeMethod thinkTime" time="0.0" classname="Testcases.OpportunityTest">
    <skipped/>
  </testcase> <!-- @BeforeMethod thinkTime -->
  <testcase name="@BeforeMethod thinkTime" time="0.0" classname="Testcases.OpportunityTest">
    <skipped/>
  </testcase> <!-- @BeforeMethod thinkTime -->
  <testcase name="@BeforeMethod thinkTime" time="0.0" classname="Testcases.OpportunityTest">
    <skipped/>
  </testcase> <!-- @BeforeMethod thinkTime -->
  <testcase name="@BeforeMethod thinkTime" time="0.0" classname="Testcases.OpportunityTest">
    <skipped/>
  </testcase> <!-- @BeforeMethod thinkTime -->
  <testcase name="@BeforeMethod thinkTime" time="0.0" classname="Testcases.OpportunityTest">
    <skipped/>
  </testcase> <!-- @BeforeMethod thinkTime -->
  <testcase name="@BeforeMethod thinkTime" time="0.0" classname="Testcases.OpportunityTest">
    <skipped/>
  </testcase> <!-- @BeforeMethod thinkTime -->
  <testcase name="@BeforeMethod thinkTime" time="0.0" classname="Testcases.OpportunityTest">
    <skipped/>
  </testcase> <!-- @BeforeMethod thinkTime -->
  <testcase name="@BeforeMethod thinkTime" time="0.0" classname="Testcases.OpportunityTest">
    <skipped/>
  </testcase> <!-- @BeforeMethod thinkTime -->
  <testcase name="@BeforeMethod thinkTime" time="0.0" classname="Testcases.OpportunityTest">
    <skipped/>
  </testcase> <!-- @BeforeMethod thinkTime -->
  <testcase name="@BeforeMethod thinkTime" time="0.0" classname="Testcases.OpportunityTest">
    <skipped/>
  </testcase> <!-- @BeforeMethod thinkTime -->
  <testcase name="@BeforeMethod thinkTime" time="0.0" classname="Testcases.OpportunityTest">
    <skipped/>
  </testcase> <!-- @BeforeMethod thinkTime -->
  <testcase name="@BeforeMethod thinkTime" time="0.0" classname="Testcases.OpportunityTest">
    <skipped/>
  </testcase> <!-- @BeforeMethod thinkTime -->
  <testcase name="@BeforeMethod thinkTime" time="0.0" classname="Testcases.OpportunityTest">
    <skipped/>
  </testcase> <!-- @BeforeMethod thinkTime -->
  <testcase name="@BeforeMethod thinkTime" time="0.0" classname="Testcases.OpportunityTest">
    <skipped/>
  </testcase> <!-- @BeforeMethod thinkTime -->
  <testcase name="@BeforeMethod thinkTime" time="0.0" classname="Testcases.OpportunityTest">
    <skipped/>
  </testcase> <!-- @BeforeMethod thinkTime -->
  <testcase name="@BeforeMethod thinkTime" time="0.0" classname="Testcases.OpportunityTest">
    <skipped/>
  </testcase> <!-- @BeforeMethod thinkTime -->
  <testcase name="@BeforeMethod thinkTime" time="0.0" classname="Testcases.OpportunityTest">
    <skipped/>
  </testcase> <!-- @BeforeMethod thinkTime -->
  <testcase name="@BeforeMethod thinkTime" time="0.0" classname="Testcases.OpportunityTest">
    <skipped/>
  </testcase> <!-- @BeforeMethod thinkTime -->
  <testcase name="@BeforeMethod thinkTime" time="0.0" classname="Testcases.OpportunityTest">
    <skipped/>
  </testcase> <!-- @BeforeMethod thinkTime -->
  <testcase name="@BeforeMethod thinkTime" time="0.0" classname="Testcases.OpportunityTest">
    <skipped/>
  </testcase> <!-- @BeforeMethod thinkTime -->
  <testcase name="@BeforeMethod thinkTime" time="0.0" classname="Testcases.OpportunityTest">
    <skipped/>
  </testcase> <!-- @BeforeMethod thinkTime -->
  <testcase name="@BeforeMethod thinkTime" time="0.0" classname="Testcases.OpportunityTest">
    <skipped/>
  </testcase> <!-- @BeforeMethod thinkTime -->
  <testcase name="@BeforeMethod thinkTime" time="0.0" classname="Testcases.OpportunityTest">
    <skipped/>
  </testcase> <!-- @BeforeMethod thinkTime -->
  <testcase name="@BeforeMethod thinkTime" time="0.0" classname="Testcases.OpportunityTest">
    <skipped/>
  </testcase> <!-- @BeforeMethod thinkTime -->
  <testcase name="@BeforeMethod thinkTime" time="0.0" classname="Testcases.OpportunityTest">
    <skipped/>
  </testcase> <!-- @BeforeMethod thinkTime -->
  <testcase name="@BeforeMethod thinkTime" time="0.0" classname="Testcases.OpportunityTest">
    <skipped/>
  </testcase> <!-- @BeforeMethod thinkTime -->
  <testcase name="@BeforeMethod thinkTime" time="0.0" classname="Testcases.OpportunityTest">
    <skipped/>
  </testcase> <!-- @BeforeMethod thinkTime -->
  <testcase name="@BeforeMethod thinkTime" time="0.0" classname="Testcases.OpportunityTest">
    <skipped/>
  </testcase> <!-- @BeforeMethod thinkTime -->
  <testcase name="@BeforeMethod thinkTime" time="0.0" classname="Testcases.OpportunityTest">
    <skipped/>
  </testcase> <!-- @BeforeMethod thinkTime -->
  <testcase name="@BeforeMethod thinkTime" time="0.0" classname="Testcases.OpportunityTest">
    <skipped/>
  </testcase> <!-- @BeforeMethod thinkTime -->
  <testcase name="@BeforeMethod thinkTime" time="0.0" classname="Testcases.OpportunityTest">
    <skipped/>
  </testcase> <!-- @BeforeMethod thinkTime -->
  <testcase name="@BeforeMethod thinkTime" time="0.0" classname="Testcases.OpportunityTest">
    <skipped/>
  </testcase> <!-- @BeforeMethod thinkTime -->
  <testcase name="@BeforeMethod thinkTime" time="0.0" classname="Testcases.OpportunityTest">
    <skipped/>
  </testcase> <!-- @BeforeMethod thinkTime -->
  <testcase name="@BeforeMethod thinkTime" time="0.0" classname="Testcases.OpportunityTest">
    <skipped/>
  </testcase> <!-- @BeforeMethod thinkTime -->
  <testcase name="@BeforeMethod thinkTime" time="0.0" classname="Testcases.OpportunityTest">
    <skipped/>
  </testcase> <!-- @BeforeMethod thinkTime -->
  <testcase name="@BeforeMethod thinkTime" time="0.0" classname="Testcases.OpportunityTest">
    <skipped/>
  </testcase> <!-- @BeforeMethod thinkTime -->
  <testcase name="@BeforeMethod thinkTime" time="0.0" classname="Testcases.OpportunityTest">
    <skipped/>
  </testcase> <!-- @BeforeMethod thinkTime -->
  <testcase name="@BeforeMethod thinkTime" time="0.0" classname="Testcases.OpportunityTest">
    <skipped/>
  </testcase> <!-- @BeforeMethod thinkTime -->
  <testcase name="@BeforeMethod thinkTime" time="0.0" classname="Testcases.OpportunityTest">
    <skipped/>
  </testcase> <!-- @BeforeMethod thinkTime -->
  <testcase name="@BeforeMethod thinkTime" time="0.0" classname="Testcases.OpportunityTest">
    <skipped/>
  </testcase> <!-- @BeforeMethod thinkTime -->
  <testcase name="@BeforeMethod thinkTime" time="0.0" classname="Testcases.OpportunityTest">
    <skipped/>
  </testcase> <!-- @BeforeMethod thinkTime -->
  <testcase name="@BeforeMethod thinkTime" time="0.0" classname="Testcases.OpportunityTest">
    <skipped/>
  </testcase> <!-- @BeforeMethod thinkTime -->
  <testcase name="@BeforeMethod thinkTime" time="0.0" classname="Testcases.OpportunityTest">
    <skipped/>
  </testcase> <!-- @BeforeMethod thinkTime -->
  <testcase name="@BeforeMethod thinkTime" time="0.0" classname="Testcases.OpportunityTest">
    <skipped/>
  </testcase> <!-- @BeforeMethod thinkTime -->
  <testcase name="@BeforeMethod thinkTime" time="0.0" classname="Testcases.OpportunityTest">
    <skipped/>
  </testcase> <!-- @BeforeMethod thinkTime -->
  <testcase name="@BeforeMethod thinkTime" time="0.0" classname="Testcases.OpportunityTest">
    <skipped/>
  </testcase> <!-- @BeforeMethod thinkTime -->
  <testcase name="@BeforeMethod thinkTime" time="0.0" classname="Testcases.OpportunityTest">
    <skipped/>
  </testcase> <!-- @BeforeMethod thinkTime -->
  <testcase name="@BeforeMethod thinkTime" time="0.0" classname="Testcases.OpportunityTest">
    <skipped/>
  </testcase> <!-- @BeforeMethod thinkTime -->
  <testcase name="@BeforeMethod thinkTime" time="0.0" classname="Testcases.OpportunityTest">
    <skipped/>
  </testcase> <!-- @BeforeMethod thinkTime -->
  <testcase name="@BeforeMethod thinkTime" time="0.0" classname="Testcases.LeadTestSuite">
    <failure type="org.openqa.selenium.NoSuchWindowException" message="no such window: target window already closed
from unknown error: web view not found
  (Session info: chrome=72.0.3626.119)
  (Driver info: chromedriver=2.41.578737 (49da6702b16031c40d63e5618de03a32ff6c197e),platform=Windows NT 10.0.17763 x86_64) (WARNING: The server did not provide any stacktrace information)
Command duration or timeout: 0 milliseconds
Build info: version: &amp;apos;3.14.0&amp;apos;, revision: &amp;apos;aacccce0&amp;apos;, time: &amp;apos;2018-08-02T20:19:58.91Z&amp;apos;
System info: host: &amp;apos;NIS-PC053&amp;apos;, ip: &amp;apos;192.168.1.53&amp;apos;, os.name: &amp;apos;Windows 10&amp;apos;, os.arch: &amp;apos;amd64&amp;apos;, os.version: &amp;apos;10.0&amp;apos;, java.version: &amp;apos;1.8.0_92&amp;apos;
Driver info: org.openqa.selenium.chrome.ChromeDriver
Capabilities {acceptInsecureCerts: false, acceptSslCerts: false, applicationCacheEnabled: false, browserConnectionEnabled: false, browserName: chrome, chrome: {chromedriverVersion: 2.41.578737 (49da6702b16031..., userDataDir: C:\Users\NICHIU~1\AppData\L...}, cssSelectorsEnabled: true, databaseEnabled: false, goog:chromeOptions: {debuggerAddress: localhost:64156}, handlesAlerts: true, hasTouchScreen: false, javascriptEnabled: true, locationContextEnabled: true, mobileEmulationEnabled: false, nativeEvents: true, networkConnectionEnabled: false, pageLoadStrategy: normal, platform: XP, platformName: XP, rotatable: false, setWindowRect: true, takesHeapSnapshot: true, takesScreenshot: true, unexpectedAlertBehaviour: , unhandledPromptBehavior: , version: 72.0.3626.119, webStorageEnabled: true}
Session ID: 6675f0155617f85397452c81af1a18ac">
      <![CDATA[org.openqa.selenium.NoSuchWindowException: no such window: target window already closed
from unknown error: web view not found
  (Session info: chrome=72.0.3626.119)
  (Driver info: chromedriver=2.41.578737 (49da6702b16031c40d63e5618de03a32ff6c197e),platform=Windows NT 10.0.17763 x86_64) (WARNING: The server did not provide any stacktrace information)
Command duration or timeout: 0 milliseconds
Build info: version: '3.14.0', revision: 'aacccce0', time: '2018-08-02T20:19:58.91Z'
System info: host: 'NIS-PC053', ip: '192.168.1.53', os.name: 'Windows 10', os.arch: 'amd64', os.version: '10.0', java.version: '1.8.0_92'
Driver info: org.openqa.selenium.chrome.ChromeDriver
Capabilities {acceptInsecureCerts: false, acceptSslCerts: false, applicationCacheEnabled: false, browserConnectionEnabled: false, browserName: chrome, chrome: {chromedriverVersion: 2.41.578737 (49da6702b16031..., userDataDir: C:\Users\NICHIU~1\AppData\L...}, cssSelectorsEnabled: true, databaseEnabled: false, goog:chromeOptions: {debuggerAddress: localhost:64156}, handlesAlerts: true, hasTouchScreen: false, javascriptEnabled: true, locationContextEnabled: true, mobileEmulationEnabled: false, nativeEvents: true, networkConnectionEnabled: false, pageLoadStrategy: normal, platform: XP, platformName: XP, rotatable: false, setWindowRect: true, takesHeapSnapshot: true, takesScreenshot: true, unexpectedAlertBehaviour: , unhandledPromptBehavior: , version: 72.0.3626.119, webStorageEnabled: true}
Session ID: 6675f0155617f85397452c81af1a18ac
	at org.openqa.selenium.remote.ErrorHandler.createThrowable(ErrorHandler.java:214)
	at org.openqa.selenium.remote.ErrorHandler.throwIfResponseFailed(ErrorHandler.java:166)
	at org.openqa.selenium.remote.http.JsonHttpResponseCodec.reconstructValue(JsonHttpResponseCodec.java:40)
	at org.openqa.selenium.remote.http.AbstractHttpResponseCodec.decode(AbstractHttpResponseCodec.java:80)
	at org.openqa.selenium.remote.http.AbstractHttpResponseCodec.decode(AbstractHttpResponseCodec.java:44)
	at org.openqa.selenium.remote.HttpCommandExecutor.execute(HttpCommandExecutor.java:158)
	at org.openqa.selenium.remote.service.DriverCommandExecutor.execute(DriverCommandExecutor.java:83)
	at org.openqa.selenium.remote.RemoteWebDriver.execute(RemoteWebDriver.java:548)
	at org.openqa.selenium.remote.RemoteWebDriver.execute(RemoteWebDriver.java:605)
	at org.openqa.selenium.remote.RemoteWebDriver$RemoteNavigation.refresh(RemoteWebDriver.java:861)
	at Testcases.LeadTestSuite.thinkTime(LeadTestSuite.java:73)
... Removed 31 stack frames]]>
    </failure>
  </testcase> <!-- @BeforeMethod thinkTime -->
  <testcase name="@BeforeMethod thinkTime" time="0.0" classname="Testcases.LeadTestSuite">
    <skipped/>
  </testcase> <!-- @BeforeMethod thinkTime -->
  <testcase name="@BeforeMethod thinkTime" time="0.0" classname="Testcases.LeadTestSuite">
    <skipped/>
  </testcase> <!-- @BeforeMethod thinkTime -->
  <testcase name="@BeforeMethod thinkTime" time="0.0" classname="Testcases.LeadTestSuite">
    <skipped/>
  </testcase> <!-- @BeforeMethod thinkTime -->
  <testcase name="@BeforeMethod thinkTime" time="0.0" classname="Testcases.LeadTestSuite">
    <skipped/>
  </testcase> <!-- @BeforeMethod thinkTime -->
  <testcase name="@BeforeMethod thinkTime" time="0.0" classname="Testcases.LeadTestSuite">
    <skipped/>
  </testcase> <!-- @BeforeMethod thinkTime -->
  <testcase name="@BeforeMethod thinkTime" time="0.0" classname="Testcases.LeadTestSuite">
    <skipped/>
  </testcase> <!-- @BeforeMethod thinkTime -->
  <testcase name="@BeforeMethod thinkTime" time="0.0" classname="Testcases.LeadTestSuite">
    <skipped/>
  </testcase> <!-- @BeforeMethod thinkTime -->
  <testcase name="@BeforeMethod thinkTime" time="0.0" classname="Testcases.LeadTestSuite">
    <skipped/>
  </testcase> <!-- @BeforeMethod thinkTime -->
  <testcase name="@BeforeMethod thinkTime" time="0.0" classname="Testcases.LeadTestSuite">
    <skipped/>
  </testcase> <!-- @BeforeMethod thinkTime -->
  <testcase name="@BeforeMethod thinkTime" time="0.0" classname="Testcases.LeadTestSuite">
    <skipped/>
  </testcase> <!-- @BeforeMethod thinkTime -->
  <testcase name="@BeforeMethod thinkTime" time="0.0" classname="Testcases.LeadTestSuite">
    <skipped/>
  </testcase> <!-- @BeforeMethod thinkTime -->
  <testcase name="@BeforeMethod thinkTime" time="0.0" classname="Testcases.LeadTestSuite">
    <skipped/>
  </testcase> <!-- @BeforeMethod thinkTime -->
  <testcase name="@BeforeMethod thinkTime" time="0.0" classname="Testcases.LeadTestSuite">
    <skipped/>
  </testcase> <!-- @BeforeMethod thinkTime -->
  <testcase name="@BeforeMethod thinkTime" time="0.0" classname="Testcases.LeadTestSuite">
    <skipped/>
  </testcase> <!-- @BeforeMethod thinkTime -->
  <testcase name="@BeforeMethod thinkTime" time="0.0" classname="Testcases.LeadTestSuite">
    <skipped/>
  </testcase> <!-- @BeforeMethod thinkTime -->
  <testcase name="@BeforeMethod thinkTime" time="0.0" classname="Testcases.LeadTestSuite">
    <skipped/>
  </testcase> <!-- @BeforeMethod thinkTime -->
  <testcase name="@BeforeMethod thinkTime" time="0.0" classname="Testcases.LeadTestSuite">
    <skipped/>
  </testcase> <!-- @BeforeMethod thinkTime -->
  <testcase name="@BeforeMethod thinkTime" time="0.0" classname="Testcases.LeadTestSuite">
    <skipped/>
  </testcase> <!-- @BeforeMethod thinkTime -->
  <testcase name="@BeforeMethod thinkTime" time="0.0" classname="Testcases.LeadTestSuite">
    <skipped/>
  </testcase> <!-- @BeforeMethod thinkTime -->
  <testcase name="@BeforeMethod thinkTime" time="0.0" classname="Testcases.LeadTestSuite">
    <skipped/>
  </testcase> <!-- @BeforeMethod thinkTime -->
  <testcase name="@BeforeMethod thinkTime" time="0.0" classname="Testcases.LeadTestSuite">
    <skipped/>
  </testcase> <!-- @BeforeMethod thinkTime -->
  <testcase name="@BeforeMethod thinkTime" time="0.0" classname="Testcases.LeadTestSuite">
    <skipped/>
  </testcase> <!-- @BeforeMethod thinkTime -->
  <testcase name="@BeforeMethod thinkTime" time="0.0" classname="Testcases.LeadTestSuite">
    <skipped/>
  </testcase> <!-- @BeforeMethod thinkTime -->
  <testcase name="@BeforeMethod thinkTime" time="0.0" classname="Testcases.LeadTestSuite">
    <skipped/>
  </testcase> <!-- @BeforeMethod thinkTime -->
  <testcase name="@BeforeMethod thinkTime" time="0.0" classname="Testcases.LeadTestSuite">
    <skipped/>
  </testcase> <!-- @BeforeMethod thinkTime -->
  <testcase name="@BeforeMethod thinkTime" time="0.0" classname="Testcases.LeadTestSuite">
    <skipped/>
  </testcase> <!-- @BeforeMethod thinkTime -->
  <testcase name="@BeforeMethod thinkTime" time="0.0" classname="Testcases.LeadTestSuite">
    <skipped/>
  </testcase> <!-- @BeforeMethod thinkTime -->
  <testcase name="@BeforeMethod thinkTime" time="0.0" classname="Testcases.LeadTestSuite">
    <skipped/>
  </testcase> <!-- @BeforeMethod thinkTime -->
  <testcase name="@BeforeMethod thinkTime" time="0.0" classname="Testcases.LeadTestSuite">
    <skipped/>
  </testcase> <!-- @BeforeMethod thinkTime -->
  <testcase name="@BeforeMethod thinkTime" time="0.0" classname="Testcases.LeadTestSuite">
    <skipped/>
  </testcase> <!-- @BeforeMethod thinkTime -->
  <testcase name="@BeforeMethod thinkTime" time="0.0" classname="Testcases.LeadTestSuite">
    <skipped/>
  </testcase> <!-- @BeforeMethod thinkTime -->
  <testcase name="@BeforeMethod thinkTime" time="0.0" classname="Testcases.LeadTestSuite">
    <skipped/>
  </testcase> <!-- @BeforeMethod thinkTime -->
  <testcase name="@BeforeMethod thinkTime" time="0.0" classname="Testcases.LeadTestSuite">
    <skipped/>
  </testcase> <!-- @BeforeMethod thinkTime -->
  <testcase name="@BeforeMethod thinkTime" time="0.0" classname="Testcases.LeadTestSuite">
    <skipped/>
  </testcase> <!-- @BeforeMethod thinkTime -->
  <testcase name="@BeforeMethod thinkTime" time="0.0" classname="Testcases.LeadTestSuite">
    <skipped/>
  </testcase> <!-- @BeforeMethod thinkTime -->
  <testcase name="@BeforeMethod thinkTime" time="0.0" classname="Testcases.LeadTestSuite">
    <skipped/>
  </testcase> <!-- @BeforeMethod thinkTime -->
  <testcase name="@BeforeMethod thinkTime" time="0.0" classname="Testcases.LeadTestSuite">
    <skipped/>
  </testcase> <!-- @BeforeMethod thinkTime -->
  <testcase name="@BeforeMethod thinkTime" time="0.0" classname="Testcases.LeadTestSuite">
    <skipped/>
  </testcase> <!-- @BeforeMethod thinkTime -->
  <testcase name="@BeforeMethod thinkTime" time="0.0" classname="Testcases.LeadTestSuite">
    <skipped/>
  </testcase> <!-- @BeforeMethod thinkTime -->
  <testcase name="@BeforeMethod thinkTime" time="0.0" classname="Testcases.LeadTestSuite">
    <skipped/>
  </testcase> <!-- @BeforeMethod thinkTime -->
  <testcase name="@BeforeMethod thinkTime" time="0.0" classname="Testcases.LeadTestSuite">
    <skipped/>
  </testcase> <!-- @BeforeMethod thinkTime -->
  <testcase name="@BeforeMethod thinkTime" time="0.0" classname="Testcases.LeadTestSuite">
    <skipped/>
  </testcase> <!-- @BeforeMethod thinkTime -->
  <testcase name="@BeforeMethod thinkTime" time="0.0" classname="Testcases.LeadTestSuite">
    <skipped/>
  </testcase> <!-- @BeforeMethod thinkTime -->
  <testcase name="@BeforeMethod thinkTime" time="0.0" classname="Testcases.LeadTestSuite">
    <skipped/>
  </testcase> <!-- @BeforeMethod thinkTime -->
  <testcase name="@BeforeMethod thinkTime" time="0.0" classname="Testcases.LeadTestSuite">
    <skipped/>
  </testcase> <!-- @BeforeMethod thinkTime -->
  <testcase name="@BeforeMethod thinkTime" time="0.0" classname="Testcases.LeadTestSuite">
    <skipped/>
  </testcase> <!-- @BeforeMethod thinkTime -->
  <testcase name="@BeforeMethod thinkTime" time="0.0" classname="Testcases.LeadTestSuite">
    <skipped/>
  </testcase> <!-- @BeforeMethod thinkTime -->
  <testcase name="@BeforeMethod thinkTime" time="0.0" classname="Testcases.LeadTestSuite">
    <skipped/>
  </testcase> <!-- @BeforeMethod thinkTime -->
  <testcase name="@BeforeMethod thinkTime" time="0.0" classname="Testcases.LeadTestSuite">
    <skipped/>
  </testcase> <!-- @BeforeMethod thinkTime -->
  <testcase name="@BeforeMethod thinkTime" time="0.0" classname="Testcases.LeadTestSuite">
    <skipped/>
  </testcase> <!-- @BeforeMethod thinkTime -->
  <testcase name="@BeforeMethod thinkTime" time="0.0" classname="Testcases.LeadTestSuite">
    <skipped/>
  </testcase> <!-- @BeforeMethod thinkTime -->
  <testcase name="@BeforeMethod thinkTime" time="0.0" classname="Testcases.LeadTestSuite">
    <skipped/>
  </testcase> <!-- @BeforeMethod thinkTime -->
  <testcase name="@BeforeMethod thinkTime" time="0.0" classname="Testcases.LeadTestSuite">
    <skipped/>
  </testcase> <!-- @BeforeMethod thinkTime -->
  <testcase name="@BeforeMethod thinkTime" time="0.0" classname="Testcases.LeadTestSuite">
    <skipped/>
  </testcase> <!-- @BeforeMethod thinkTime -->
  <testcase name="@BeforeMethod thinkTime" time="0.0" classname="Testcases.LeadTestSuite">
    <skipped/>
  </testcase> <!-- @BeforeMethod thinkTime -->
  <testcase name="@BeforeMethod thinkTime" time="0.0" classname="Testcases.LeadTestSuite">
    <skipped/>
  </testcase> <!-- @BeforeMethod thinkTime -->
  <testcase name="@BeforeMethod thinkTime" time="0.0" classname="Testcases.LeadTestSuite">
    <skipped/>
  </testcase> <!-- @BeforeMethod thinkTime -->
  <testcase name="@BeforeMethod thinkTime" time="0.0" classname="Testcases.LeadTestSuite">
    <skipped/>
  </testcase> <!-- @BeforeMethod thinkTime -->
  <testcase name="@BeforeMethod thinkTime" time="0.0" classname="Testcases.LeadTestSuite">
    <skipped/>
  </testcase> <!-- @BeforeMethod thinkTime -->
  <testcase name="@BeforeMethod thinkTime" time="0.0" classname="Testcases.LeadTestSuite">
    <skipped/>
  </testcase> <!-- @BeforeMethod thinkTime -->
  <testcase name="@BeforeMethod thinkTime" time="0.0" classname="Testcases.LeadTestSuite">
    <skipped/>
  </testcase> <!-- @BeforeMethod thinkTime -->
  <testcase name="@BeforeMethod thinkTime" time="0.0" classname="Testcases.LeadTestSuite">
    <skipped/>
  </testcase> <!-- @BeforeMethod thinkTime -->
  <testcase name="@BeforeMethod thinkTime" time="0.0" classname="Testcases.LeadTestSuite">
    <skipped/>
  </testcase> <!-- @BeforeMethod thinkTime -->
  <testcase name="@BeforeMethod thinkTime" time="0.0" classname="Testcases.LeadTestSuite">
    <skipped/>
  </testcase> <!-- @BeforeMethod thinkTime -->
  <testcase name="@BeforeMethod thinkTime" time="0.0" classname="Testcases.LeadTestSuite">
    <skipped/>
  </testcase> <!-- @BeforeMethod thinkTime -->
  <testcase name="@BeforeMethod thinkTime" time="0.0" classname="Testcases.LeadTestSuite">
    <skipped/>
  </testcase> <!-- @BeforeMethod thinkTime -->
  <testcase name="@BeforeMethod thinkTime" time="0.0" classname="Testcases.LeadTestSuite">
    <skipped/>
  </testcase> <!-- @BeforeMethod thinkTime -->
  <testcase name="@BeforeMethod thinkTime" time="0.0" classname="Testcases.LeadTestSuite">
    <skipped/>
  </testcase> <!-- @BeforeMethod thinkTime -->
  <testcase name="@BeforeMethod thinkTime" time="0.0" classname="Testcases.LeadTestSuite">
    <skipped/>
  </testcase> <!-- @BeforeMethod thinkTime -->
  <testcase name="@BeforeMethod thinkTime" time="0.0" classname="Testcases.LeadTestSuite">
    <skipped/>
  </testcase> <!-- @BeforeMethod thinkTime -->
  <testcase name="@BeforeMethod thinkTime" time="0.0" classname="Testcases.LeadTestSuite">
    <skipped/>
  </testcase> <!-- @BeforeMethod thinkTime -->
  <testcase name="@BeforeMethod thinkTime" time="0.0" classname="Testcases.LeadTestSuite">
    <skipped/>
  </testcase> <!-- @BeforeMethod thinkTime -->
  <testcase name="@BeforeMethod thinkTime" time="0.0" classname="Testcases.LeadTestSuite">
    <skipped/>
  </testcase> <!-- @BeforeMethod thinkTime -->
  <testcase name="@BeforeMethod thinkTime" time="0.0" classname="Testcases.LeadTestSuite">
    <skipped/>
  </testcase> <!-- @BeforeMethod thinkTime -->
  <testcase name="@BeforeMethod thinkTime" time="0.0" classname="Testcases.LeadTestSuite">
    <skipped/>
  </testcase> <!-- @BeforeMethod thinkTime -->
  <testcase name="@BeforeMethod thinkTime" time="0.0" classname="Testcases.LeadTestSuite">
    <skipped/>
  </testcase> <!-- @BeforeMethod thinkTime -->
  <testcase name="@BeforeMethod thinkTime" time="0.0" classname="Testcases.LeadTestSuite">
    <skipped/>
  </testcase> <!-- @BeforeMethod thinkTime -->
  <testcase name="@BeforeMethod thinkTime" time="0.0" classname="Testcases.LeadTestSuite">
    <skipped/>
  </testcase> <!-- @BeforeMethod thinkTime -->
  <testcase name="@BeforeMethod thinkTime" time="0.0" classname="Testcases.LeadTestSuite">
    <skipped/>
  </testcase> <!-- @BeforeMethod thinkTime -->
  <testcase name="@BeforeMethod thinkTime" time="0.0" classname="Testcases.LeadTestSuite">
    <skipped/>
  </testcase> <!-- @BeforeMethod thinkTime -->
  <testcase name="@BeforeMethod thinkTime" time="0.0" classname="Testcases.LeadTestSuite">
    <skipped/>
  </testcase> <!-- @BeforeMethod thinkTime -->
  <testcase name="@BeforeMethod thinkTime" time="0.0" classname="Testcases.LeadTestSuite">
    <skipped/>
  </testcase> <!-- @BeforeMethod thinkTime -->
  <testcase name="@BeforeMethod thinkTime" time="0.0" classname="Testcases.LeadTestSuite">
    <skipped/>
  </testcase> <!-- @BeforeMethod thinkTime -->
  <testcase name="@BeforeMethod thinkTime" time="0.0" classname="Testcases.LeadTestSuite">
    <skipped/>
  </testcase> <!-- @BeforeMethod thinkTime -->
  <testcase name="@BeforeMethod thinkTime" time="0.0" classname="Testcases.LeadTestSuite">
    <skipped/>
  </testcase> <!-- @BeforeMethod thinkTime -->
  <testcase name="@BeforeMethod thinkTime" time="0.0" classname="Testcases.LeadTestSuite">
    <skipped/>
  </testcase> <!-- @BeforeMethod thinkTime -->
  <testcase name="@BeforeMethod thinkTime" time="0.0" classname="Testcases.LeadTestSuite">
    <skipped/>
  </testcase> <!-- @BeforeMethod thinkTime -->
  <testcase name="@BeforeMethod thinkTime" time="0.0" classname="Testcases.LeadTestSuite">
    <skipped/>
  </testcase> <!-- @BeforeMethod thinkTime -->
  <testcase name="@BeforeMethod thinkTime" time="0.0" classname="Testcases.LeadTestSuite">
    <skipped/>
  </testcase> <!-- @BeforeMethod thinkTime -->
  <testcase name="@BeforeMethod thinkTime" time="0.0" classname="Testcases.LeadTestSuite">
    <skipped/>
  </testcase> <!-- @BeforeMethod thinkTime -->
  <testcase name="@BeforeMethod thinkTime" time="0.0" classname="Testcases.LeadTestSuite">
    <skipped/>
  </testcase> <!-- @BeforeMethod thinkTime -->
  <testcase name="@BeforeMethod thinkTime" time="0.0" classname="Testcases.LeadTestSuite">
    <skipped/>
  </testcase> <!-- @BeforeMethod thinkTime -->
  <testcase name="@BeforeMethod thinkTime" time="0.0" classname="Testcases.LeadTestSuite">
    <skipped/>
  </testcase> <!-- @BeforeMethod thinkTime -->
  <testcase name="@BeforeMethod thinkTime" time="0.0" classname="Testcases.LeadTestSuite">
    <skipped/>
  </testcase> <!-- @BeforeMethod thinkTime -->
  <testcase name="@BeforeMethod thinkTime" time="0.0" classname="Testcases.LeadTestSuite">
    <skipped/>
  </testcase> <!-- @BeforeMethod thinkTime -->
  <testcase name="@BeforeMethod thinkTime" time="0.0" classname="Testcases.LeadTestSuite">
    <skipped/>
  </testcase> <!-- @BeforeMethod thinkTime -->
  <testcase name="@BeforeMethod thinkTime" time="0.0" classname="Testcases.LeadTestSuite">
    <skipped/>
  </testcase> <!-- @BeforeMethod thinkTime -->
  <testcase name="@BeforeMethod thinkTime" time="0.0" classname="Testcases.LeadTestSuite">
    <skipped/>
  </testcase> <!-- @BeforeMethod thinkTime -->
  <testcase name="@BeforeMethod thinkTime" time="0.0" classname="Testcases.LeadTestSuite">
    <skipped/>
  </testcase> <!-- @BeforeMethod thinkTime -->
  <testcase name="@BeforeMethod thinkTime" time="0.0" classname="Testcases.LeadTestSuite">
    <skipped/>
  </testcase> <!-- @BeforeMethod thinkTime -->
  <testcase name="@BeforeMethod thinkTime" time="0.0" classname="Testcases.LeadTestSuite">
    <skipped/>
  </testcase> <!-- @BeforeMethod thinkTime -->
  <testcase name="@BeforeMethod thinkTime" time="0.0" classname="Testcases.LeadTestSuite">
    <skipped/>
  </testcase> <!-- @BeforeMethod thinkTime -->
  <testcase name="@BeforeMethod thinkTime" time="0.0" classname="Testcases.LeadTestSuite">
    <skipped/>
  </testcase> <!-- @BeforeMethod thinkTime -->
  <testcase name="@BeforeMethod thinkTime" time="0.0" classname="Testcases.LeadTestSuite">
    <skipped/>
  </testcase> <!-- @BeforeMethod thinkTime -->
  <testcase name="@BeforeMethod thinkTime" time="0.0" classname="Testcases.LeadTestSuite">
    <skipped/>
  </testcase> <!-- @BeforeMethod thinkTime -->
  <testcase name="@BeforeMethod thinkTime" time="0.0" classname="Testcases.LeadTestSuite">
    <skipped/>
  </testcase> <!-- @BeforeMethod thinkTime -->
  <testcase name="@BeforeMethod thinkTime" time="0.0" classname="Testcases.LeadTestSuite">
    <skipped/>
  </testcase> <!-- @BeforeMethod thinkTime -->
  <testcase name="@BeforeMethod thinkTime" time="0.0" classname="Testcases.LeadTestSuite">
    <skipped/>
  </testcase> <!-- @BeforeMethod thinkTime -->
  <testcase name="@BeforeMethod thinkTime" time="0.0" classname="Testcases.LeadTestSuite">
    <skipped/>
  </testcase> <!-- @BeforeMethod thinkTime -->
  <testcase name="@BeforeMethod thinkTime" time="0.0" classname="Testcases.LeadTestSuite">
    <skipped/>
  </testcase> <!-- @BeforeMethod thinkTime -->
  <testcase name="@BeforeMethod thinkTime" time="0.0" classname="Testcases.LeadTestSuite">
    <skipped/>
  </testcase> <!-- @BeforeMethod thinkTime -->
  <testcase name="@BeforeMethod thinkTime" time="0.0" classname="Testcases.LeadTestSuite">
    <skipped/>
  </testcase> <!-- @BeforeMethod thinkTime -->
  <testcase name="@BeforeMethod thinkTime" time="0.0" classname="Testcases.LeadTestSuite">
    <skipped/>
  </testcase> <!-- @BeforeMethod thinkTime -->
  <testcase name="@BeforeMethod thinkTime" time="0.0" classname="Testcases.LeadTestSuite">
    <skipped/>
  </testcase> <!-- @BeforeMethod thinkTime -->
  <testcase name="@BeforeMethod thinkTime" time="0.0" classname="Testcases.LeadTestSuite">
    <skipped/>
  </testcase> <!-- @BeforeMethod thinkTime -->
  <testcase name="@BeforeMethod thinkTime" time="0.0" classname="Testcases.LeadTestSuite">
    <skipped/>
  </testcase> <!-- @BeforeMethod thinkTime -->
  <testcase name="@BeforeMethod thinkTime" time="0.0" classname="Testcases.LeadTestSuite">
    <skipped/>
  </testcase> <!-- @BeforeMethod thinkTime -->
  <testcase name="@BeforeMethod thinkTime" time="0.0" classname="Testcases.LeadTestSuite">
    <skipped/>
  </testcase> <!-- @BeforeMethod thinkTime -->
  <testcase name="test" time="18.213" classname="Testcases.ProfileTest"/>
  <testcase name="read" time="4.494" classname="Testcases.ProfileTest">
    <failure type="org.openqa.selenium.NoSuchWindowException" message="no such window: target window already closed
from unknown error: web view not found
  (Session info: chrome=72.0.3626.119)
  (Driver info: chromedriver=2.41.578737 (49da6702b16031c40d63e5618de03a32ff6c197e),platform=Windows NT 10.0.17763 x86_64) (WARNING: The server did not provide any stacktrace information)
Command duration or timeout: 0 milliseconds
Build info: version: &amp;apos;3.14.0&amp;apos;, revision: &amp;apos;aacccce0&amp;apos;, time: &amp;apos;2018-08-02T20:19:58.91Z&amp;apos;
System info: host: &amp;apos;NIS-PC053&amp;apos;, ip: &amp;apos;192.168.1.53&amp;apos;, os.name: &amp;apos;Windows 10&amp;apos;, os.arch: &amp;apos;amd64&amp;apos;, os.version: &amp;apos;10.0&amp;apos;, java.version: &amp;apos;1.8.0_92&amp;apos;
Driver info: org.openqa.selenium.chrome.ChromeDriver
Capabilities {acceptInsecureCerts: false, acceptSslCerts: false, applicationCacheEnabled: false, browserConnectionEnabled: false, browserName: chrome, chrome: {chromedriverVersion: 2.41.578737 (49da6702b16031..., userDataDir: C:\Users\NICHIU~1\AppData\L...}, cssSelectorsEnabled: true, databaseEnabled: false, goog:chromeOptions: {debuggerAddress: localhost:64156}, handlesAlerts: true, hasTouchScreen: false, javascriptEnabled: true, locationContextEnabled: true, mobileEmulationEnabled: false, nativeEvents: true, networkConnectionEnabled: false, pageLoadStrategy: normal, platform: XP, platformName: XP, rotatable: false, setWindowRect: true, takesHeapSnapshot: true, takesScreenshot: true, unexpectedAlertBehaviour: , unhandledPromptBehavior: , version: 72.0.3626.119, webStorageEnabled: true}
Session ID: 6675f0155617f85397452c81af1a18ac
*** Element info: {Using=xpath, value=(//div[@class=&amp;apos;row&amp;apos;])[3]/following-sibling::div}">
      <![CDATA[org.openqa.selenium.NoSuchWindowException: no such window: target window already closed
from unknown error: web view not found
  (Session info: chrome=72.0.3626.119)
  (Driver info: chromedriver=2.41.578737 (49da6702b16031c40d63e5618de03a32ff6c197e),platform=Windows NT 10.0.17763 x86_64) (WARNING: The server did not provide any stacktrace information)
Command duration or timeout: 0 milliseconds
Build info: version: '3.14.0', revision: 'aacccce0', time: '2018-08-02T20:19:58.91Z'
System info: host: 'NIS-PC053', ip: '192.168.1.53', os.name: 'Windows 10', os.arch: 'amd64', os.version: '10.0', java.version: '1.8.0_92'
Driver info: org.openqa.selenium.chrome.ChromeDriver
Capabilities {acceptInsecureCerts: false, acceptSslCerts: false, applicationCacheEnabled: false, browserConnectionEnabled: false, browserName: chrome, chrome: {chromedriverVersion: 2.41.578737 (49da6702b16031..., userDataDir: C:\Users\NICHIU~1\AppData\L...}, cssSelectorsEnabled: true, databaseEnabled: false, goog:chromeOptions: {debuggerAddress: localhost:64156}, handlesAlerts: true, hasTouchScreen: false, javascriptEnabled: true, locationContextEnabled: true, mobileEmulationEnabled: false, nativeEvents: true, networkConnectionEnabled: false, pageLoadStrategy: normal, platform: XP, platformName: XP, rotatable: false, setWindowRect: true, takesHeapSnapshot: true, takesScreenshot: true, unexpectedAlertBehaviour: , unhandledPromptBehavior: , version: 72.0.3626.119, webStorageEnabled: true}
Session ID: 6675f0155617f85397452c81af1a18ac
*** Element info: {Using=xpath, value=(//div[@class='row'])[3]/following-sibling::div}
	at org.openqa.selenium.remote.ErrorHandler.createThrowable(ErrorHandler.java:214)
	at org.openqa.selenium.remote.ErrorHandler.throwIfResponseFailed(ErrorHandler.java:166)
	at org.openqa.selenium.remote.http.JsonHttpResponseCodec.reconstructValue(JsonHttpResponseCodec.java:40)
	at org.openqa.selenium.remote.http.AbstractHttpResponseCodec.decode(AbstractHttpResponseCodec.java:80)
	at org.openqa.selenium.remote.http.AbstractHttpResponseCodec.decode(AbstractHttpResponseCodec.java:44)
	at org.openqa.selenium.remote.HttpCommandExecutor.execute(HttpCommandExecutor.java:158)
	at org.openqa.selenium.remote.service.DriverCommandExecutor.execute(DriverCommandExecutor.java:83)
	at org.openqa.selenium.remote.RemoteWebDriver.execute(RemoteWebDriver.java:548)
	at org.openqa.selenium.remote.RemoteWebDriver.findElements(RemoteWebDriver.java:349)
	at org.openqa.selenium.remote.RemoteWebDriver.findElementsByXPath(RemoteWebDriver.java:428)
	at org.openqa.selenium.By$ByXPath.findElements(By.java:348)
	at org.openqa.selenium.remote.RemoteWebDriver.findElements(RemoteWebDriver.java:310)
	at Pages.Profile.setPermission(Profile.java:59)
	at Testcases.ProfileTest.read(ProfileTest.java:63)
... Removed 29 stack frames]]>
    </failure>
  </testcase> <!-- read -->
  <testcase name="edit" time="0.008" classname="Testcases.ProfileTest">
    <failure type="org.openqa.selenium.NoSuchWindowException" message="no such window: target window already closed
from unknown error: web view not found
  (Session info: chrome=72.0.3626.119)
  (Driver info: chromedriver=2.41.578737 (49da6702b16031c40d63e5618de03a32ff6c197e),platform=Windows NT 10.0.17763 x86_64) (WARNING: The server did not provide any stacktrace information)
Command duration or timeout: 0 milliseconds
Build info: version: &amp;apos;3.14.0&amp;apos;, revision: &amp;apos;aacccce0&amp;apos;, time: &amp;apos;2018-08-02T20:19:58.91Z&amp;apos;
System info: host: &amp;apos;NIS-PC053&amp;apos;, ip: &amp;apos;192.168.1.53&amp;apos;, os.name: &amp;apos;Windows 10&amp;apos;, os.arch: &amp;apos;amd64&amp;apos;, os.version: &amp;apos;10.0&amp;apos;, java.version: &amp;apos;1.8.0_92&amp;apos;
Driver info: org.openqa.selenium.chrome.ChromeDriver
Capabilities {acceptInsecureCerts: false, acceptSslCerts: false, applicationCacheEnabled: false, browserConnectionEnabled: false, browserName: chrome, chrome: {chromedriverVersion: 2.41.578737 (49da6702b16031..., userDataDir: C:\Users\NICHIU~1\AppData\L...}, cssSelectorsEnabled: true, databaseEnabled: false, goog:chromeOptions: {debuggerAddress: localhost:64156}, handlesAlerts: true, hasTouchScreen: false, javascriptEnabled: true, locationContextEnabled: true, mobileEmulationEnabled: false, nativeEvents: true, networkConnectionEnabled: false, pageLoadStrategy: normal, platform: XP, platformName: XP, rotatable: false, setWindowRect: true, takesHeapSnapshot: true, takesScreenshot: true, unexpectedAlertBehaviour: , unhandledPromptBehavior: , version: 72.0.3626.119, webStorageEnabled: true}
Session ID: 6675f0155617f85397452c81af1a18ac
*** Element info: {Using=xpath, value=(//div[@class=&amp;apos;row&amp;apos;])[3]}">
      <![CDATA[org.openqa.selenium.NoSuchWindowException: no such window: target window already closed
from unknown error: web view not found
  (Session info: chrome=72.0.3626.119)
  (Driver info: chromedriver=2.41.578737 (49da6702b16031c40d63e5618de03a32ff6c197e),platform=Windows NT 10.0.17763 x86_64) (WARNING: The server did not provide any stacktrace information)
Command duration or timeout: 0 milliseconds
Build info: version: '3.14.0', revision: 'aacccce0', time: '2018-08-02T20:19:58.91Z'
System info: host: 'NIS-PC053', ip: '192.168.1.53', os.name: 'Windows 10', os.arch: 'amd64', os.version: '10.0', java.version: '1.8.0_92'
Driver info: org.openqa.selenium.chrome.ChromeDriver
Capabilities {acceptInsecureCerts: false, acceptSslCerts: false, applicationCacheEnabled: false, browserConnectionEnabled: false, browserName: chrome, chrome: {chromedriverVersion: 2.41.578737 (49da6702b16031..., userDataDir: C:\Users\NICHIU~1\AppData\L...}, cssSelectorsEnabled: true, databaseEnabled: false, goog:chromeOptions: {debuggerAddress: localhost:64156}, handlesAlerts: true, hasTouchScreen: false, javascriptEnabled: true, locationContextEnabled: true, mobileEmulationEnabled: false, nativeEvents: true, networkConnectionEnabled: false, pageLoadStrategy: normal, platform: XP, platformName: XP, rotatable: false, setWindowRect: true, takesHeapSnapshot: true, takesScreenshot: true, unexpectedAlertBehaviour: , unhandledPromptBehavior: , version: 72.0.3626.119, webStorageEnabled: true}
Session ID: 6675f0155617f85397452c81af1a18ac
*** Element info: {Using=xpath, value=(//div[@class='row'])[3]}
	at org.openqa.selenium.remote.ErrorHandler.createThrowable(ErrorHandler.java:214)
	at org.openqa.selenium.remote.ErrorHandler.throwIfResponseFailed(ErrorHandler.java:166)
	at org.openqa.selenium.remote.http.JsonHttpResponseCodec.reconstructValue(JsonHttpResponseCodec.java:40)
	at org.openqa.selenium.remote.http.AbstractHttpResponseCodec.decode(AbstractHttpResponseCodec.java:80)
	at org.openqa.selenium.remote.http.AbstractHttpResponseCodec.decode(AbstractHttpResponseCodec.java:44)
	at org.openqa.selenium.remote.HttpCommandExecutor.execute(HttpCommandExecutor.java:158)
	at org.openqa.selenium.remote.service.DriverCommandExecutor.execute(DriverCommandExecutor.java:83)
	at org.openqa.selenium.remote.RemoteWebDriver.execute(RemoteWebDriver.java:548)
	at org.openqa.selenium.remote.RemoteWebDriver.findElement(RemoteWebDriver.java:322)
	at org.openqa.selenium.remote.RemoteWebDriver.findElementByXPath(RemoteWebDriver.java:424)
	at org.openqa.selenium.By$ByXPath.findElement(By.java:353)
	at org.openqa.selenium.remote.RemoteWebDriver.findElement(RemoteWebDriver.java:314)
	at Pages.Profile.setPermission(Profile.java:44)
	at Testcases.ProfileTest.edit(ProfileTest.java:78)
... Removed 29 stack frames]]>
    </failure>
  </testcase> <!-- edit -->
  <testcase name="create" time="0.008" classname="Testcases.ProfileTest">
    <failure type="org.openqa.selenium.NoSuchWindowException" message="no such window: target window already closed
from unknown error: web view not found
  (Session info: chrome=72.0.3626.119)
  (Driver info: chromedriver=2.41.578737 (49da6702b16031c40d63e5618de03a32ff6c197e),platform=Windows NT 10.0.17763 x86_64) (WARNING: The server did not provide any stacktrace information)
Command duration or timeout: 0 milliseconds
Build info: version: &amp;apos;3.14.0&amp;apos;, revision: &amp;apos;aacccce0&amp;apos;, time: &amp;apos;2018-08-02T20:19:58.91Z&amp;apos;
System info: host: &amp;apos;NIS-PC053&amp;apos;, ip: &amp;apos;192.168.1.53&amp;apos;, os.name: &amp;apos;Windows 10&amp;apos;, os.arch: &amp;apos;amd64&amp;apos;, os.version: &amp;apos;10.0&amp;apos;, java.version: &amp;apos;1.8.0_92&amp;apos;
Driver info: org.openqa.selenium.chrome.ChromeDriver
Capabilities {acceptInsecureCerts: false, acceptSslCerts: false, applicationCacheEnabled: false, browserConnectionEnabled: false, browserName: chrome, chrome: {chromedriverVersion: 2.41.578737 (49da6702b16031..., userDataDir: C:\Users\NICHIU~1\AppData\L...}, cssSelectorsEnabled: true, databaseEnabled: false, goog:chromeOptions: {debuggerAddress: localhost:64156}, handlesAlerts: true, hasTouchScreen: false, javascriptEnabled: true, locationContextEnabled: true, mobileEmulationEnabled: false, nativeEvents: true, networkConnectionEnabled: false, pageLoadStrategy: normal, platform: XP, platformName: XP, rotatable: false, setWindowRect: true, takesHeapSnapshot: true, takesScreenshot: true, unexpectedAlertBehaviour: , unhandledPromptBehavior: , version: 72.0.3626.119, webStorageEnabled: true}
Session ID: 6675f0155617f85397452c81af1a18ac
*** Element info: {Using=xpath, value=(//div[@class=&amp;apos;row&amp;apos;])[3]}">
      <![CDATA[org.openqa.selenium.NoSuchWindowException: no such window: target window already closed
from unknown error: web view not found
  (Session info: chrome=72.0.3626.119)
  (Driver info: chromedriver=2.41.578737 (49da6702b16031c40d63e5618de03a32ff6c197e),platform=Windows NT 10.0.17763 x86_64) (WARNING: The server did not provide any stacktrace information)
Command duration or timeout: 0 milliseconds
Build info: version: '3.14.0', revision: 'aacccce0', time: '2018-08-02T20:19:58.91Z'
System info: host: 'NIS-PC053', ip: '192.168.1.53', os.name: 'Windows 10', os.arch: 'amd64', os.version: '10.0', java.version: '1.8.0_92'
Driver info: org.openqa.selenium.chrome.ChromeDriver
Capabilities {acceptInsecureCerts: false, acceptSslCerts: false, applicationCacheEnabled: false, browserConnectionEnabled: false, browserName: chrome, chrome: {chromedriverVersion: 2.41.578737 (49da6702b16031..., userDataDir: C:\Users\NICHIU~1\AppData\L...}, cssSelectorsEnabled: true, databaseEnabled: false, goog:chromeOptions: {debuggerAddress: localhost:64156}, handlesAlerts: true, hasTouchScreen: false, javascriptEnabled: true, locationContextEnabled: true, mobileEmulationEnabled: false, nativeEvents: true, networkConnectionEnabled: false, pageLoadStrategy: normal, platform: XP, platformName: XP, rotatable: false, setWindowRect: true, takesHeapSnapshot: true, takesScreenshot: true, unexpectedAlertBehaviour: , unhandledPromptBehavior: , version: 72.0.3626.119, webStorageEnabled: true}
Session ID: 6675f0155617f85397452c81af1a18ac
*** Element info: {Using=xpath, value=(//div[@class='row'])[3]}
	at org.openqa.selenium.remote.ErrorHandler.createThrowable(ErrorHandler.java:214)
	at org.openqa.selenium.remote.ErrorHandler.throwIfResponseFailed(ErrorHandler.java:166)
	at org.openqa.selenium.remote.http.JsonHttpResponseCodec.reconstructValue(JsonHttpResponseCodec.java:40)
	at org.openqa.selenium.remote.http.AbstractHttpResponseCodec.decode(AbstractHttpResponseCodec.java:80)
	at org.openqa.selenium.remote.http.AbstractHttpResponseCodec.decode(AbstractHttpResponseCodec.java:44)
	at org.openqa.selenium.remote.HttpCommandExecutor.execute(HttpCommandExecutor.java:158)
	at org.openqa.selenium.remote.service.DriverCommandExecutor.execute(DriverCommandExecutor.java:83)
	at org.openqa.selenium.remote.RemoteWebDriver.execute(RemoteWebDriver.java:548)
	at org.openqa.selenium.remote.RemoteWebDriver.findElement(RemoteWebDriver.java:322)
	at org.openqa.selenium.remote.RemoteWebDriver.findElementByXPath(RemoteWebDriver.java:424)
	at org.openqa.selenium.By$ByXPath.findElement(By.java:353)
	at org.openqa.selenium.remote.RemoteWebDriver.findElement(RemoteWebDriver.java:314)
	at Pages.Profile.setPermission(Profile.java:44)
	at Testcases.ProfileTest.create(ProfileTest.java:98)
... Removed 29 stack frames]]>
    </failure>
  </testcase> <!-- create -->
  <testcase name="delete" time="0.008" classname="Testcases.ProfileTest">
    <failure type="org.openqa.selenium.NoSuchWindowException" message="no such window: target window already closed
from unknown error: web view not found
  (Session info: chrome=72.0.3626.119)
  (Driver info: chromedriver=2.41.578737 (49da6702b16031c40d63e5618de03a32ff6c197e),platform=Windows NT 10.0.17763 x86_64) (WARNING: The server did not provide any stacktrace information)
Command duration or timeout: 0 milliseconds
Build info: version: &amp;apos;3.14.0&amp;apos;, revision: &amp;apos;aacccce0&amp;apos;, time: &amp;apos;2018-08-02T20:19:58.91Z&amp;apos;
System info: host: &amp;apos;NIS-PC053&amp;apos;, ip: &amp;apos;192.168.1.53&amp;apos;, os.name: &amp;apos;Windows 10&amp;apos;, os.arch: &amp;apos;amd64&amp;apos;, os.version: &amp;apos;10.0&amp;apos;, java.version: &amp;apos;1.8.0_92&amp;apos;
Driver info: org.openqa.selenium.chrome.ChromeDriver
Capabilities {acceptInsecureCerts: false, acceptSslCerts: false, applicationCacheEnabled: false, browserConnectionEnabled: false, browserName: chrome, chrome: {chromedriverVersion: 2.41.578737 (49da6702b16031..., userDataDir: C:\Users\NICHIU~1\AppData\L...}, cssSelectorsEnabled: true, databaseEnabled: false, goog:chromeOptions: {debuggerAddress: localhost:64156}, handlesAlerts: true, hasTouchScreen: false, javascriptEnabled: true, locationContextEnabled: true, mobileEmulationEnabled: false, nativeEvents: true, networkConnectionEnabled: false, pageLoadStrategy: normal, platform: XP, platformName: XP, rotatable: false, setWindowRect: true, takesHeapSnapshot: true, takesScreenshot: true, unexpectedAlertBehaviour: , unhandledPromptBehavior: , version: 72.0.3626.119, webStorageEnabled: true}
Session ID: 6675f0155617f85397452c81af1a18ac
*** Element info: {Using=xpath, value=(//div[@class=&amp;apos;row&amp;apos;])[3]}">
      <![CDATA[org.openqa.selenium.NoSuchWindowException: no such window: target window already closed
from unknown error: web view not found
  (Session info: chrome=72.0.3626.119)
  (Driver info: chromedriver=2.41.578737 (49da6702b16031c40d63e5618de03a32ff6c197e),platform=Windows NT 10.0.17763 x86_64) (WARNING: The server did not provide any stacktrace information)
Command duration or timeout: 0 milliseconds
Build info: version: '3.14.0', revision: 'aacccce0', time: '2018-08-02T20:19:58.91Z'
System info: host: 'NIS-PC053', ip: '192.168.1.53', os.name: 'Windows 10', os.arch: 'amd64', os.version: '10.0', java.version: '1.8.0_92'
Driver info: org.openqa.selenium.chrome.ChromeDriver
Capabilities {acceptInsecureCerts: false, acceptSslCerts: false, applicationCacheEnabled: false, browserConnectionEnabled: false, browserName: chrome, chrome: {chromedriverVersion: 2.41.578737 (49da6702b16031..., userDataDir: C:\Users\NICHIU~1\AppData\L...}, cssSelectorsEnabled: true, databaseEnabled: false, goog:chromeOptions: {debuggerAddress: localhost:64156}, handlesAlerts: true, hasTouchScreen: false, javascriptEnabled: true, locationContextEnabled: true, mobileEmulationEnabled: false, nativeEvents: true, networkConnectionEnabled: false, pageLoadStrategy: normal, platform: XP, platformName: XP, rotatable: false, setWindowRect: true, takesHeapSnapshot: true, takesScreenshot: true, unexpectedAlertBehaviour: , unhandledPromptBehavior: , version: 72.0.3626.119, webStorageEnabled: true}
Session ID: 6675f0155617f85397452c81af1a18ac
*** Element info: {Using=xpath, value=(//div[@class='row'])[3]}
	at org.openqa.selenium.remote.ErrorHandler.createThrowable(ErrorHandler.java:214)
	at org.openqa.selenium.remote.ErrorHandler.throwIfResponseFailed(ErrorHandler.java:166)
	at org.openqa.selenium.remote.http.JsonHttpResponseCodec.reconstructValue(JsonHttpResponseCodec.java:40)
	at org.openqa.selenium.remote.http.AbstractHttpResponseCodec.decode(AbstractHttpResponseCodec.java:80)
	at org.openqa.selenium.remote.http.AbstractHttpResponseCodec.decode(AbstractHttpResponseCodec.java:44)
	at org.openqa.selenium.remote.HttpCommandExecutor.execute(HttpCommandExecutor.java:158)
	at org.openqa.selenium.remote.service.DriverCommandExecutor.execute(DriverCommandExecutor.java:83)
	at org.openqa.selenium.remote.RemoteWebDriver.execute(RemoteWebDriver.java:548)
	at org.openqa.selenium.remote.RemoteWebDriver.findElement(RemoteWebDriver.java:322)
	at org.openqa.selenium.remote.RemoteWebDriver.findElementByXPath(RemoteWebDriver.java:424)
	at org.openqa.selenium.By$ByXPath.findElement(By.java:353)
	at org.openqa.selenium.remote.RemoteWebDriver.findElement(RemoteWebDriver.java:314)
	at Pages.Profile.setPermission(Profile.java:44)
	at Testcases.ProfileTest.delete(ProfileTest.java:118)
... Removed 29 stack frames]]>
    </failure>
  </testcase> <!-- delete -->
  <testcase name="deleteAllCheckBox" time="0.007" classname="Testcases.ProfileTest">
    <failure type="org.openqa.selenium.NoSuchWindowException" message="no such window: target window already closed
from unknown error: web view not found
  (Session info: chrome=72.0.3626.119)
  (Driver info: chromedriver=2.41.578737 (49da6702b16031c40d63e5618de03a32ff6c197e),platform=Windows NT 10.0.17763 x86_64) (WARNING: The server did not provide any stacktrace information)
Command duration or timeout: 0 milliseconds
Build info: version: &amp;apos;3.14.0&amp;apos;, revision: &amp;apos;aacccce0&amp;apos;, time: &amp;apos;2018-08-02T20:19:58.91Z&amp;apos;
System info: host: &amp;apos;NIS-PC053&amp;apos;, ip: &amp;apos;192.168.1.53&amp;apos;, os.name: &amp;apos;Windows 10&amp;apos;, os.arch: &amp;apos;amd64&amp;apos;, os.version: &amp;apos;10.0&amp;apos;, java.version: &amp;apos;1.8.0_92&amp;apos;
Driver info: org.openqa.selenium.chrome.ChromeDriver
Capabilities {acceptInsecureCerts: false, acceptSslCerts: false, applicationCacheEnabled: false, browserConnectionEnabled: false, browserName: chrome, chrome: {chromedriverVersion: 2.41.578737 (49da6702b16031..., userDataDir: C:\Users\NICHIU~1\AppData\L...}, cssSelectorsEnabled: true, databaseEnabled: false, goog:chromeOptions: {debuggerAddress: localhost:64156}, handlesAlerts: true, hasTouchScreen: false, javascriptEnabled: true, locationContextEnabled: true, mobileEmulationEnabled: false, nativeEvents: true, networkConnectionEnabled: false, pageLoadStrategy: normal, platform: XP, platformName: XP, rotatable: false, setWindowRect: true, takesHeapSnapshot: true, takesScreenshot: true, unexpectedAlertBehaviour: , unhandledPromptBehavior: , version: 72.0.3626.119, webStorageEnabled: true}
Session ID: 6675f0155617f85397452c81af1a18ac
*** Element info: {Using=xpath, value=(//div[@class=&amp;apos;row&amp;apos;])[3]}">
      <![CDATA[org.openqa.selenium.NoSuchWindowException: no such window: target window already closed
from unknown error: web view not found
  (Session info: chrome=72.0.3626.119)
  (Driver info: chromedriver=2.41.578737 (49da6702b16031c40d63e5618de03a32ff6c197e),platform=Windows NT 10.0.17763 x86_64) (WARNING: The server did not provide any stacktrace information)
Command duration or timeout: 0 milliseconds
Build info: version: '3.14.0', revision: 'aacccce0', time: '2018-08-02T20:19:58.91Z'
System info: host: 'NIS-PC053', ip: '192.168.1.53', os.name: 'Windows 10', os.arch: 'amd64', os.version: '10.0', java.version: '1.8.0_92'
Driver info: org.openqa.selenium.chrome.ChromeDriver
Capabilities {acceptInsecureCerts: false, acceptSslCerts: false, applicationCacheEnabled: false, browserConnectionEnabled: false, browserName: chrome, chrome: {chromedriverVersion: 2.41.578737 (49da6702b16031..., userDataDir: C:\Users\NICHIU~1\AppData\L...}, cssSelectorsEnabled: true, databaseEnabled: false, goog:chromeOptions: {debuggerAddress: localhost:64156}, handlesAlerts: true, hasTouchScreen: false, javascriptEnabled: true, locationContextEnabled: true, mobileEmulationEnabled: false, nativeEvents: true, networkConnectionEnabled: false, pageLoadStrategy: normal, platform: XP, platformName: XP, rotatable: false, setWindowRect: true, takesHeapSnapshot: true, takesScreenshot: true, unexpectedAlertBehaviour: , unhandledPromptBehavior: , version: 72.0.3626.119, webStorageEnabled: true}
Session ID: 6675f0155617f85397452c81af1a18ac
*** Element info: {Using=xpath, value=(//div[@class='row'])[3]}
	at org.openqa.selenium.remote.ErrorHandler.createThrowable(ErrorHandler.java:214)
	at org.openqa.selenium.remote.ErrorHandler.throwIfResponseFailed(ErrorHandler.java:166)
	at org.openqa.selenium.remote.http.JsonHttpResponseCodec.reconstructValue(JsonHttpResponseCodec.java:40)
	at org.openqa.selenium.remote.http.AbstractHttpResponseCodec.decode(AbstractHttpResponseCodec.java:80)
	at org.openqa.selenium.remote.http.AbstractHttpResponseCodec.decode(AbstractHttpResponseCodec.java:44)
	at org.openqa.selenium.remote.HttpCommandExecutor.execute(HttpCommandExecutor.java:158)
	at org.openqa.selenium.remote.service.DriverCommandExecutor.execute(DriverCommandExecutor.java:83)
	at org.openqa.selenium.remote.RemoteWebDriver.execute(RemoteWebDriver.java:548)
	at org.openqa.selenium.remote.RemoteWebDriver.findElement(RemoteWebDriver.java:322)
	at org.openqa.selenium.remote.RemoteWebDriver.findElementByXPath(RemoteWebDriver.java:424)
	at org.openqa.selenium.By$ByXPath.findElement(By.java:353)
	at org.openqa.selenium.remote.RemoteWebDriver.findElement(RemoteWebDriver.java:314)
	at Pages.Profile.setPermission(Profile.java:44)
	at Testcases.ProfileTest.deleteAllCheckBox(ProfileTest.java:142)
... Removed 29 stack frames]]>
    </failure>
  </testcase> <!-- deleteAllCheckBox -->
  <testcase name="addAccounts" time="0.001" classname="Testcases.AccountsTest">
    <skipped/>
  </testcase> <!-- addAccounts -->
  <testcase name="refresh" time="0.002" classname="Testcases.AccountsTest">
    <skipped/>
  </testcase> <!-- refresh -->
  <testcase name="latestContactPosition" time="0.002" classname="Testcases.AccountsTest">
    <skipped/>
  </testcase> <!-- latestContactPosition -->
  <testcase name="saveAndNew" time="0.002" classname="Testcases.AccountsTest">
    <skipped/>
  </testcase> <!-- saveAndNew -->
  <testcase name="verifyAccountsInListngPage" time="0.001" classname="Testcases.AccountsTest">
    <skipped/>
  </testcase> <!-- verifyAccountsInListngPage -->
  <testcase name="verifySearchInAccount" time="0.002" classname="Testcases.AccountsTest">
    <skipped/>
  </testcase> <!-- verifySearchInAccount -->
  <testcase name="createPageView" time="0.002" classname="Testcases.AccountsTest">
    <skipped/>
  </testcase> <!-- createPageView -->
  <testcase name="verifyCreatedPageViewAccounts" time="0.004" classname="Testcases.AccountsTest">
    <skipped/>
  </testcase> <!-- verifyCreatedPageViewAccounts -->
  <testcase name="verifyDefaultViewAccounts" time="0.002" classname="Testcases.AccountsTest">
    <skipped/>
  </testcase> <!-- verifyDefaultViewAccounts -->
  <testcase name="verifyCustomViewInSavedPageViewsAccounts" time="0.002" classname="Testcases.AccountsTest">
    <skipped/>
  </testcase> <!-- verifyCustomViewInSavedPageViewsAccounts -->
  <testcase name="editCustomViewAccounts" time="0.002" classname="Testcases.AccountsTest">
    <skipped/>
  </testcase> <!-- editCustomViewAccounts -->
  <testcase name="pageViewAfterEditAccounts" time="0.001" classname="Testcases.AccountsTest">
    <skipped/>
  </testcase> <!-- pageViewAfterEditAccounts -->
  <testcase name="alreadyExistpageViewNameAccounts" time="0.003" classname="Testcases.AccountsTest">
    <skipped/>
  </testcase> <!-- alreadyExistpageViewNameAccounts -->
  <testcase name="deletePageViewAccounts" time="0.001" classname="Testcases.AccountsTest">
    <skipped/>
  </testcase> <!-- deletePageViewAccounts -->
  <testcase name="verifyDeletdViewInSavedViewsAccounts" time="0.003" classname="Testcases.AccountsTest">
    <skipped/>
  </testcase> <!-- verifyDeletdViewInSavedViewsAccounts -->
  <testcase name="tabsOutvalidationInValidaEmailAccounts" time="0.003" classname="Testcases.AccountsTest">
    <skipped/>
  </testcase> <!-- tabsOutvalidationInValidaEmailAccounts -->
  <testcase name="commonValidationEmailIDAccounts" time="0.002" classname="Testcases.AccountsTest">
    <skipped/>
  </testcase> <!-- commonValidationEmailIDAccounts -->
  <testcase name="acccountNameFieldvaldidationAccount" time="0.001" classname="Testcases.AccountsTest">
    <skipped/>
  </testcase> <!-- acccountNameFieldvaldidationAccount -->
  <testcase name="designationFieldvalidationAccount" time="0.001" classname="Testcases.AccountsTest">
    <skipped/>
  </testcase> <!-- designationFieldvalidationAccount -->
  <testcase name="mobileNumberFieldValdiation" time="0.004" classname="Testcases.AccountsTest">
    <skipped/>
  </testcase> <!-- mobileNumberFieldValdiation -->
  <testcase name="validationCreatePageViewAccounts" time="0.002" classname="Testcases.AccountsTest">
    <skipped/>
  </testcase> <!-- validationCreatePageViewAccounts -->
  <testcase name="accountManditiryTabsoutvalidation" time="0.002" classname="Testcases.AccountsTest">
    <skipped/>
  </testcase> <!-- accountManditiryTabsoutvalidation -->
  <testcase name="accountManditoryCommonValidation" time="0.002" classname="Testcases.AccountsTest">
    <skipped/>
  </testcase> <!-- accountManditoryCommonValidation -->
  <testcase name="webSiteCommonvaldiationError" time="0.001" classname="Testcases.AccountsTest">
    <skipped/>
  </testcase> <!-- webSiteCommonvaldiationError -->
  <testcase name="webSiteTabsvaldiationError" time="0.0" classname="Testcases.AccountsTest">
    <skipped/>
  </testcase> <!-- webSiteTabsvaldiationError -->
  <testcase name="verifyAlertwhileClosing" time="0.001" classname="Testcases.AccountsTest">
    <skipped/>
  </testcase> <!-- verifyAlertwhileClosing -->
  <testcase name="verifyAlertWithOutEntering" time="0.001" classname="Testcases.AccountsTest">
    <skipped/>
  </testcase> <!-- verifyAlertWithOutEntering -->
  <testcase name="statevalidationWithOutCountry" time="0.002" classname="Testcases.AccountsTest">
    <skipped/>
  </testcase> <!-- statevalidationWithOutCountry -->
  <testcase name="addLogcallListing" time="0.001" classname="Testcases.AccountsTest">
    <skipped/>
  </testcase> <!-- addLogcallListing -->
  <testcase name="addLogValidationsListingAccounts" time="0.001" classname="Testcases.AccountsTest">
    <skipped/>
  </testcase> <!-- addLogValidationsListingAccounts -->
  <testcase name="addLogErrorWhileClosingLog" time="0.001" classname="Testcases.AccountsTest">
    <skipped/>
  </testcase> <!-- addLogErrorWhileClosingLog -->
  <testcase name="addlogErroWithOutcharLog" time="0.001" classname="Testcases.AccountsTest">
    <skipped/>
  </testcase> <!-- addlogErroWithOutcharLog -->
  <testcase name="logSubjecttabsOutValidation" time="0.001" classname="Testcases.AccountsTest">
    <skipped/>
  </testcase> <!-- logSubjecttabsOutValidation -->
  <testcase name="logSubjectCommonValidation" time="0.0" classname="Testcases.AccountsTest">
    <skipped/>
  </testcase> <!-- logSubjectCommonValidation -->
  <testcase name="addNoteListing" time="0.0" classname="Testcases.AccountsTest">
    <skipped/>
  </testcase> <!-- addNoteListing -->
  <testcase name="addNotevalidationListingAccounts" time="0.001" classname="Testcases.AccountsTest">
    <skipped/>
  </testcase> <!-- addNotevalidationListingAccounts -->
  <testcase name="addNoteErrorWhileClosingNote" time="0.001" classname="Testcases.AccountsTest">
    <skipped/>
  </testcase> <!-- addNoteErrorWhileClosingNote -->
  <testcase name="addNoteErroWithOutchar" time="0.001" classname="Testcases.AccountsTest">
    <skipped/>
  </testcase> <!-- addNoteErroWithOutchar -->
  <testcase name="noteSubjecttabsOutValidation" time="0.001" classname="Testcases.AccountsTest">
    <skipped/>
  </testcase> <!-- noteSubjecttabsOutValidation -->
  <testcase name="noteSubjectCommonValidation" time="0.001" classname="Testcases.AccountsTest">
    <skipped/>
  </testcase> <!-- noteSubjectCommonValidation -->
  <testcase name="addEvent" time="0.001" classname="Testcases.AccountsTest">
    <skipped/>
  </testcase> <!-- addEvent -->
  <testcase name="tabsOutvalidationEventAccounts" time="0.001" classname="Testcases.AccountsTest">
    <skipped/>
  </testcase> <!-- tabsOutvalidationEventAccounts -->
  <testcase name="commonvalidationEventAccounts" time="0.001" classname="Testcases.AccountsTest">
    <skipped/>
  </testcase> <!-- commonvalidationEventAccounts -->
  <testcase name="EventSubjecttabsOutValidation" time="0.0" classname="Testcases.AccountsTest">
    <skipped/>
  </testcase> <!-- EventSubjecttabsOutValidation -->
  <testcase name="EventSubjectCommonValidation" time="0.001" classname="Testcases.AccountsTest">
    <skipped/>
  </testcase> <!-- EventSubjectCommonValidation -->
  <testcase name="EventLocationtabsOutValidation" time="0.001" classname="Testcases.AccountsTest">
    <skipped/>
  </testcase> <!-- EventLocationtabsOutValidation -->
  <testcase name="EventLocationCommonValidation" time="0.0" classname="Testcases.AccountsTest">
    <skipped/>
  </testcase> <!-- EventLocationCommonValidation -->
  <testcase name="addAttachement" time="0.001" classname="Testcases.AccountsTest">
    <skipped/>
  </testcase> <!-- addAttachement -->
  <testcase name="addNoteForAll" time="0.001" classname="Testcases.AccountsTest">
    <skipped/>
  </testcase> <!-- addNoteForAll -->
  <testcase name="discardInlineEdit" time="0.001" classname="Testcases.AccountsTest">
    <skipped/>
  </testcase> <!-- discardInlineEdit -->
  <testcase name="inlineEditInLeadTable" time="0.002" classname="Testcases.AccountsTest">
    <skipped/>
  </testcase> <!-- inlineEditInLeadTable -->
  <testcase name="webSiteInlinetabsOutValidationError" time="0.001" classname="Testcases.AccountsTest">
    <skipped/>
  </testcase> <!-- webSiteInlinetabsOutValidationError -->
  <testcase name="webSiteInlineEditCommonvalidationError" time="0.001" classname="Testcases.AccountsTest">
    <skipped/>
  </testcase> <!-- webSiteInlineEditCommonvalidationError -->
  <testcase name="emailInlineEditTabsOutalidationAccounts" time="0.001" classname="Testcases.AccountsTest">
    <skipped/>
  </testcase> <!-- emailInlineEditTabsOutalidationAccounts -->
  <testcase name="emailInlneEditCommonValidationAccounts" time="0.002" classname="Testcases.AccountsTest">
    <skipped/>
  </testcase> <!-- emailInlneEditCommonValidationAccounts -->
  <testcase name="inlineTabsNumericalNumbervalidation" time="0.001" classname="Testcases.AccountsTest">
    <skipped/>
  </testcase> <!-- inlineTabsNumericalNumbervalidation -->
  <testcase name="inlineCommonNumericalNumbervaldation" time="0.0" classname="Testcases.AccountsTest">
    <skipped/>
  </testcase> <!-- inlineCommonNumericalNumbervaldation -->
  <testcase name="inlineEditTabsvalidationForAlphanumeric" time="0.001" classname="Testcases.AccountsTest">
    <skipped/>
  </testcase> <!-- inlineEditTabsvalidationForAlphanumeric -->
  <testcase name="inlineEditCommovalidationForAlphanumeric" time="0.001" classname="Testcases.AccountsTest">
    <skipped/>
  </testcase> <!-- inlineEditCommovalidationForAlphanumeric -->
  <testcase name="inlineEditTabOutTextFieldvalidation" time="0.003" classname="Testcases.AccountsTest">
    <skipped/>
  </testcase> <!-- inlineEditTabOutTextFieldvalidation -->
  <testcase name="inlineEditCommonTextieldValidation" time="0.001" classname="Testcases.AccountsTest">
    <skipped/>
  </testcase> <!-- inlineEditCommonTextieldValidation -->
  <testcase name="verifyFilter" time="0.002" classname="Testcases.AccountsTest">
    <skipped/>
  </testcase> <!-- verifyFilter -->
  <testcase name="checkFilterByValues" time="0.001" classname="Testcases.AccountsTest">
    <skipped/>
  </testcase> <!-- checkFilterByValues -->
  <testcase name="verifyRedirectionToDetailsPage" time="0.001" classname="Testcases.AccountsTest">
    <skipped/>
  </testcase> <!-- verifyRedirectionToDetailsPage -->
  <testcase name="verifyHeaderForDetails" time="0.002" classname="Testcases.AccountsTest">
    <skipped/>
  </testcase> <!-- verifyHeaderForDetails -->
  <testcase name="addLogcallDetails" time="0.0" classname="Testcases.AccountsTest">
    <skipped/>
  </testcase> <!-- addLogcallDetails -->
  <testcase name="addLogValidationsDetails" time="0.001" classname="Testcases.AccountsTest">
    <skipped/>
  </testcase> <!-- addLogValidationsDetails -->
  <testcase name="verifyLogcallInDetailsPage" time="0.001" classname="Testcases.AccountsTest">
    <skipped/>
  </testcase> <!-- verifyLogcallInDetailsPage -->
  <testcase name="logSubjectTabOutValidationDetails" time="0.001" classname="Testcases.AccountsTest">
    <skipped/>
  </testcase> <!-- logSubjectTabOutValidationDetails -->
  <testcase name="logSubjectCommonvalidationDetails" time="0.0" classname="Testcases.AccountsTest">
    <skipped/>
  </testcase> <!-- logSubjectCommonvalidationDetails -->
  <testcase name="deleteLogCallFromActivityTable" time="0.0" classname="Testcases.AccountsTest">
    <skipped/>
  </testcase> <!-- deleteLogCallFromActivityTable -->
  <testcase name="editLogCallFrometails" time="0.001" classname="Testcases.AccountsTest">
    <skipped/>
  </testcase> <!-- editLogCallFrometails -->
  <testcase name="addNoteInDetails" time="0.001" classname="Testcases.AccountsTest">
    <skipped/>
  </testcase> <!-- addNoteInDetails -->
  <testcase name="addNotevalidationInDetails" time="0.001" classname="Testcases.AccountsTest">
    <skipped/>
  </testcase> <!-- addNotevalidationInDetails -->
  <testcase name="verifyNoteIndetails" time="0.001" classname="Testcases.AccountsTest">
    <skipped/>
  </testcase> <!-- verifyNoteIndetails -->
  <testcase name="addnotetabsOutvalidationInDetail" time="0.0" classname="Testcases.AccountsTest">
    <skipped/>
  </testcase> <!-- addnotetabsOutvalidationInDetail -->
  <testcase name="addnoteCommonValidationDetails" time="0.001" classname="Testcases.AccountsTest">
    <skipped/>
  </testcase> <!-- addnoteCommonValidationDetails -->
  <testcase name="deleteNoteFromActivityTable" time="0.0" classname="Testcases.AccountsTest">
    <skipped/>
  </testcase> <!-- deleteNoteFromActivityTable -->
  <testcase name="editNoteFromDetails" time="0.0" classname="Testcases.AccountsTest">
    <skipped/>
  </testcase> <!-- editNoteFromDetails -->
  <testcase name="addEventInDetails" time="0.0" classname="Testcases.AccountsTest">
    <skipped/>
  </testcase> <!-- addEventInDetails -->
  <testcase name="eventtabsOutvaldiationDetails" time="0.001" classname="Testcases.AccountsTest">
    <skipped/>
  </testcase> <!-- eventtabsOutvaldiationDetails -->
  <testcase name="eventCommonvalidationDetails" time="0.0" classname="Testcases.AccountsTest">
    <skipped/>
  </testcase> <!-- eventCommonvalidationDetails -->
  <testcase name="verifyEventInDetails" time="0.001" classname="Testcases.AccountsTest">
    <skipped/>
  </testcase> <!-- verifyEventInDetails -->
  <testcase name="eventtabsOutvalidationInDetails" time="0.001" classname="Testcases.AccountsTest">
    <skipped/>
  </testcase> <!-- eventtabsOutvalidationInDetails -->
  <testcase name="eventCommonvalidationInDetails" time="0.002" classname="Testcases.AccountsTest">
    <skipped/>
  </testcase> <!-- eventCommonvalidationInDetails -->
  <testcase name="deleteEventFromActivityTable" time="0.001" classname="Testcases.AccountsTest">
    <skipped/>
  </testcase> <!-- deleteEventFromActivityTable -->
  <testcase name="editEventFromDetails" time="0.001" classname="Testcases.AccountsTest">
    <skipped/>
  </testcase> <!-- editEventFromDetails -->
  <testcase name="addAttachmentInDetails" time="0.001" classname="Testcases.AccountsTest">
    <skipped/>
  </testcase> <!-- addAttachmentInDetails -->
  <testcase name="addAttchemntvalidation" time="0.003" classname="Testcases.AccountsTest">
    <skipped/>
  </testcase> <!-- addAttchemntvalidation -->
  <testcase name="addtaskInDetails" time="0.005" classname="Testcases.AccountsTest">
    <skipped/>
  </testcase> <!-- addtaskInDetails -->
  <testcase name="verifytaskInDetails" time="0.001" classname="Testcases.AccountsTest">
    <skipped/>
  </testcase> <!-- verifytaskInDetails -->
  <testcase name="deletetaskFromActivityTable" time="0.0" classname="Testcases.AccountsTest">
    <skipped/>
  </testcase> <!-- deletetaskFromActivityTable -->
  <testcase name="editTaskFromDetails" time="0.0" classname="Testcases.AccountsTest">
    <skipped/>
  </testcase> <!-- editTaskFromDetails -->
  <testcase name="inlinedEditDetailsPage" time="0.0" classname="Testcases.AccountsTest">
    <skipped/>
  </testcase> <!-- inlinedEditDetailsPage -->
  <testcase name="checkHeaderAfterInlineEdit" time="0.001" classname="Testcases.AccountsTest">
    <skipped/>
  </testcase> <!-- checkHeaderAfterInlineEdit -->
  <testcase name="editFromDetailsPage" time="0.0" classname="Testcases.AccountsTest">
    <skipped/>
  </testcase> <!-- editFromDetailsPage -->
  <testcase name="deleteLeadFromDetailsPage" time="0.0" classname="Testcases.AccountsTest">
    <skipped/>
  </testcase> <!-- deleteLeadFromDetailsPage -->
  <testcase name="deleteLeadInListingPage" time="0.001" classname="Testcases.AccountsTest">
    <skipped/>
  </testcase> <!-- deleteLeadInListingPage -->
  <testcase name="addOpportunity" time="0.0" classname="Testcases.OpportunityTest">
    <skipped/>
  </testcase> <!-- addOpportunity -->
  <testcase name="refresh" time="0.001" classname="Testcases.OpportunityTest">
    <skipped/>
  </testcase> <!-- refresh -->
  <testcase name="latestOpportunityPosition" time="0.001" classname="Testcases.OpportunityTest">
    <skipped/>
  </testcase> <!-- latestOpportunityPosition -->
  <testcase name="saveAndNew" time="0.001" classname="Testcases.OpportunityTest">
    <skipped/>
  </testcase> <!-- saveAndNew -->
  <testcase name="verifyOpportuniysInListngPage" time="0.0" classname="Testcases.OpportunityTest">
    <skipped/>
  </testcase> <!-- verifyOpportuniysInListngPage -->
  <testcase name="verifySearchInOpportunity" time="0.001" classname="Testcases.OpportunityTest">
    <skipped/>
  </testcase> <!-- verifySearchInOpportunity -->
  <testcase name="opportunityNameFieldvaldidation" time="0.002" classname="Testcases.OpportunityTest">
    <skipped/>
  </testcase> <!-- opportunityNameFieldvaldidation -->
  <testcase name="amountFieldValdiation" time="0.0" classname="Testcases.OpportunityTest">
    <skipped/>
  </testcase> <!-- amountFieldValdiation -->
  <testcase name="createPageView" time="0.0" classname="Testcases.OpportunityTest">
    <skipped/>
  </testcase> <!-- createPageView -->
  <testcase name="verifyCreatedPageViewOpportunity" time="0.001" classname="Testcases.OpportunityTest">
    <skipped/>
  </testcase> <!-- verifyCreatedPageViewOpportunity -->
  <testcase name="verifyCustomViewInSavedPageViewsOpportunity" time="0.001" classname="Testcases.OpportunityTest">
    <skipped/>
  </testcase> <!-- verifyCustomViewInSavedPageViewsOpportunity -->
  <testcase name="editCustomViewOpportunity" time="0.001" classname="Testcases.OpportunityTest">
    <skipped/>
  </testcase> <!-- editCustomViewOpportunity -->
  <testcase name="pageViewAfterEditOpportunity" time="0.001" classname="Testcases.OpportunityTest">
    <skipped/>
  </testcase> <!-- pageViewAfterEditOpportunity -->
  <testcase name="alreadyExistpageViewNameOpportunity" time="0.001" classname="Testcases.OpportunityTest">
    <skipped/>
  </testcase> <!-- alreadyExistpageViewNameOpportunity -->
  <testcase name="deletePageViewOpportunity" time="0.001" classname="Testcases.OpportunityTest">
    <skipped/>
  </testcase> <!-- deletePageViewOpportunity -->
  <testcase name="verifyDeletdViewInSavedViewsOpportunity" time="0.0" classname="Testcases.OpportunityTest">
    <skipped/>
  </testcase> <!-- verifyDeletdViewInSavedViewsOpportunity -->
  <testcase name="validationCreatePageViewOpportunity" time="0.001" classname="Testcases.OpportunityTest">
    <skipped/>
  </testcase> <!-- validationCreatePageViewOpportunity -->
  <testcase name="opportunityManditiryTabsoutvalidation" time="0.0" classname="Testcases.OpportunityTest">
    <skipped/>
  </testcase> <!-- opportunityManditiryTabsoutvalidation -->
  <testcase name="opportunityManditoryCommonValidation" time="0.0" classname="Testcases.OpportunityTest">
    <skipped/>
  </testcase> <!-- opportunityManditoryCommonValidation -->
  <testcase name="verifyAlertwhileClosing" time="0.001" classname="Testcases.OpportunityTest">
    <skipped/>
  </testcase> <!-- verifyAlertwhileClosing -->
  <testcase name="verifyAlertWithOutEntering" time="0.0" classname="Testcases.OpportunityTest">
    <skipped/>
  </testcase> <!-- verifyAlertWithOutEntering -->
  <testcase name="addLogValidationsListingOpportunity" time="0.001" classname="Testcases.OpportunityTest">
    <skipped/>
  </testcase> <!-- addLogValidationsListingOpportunity -->
  <testcase name="addLogcallListing" time="0.001" classname="Testcases.OpportunityTest">
    <skipped/>
  </testcase> <!-- addLogcallListing -->
  <testcase name="addLogErrorWhileClosingLog" time="0.001" classname="Testcases.OpportunityTest">
    <skipped/>
  </testcase> <!-- addLogErrorWhileClosingLog -->
  <testcase name="addlogErroWithOutcharLog" time="0.0" classname="Testcases.OpportunityTest">
    <skipped/>
  </testcase> <!-- addlogErroWithOutcharLog -->
  <testcase name="logSubjecttabsOutValidation" time="0.0" classname="Testcases.OpportunityTest">
    <skipped/>
  </testcase> <!-- logSubjecttabsOutValidation -->
  <testcase name="logSubjectCommonValidation" time="0.001" classname="Testcases.OpportunityTest">
    <skipped/>
  </testcase> <!-- logSubjectCommonValidation -->
  <testcase name="addNoteListing" time="0.0" classname="Testcases.OpportunityTest">
    <skipped/>
  </testcase> <!-- addNoteListing -->
  <testcase name="addNotevalidationListingOpportunity" time="0.001" classname="Testcases.OpportunityTest">
    <skipped/>
  </testcase> <!-- addNotevalidationListingOpportunity -->
  <testcase name="addNoteErrorWhileClosingNote" time="0.001" classname="Testcases.OpportunityTest">
    <skipped/>
  </testcase> <!-- addNoteErrorWhileClosingNote -->
  <testcase name="addNoteErroWithOutchar" time="0.0" classname="Testcases.OpportunityTest">
    <skipped/>
  </testcase> <!-- addNoteErroWithOutchar -->
  <testcase name="noteSubjecttabsOutValidation" time="0.001" classname="Testcases.OpportunityTest">
    <skipped/>
  </testcase> <!-- noteSubjecttabsOutValidation -->
  <testcase name="noteSubjectCommonValidation" time="0.0" classname="Testcases.OpportunityTest">
    <skipped/>
  </testcase> <!-- noteSubjectCommonValidation -->
  <testcase name="addEvent" time="0.001" classname="Testcases.OpportunityTest">
    <skipped/>
  </testcase> <!-- addEvent -->
  <testcase name="tabsOutvalidationEventAccounts" time="0.0" classname="Testcases.OpportunityTest">
    <skipped/>
  </testcase> <!-- tabsOutvalidationEventAccounts -->
  <testcase name="commonvalidationEventAccounts" time="0.0" classname="Testcases.OpportunityTest">
    <skipped/>
  </testcase> <!-- commonvalidationEventAccounts -->
  <testcase name="EventSubjecttabsOutValidation" time="0.001" classname="Testcases.OpportunityTest">
    <skipped/>
  </testcase> <!-- EventSubjecttabsOutValidation -->
  <testcase name="EventSubjectCommonValidation" time="0.0" classname="Testcases.OpportunityTest">
    <skipped/>
  </testcase> <!-- EventSubjectCommonValidation -->
  <testcase name="EventLocationtabsOutValidation" time="0.0" classname="Testcases.OpportunityTest">
    <skipped/>
  </testcase> <!-- EventLocationtabsOutValidation -->
  <testcase name="EventLocationCommonValidation" time="0.0" classname="Testcases.OpportunityTest">
    <skipped/>
  </testcase> <!-- EventLocationCommonValidation -->
  <testcase name="addAttachement" time="0.0" classname="Testcases.OpportunityTest">
    <skipped/>
  </testcase> <!-- addAttachement -->
  <testcase name="inlineTabsNumericalNumbervalidation" time="0.001" classname="Testcases.OpportunityTest">
    <skipped/>
  </testcase> <!-- inlineTabsNumericalNumbervalidation -->
  <testcase name="inlineCommonNumericalNumbervaldation" time="0.001" classname="Testcases.OpportunityTest">
    <skipped/>
  </testcase> <!-- inlineCommonNumericalNumbervaldation -->
  <testcase name="inlineEditTabOutTextFieldvalidation" time="0.001" classname="Testcases.OpportunityTest">
    <skipped/>
  </testcase> <!-- inlineEditTabOutTextFieldvalidation -->
  <testcase name="inlineEditCommonTextieldValidation" time="0.0" classname="Testcases.OpportunityTest">
    <skipped/>
  </testcase> <!-- inlineEditCommonTextieldValidation -->
  <testcase name="verifyFilter" time="0.0" classname="Testcases.OpportunityTest">
    <skipped/>
  </testcase> <!-- verifyFilter -->
  <testcase name="checkFilterByValues" time="0.001" classname="Testcases.OpportunityTest">
    <skipped/>
  </testcase> <!-- checkFilterByValues -->
  <testcase name="verifyRedirectionToDetailsPage" time="0.001" classname="Testcases.OpportunityTest">
    <skipped/>
  </testcase> <!-- verifyRedirectionToDetailsPage -->
  <testcase name="verifyHeaderForDetails" time="0.0" classname="Testcases.OpportunityTest">
    <skipped/>
  </testcase> <!-- verifyHeaderForDetails -->
  <testcase name="addLogcallDetails" time="0.001" classname="Testcases.OpportunityTest">
    <skipped/>
  </testcase> <!-- addLogcallDetails -->
  <testcase name="addLogValidationsDetails" time="0.001" classname="Testcases.OpportunityTest">
    <skipped/>
  </testcase> <!-- addLogValidationsDetails -->
  <testcase name="verifyLogcallInDetailsPage" time="0.0" classname="Testcases.OpportunityTest">
    <skipped/>
  </testcase> <!-- verifyLogcallInDetailsPage -->
  <testcase name="logSubjectTabOutValidationDetails" time="0.0" classname="Testcases.OpportunityTest">
    <skipped/>
  </testcase> <!-- logSubjectTabOutValidationDetails -->
  <testcase name="logSubjectCommonvalidationDetails" time="0.0" classname="Testcases.OpportunityTest">
    <skipped/>
  </testcase> <!-- logSubjectCommonvalidationDetails -->
  <testcase name="deleteLogCallFromActivityTable" time="0.0" classname="Testcases.OpportunityTest">
    <skipped/>
  </testcase> <!-- deleteLogCallFromActivityTable -->
  <testcase name="editLogCallFrometails" time="0.001" classname="Testcases.OpportunityTest">
    <skipped/>
  </testcase> <!-- editLogCallFrometails -->
  <testcase name="addNoteInDetails" time="0.001" classname="Testcases.OpportunityTest">
    <skipped/>
  </testcase> <!-- addNoteInDetails -->
  <testcase name="addNotevalidationInDetails" time="0.001" classname="Testcases.OpportunityTest">
    <skipped/>
  </testcase> <!-- addNotevalidationInDetails -->
  <testcase name="verifyNoteIndetails" time="0.0" classname="Testcases.OpportunityTest">
    <skipped/>
  </testcase> <!-- verifyNoteIndetails -->
  <testcase name="addnotetabsOutvalidationInDetail" time="0.0" classname="Testcases.OpportunityTest">
    <skipped/>
  </testcase> <!-- addnotetabsOutvalidationInDetail -->
  <testcase name="addnoteCommonValidationDetails" time="0.0" classname="Testcases.OpportunityTest">
    <skipped/>
  </testcase> <!-- addnoteCommonValidationDetails -->
  <testcase name="deleteNoteFromActivityTable" time="0.001" classname="Testcases.OpportunityTest">
    <skipped/>
  </testcase> <!-- deleteNoteFromActivityTable -->
  <testcase name="editNoteFromDetails" time="0.0" classname="Testcases.OpportunityTest">
    <skipped/>
  </testcase> <!-- editNoteFromDetails -->
  <testcase name="eventtabsOutvaldiationDetails" time="0.0" classname="Testcases.OpportunityTest">
    <skipped/>
  </testcase> <!-- eventtabsOutvaldiationDetails -->
  <testcase name="addEventInDetails" time="0.001" classname="Testcases.OpportunityTest">
    <skipped/>
  </testcase> <!-- addEventInDetails -->
  <testcase name="eventCommonvalidationDetails" time="0.0" classname="Testcases.OpportunityTest">
    <skipped/>
  </testcase> <!-- eventCommonvalidationDetails -->
  <testcase name="verifyEventInDetails" time="0.001" classname="Testcases.OpportunityTest">
    <skipped/>
  </testcase> <!-- verifyEventInDetails -->
  <testcase name="eventtabsOutvalidationInDetails" time="0.001" classname="Testcases.OpportunityTest">
    <skipped/>
  </testcase> <!-- eventtabsOutvalidationInDetails -->
  <testcase name="eventCommonvalidationInDetails" time="0.0" classname="Testcases.OpportunityTest">
    <skipped/>
  </testcase> <!-- eventCommonvalidationInDetails -->
  <testcase name="deleteEventFromActivityTable" time="0.001" classname="Testcases.OpportunityTest">
    <skipped/>
  </testcase> <!-- deleteEventFromActivityTable -->
  <testcase name="editEventFromDetails" time="0.0" classname="Testcases.OpportunityTest">
    <skipped/>
  </testcase> <!-- editEventFromDetails -->
  <testcase name="addAttachmentInDetails" time="0.0" classname="Testcases.OpportunityTest">
    <skipped/>
  </testcase> <!-- addAttachmentInDetails -->
  <testcase name="addAttchemntvalidation" time="0.0" classname="Testcases.OpportunityTest">
    <skipped/>
  </testcase> <!-- addAttchemntvalidation -->
  <testcase name="addtaskInDetails" time="0.001" classname="Testcases.OpportunityTest">
    <skipped/>
  </testcase> <!-- addtaskInDetails -->
  <testcase name="verifytaskInDetails" time="0.001" classname="Testcases.OpportunityTest">
    <skipped/>
  </testcase> <!-- verifytaskInDetails -->
  <testcase name="deletetaskFromActivityTable" time="0.001" classname="Testcases.OpportunityTest">
    <skipped/>
  </testcase> <!-- deletetaskFromActivityTable -->
  <testcase name="editTaskFromDetails" time="0.001" classname="Testcases.OpportunityTest">
    <skipped/>
  </testcase> <!-- editTaskFromDetails -->
  <testcase name="login" time="0.0" classname="Testcases.LeadTestSuite">
    <skipped/>
  </testcase> <!-- login -->
  <testcase name="refresh" time="0.0" classname="Testcases.LeadTestSuite">
    <skipped/>
  </testcase> <!-- refresh -->
  <testcase name="createLead" time="0.001" classname="Testcases.LeadTestSuite">
    <skipped/>
  </testcase> <!-- createLead -->
  <testcase name="saveandNew" time="0.001" classname="Testcases.LeadTestSuite">
    <skipped/>
  </testcase> <!-- saveandNew -->
  <testcase name="verifyLeadsInListngPage" time="0.0" classname="Testcases.LeadTestSuite">
    <skipped/>
  </testcase> <!-- verifyLeadsInListngPage -->
  <testcase name="verifySearch" time="0.001" classname="Testcases.LeadTestSuite">
    <skipped/>
  </testcase> <!-- verifySearch -->
  <testcase name="commonValidationOutInvalidEmailID" time="0.001" classname="Testcases.LeadTestSuite">
    <skipped/>
  </testcase> <!-- commonValidationOutInvalidEmailID -->
  <testcase name="tabsvalidationOutInvalidEmailID" time="0.0" classname="Testcases.LeadTestSuite">
    <skipped/>
  </testcase> <!-- tabsvalidationOutInvalidEmailID -->
  <testcase name="tabsValidationOutInvalidweSite" time="0.0" classname="Testcases.LeadTestSuite">
    <skipped/>
  </testcase> <!-- tabsValidationOutInvalidweSite -->
  <testcase name="commonValidationOutInvalidweSite" time="0.0" classname="Testcases.LeadTestSuite">
    <skipped/>
  </testcase> <!-- commonValidationOutInvalidweSite -->
  <testcase name="atabsOutmaxiMumCharvalidationError" time="0.001" classname="Testcases.LeadTestSuite">
    <skipped/>
  </testcase> <!-- atabsOutmaxiMumCharvalidationError -->
  <testcase name="commoNmaxiMumCharvalidationError" time="0.001" classname="Testcases.LeadTestSuite">
    <skipped/>
  </testcase> <!-- commoNmaxiMumCharvalidationError -->
  <testcase name="firstNamefieldvalidationIn" time="0.0" classname="Testcases.LeadTestSuite">
    <skipped/>
  </testcase> <!-- firstNamefieldvalidationIn -->
  <testcase name="lastNameFieldvaldidation" time="0.0" classname="Testcases.LeadTestSuite">
    <skipped/>
  </testcase> <!-- lastNameFieldvaldidation -->
  <testcase name="designationFieldvalidation" time="0.001" classname="Testcases.LeadTestSuite">
    <skipped/>
  </testcase> <!-- designationFieldvalidation -->
  <testcase name="departmentFiedlvalidationError" time="0.001" classname="Testcases.LeadTestSuite">
    <skipped/>
  </testcase> <!-- departmentFiedlvalidationError -->
  <testcase name="officeNumberFieldvalidation" time="0.0" classname="Testcases.LeadTestSuite">
    <skipped/>
  </testcase> <!-- officeNumberFieldvalidation -->
  <testcase name="mobileNumberFieldValdiation" time="0.0" classname="Testcases.LeadTestSuite">
    <skipped/>
  </testcase> <!-- mobileNumberFieldValdiation -->
  <testcase name="postCodeFieldValidation" time="0.0" classname="Testcases.LeadTestSuite">
    <skipped/>
  </testcase> <!-- postCodeFieldValidation -->
  <testcase name="commonvalidation" time="0.0" classname="Testcases.LeadTestSuite">
    <skipped/>
  </testcase> <!-- commonvalidation -->
  <testcase name="tabsOutvalidation" time="0.0" classname="Testcases.LeadTestSuite">
    <skipped/>
  </testcase> <!-- tabsOutvalidation -->
  <testcase name="verifyDefaultView" time="0.001" classname="Testcases.LeadTestSuite">
    <skipped/>
  </testcase> <!-- verifyDefaultView -->
  <testcase name="verifyDefaultEnabledColumn" time="0.001" classname="Testcases.LeadTestSuite">
    <skipped/>
  </testcase> <!-- verifyDefaultEnabledColumn -->
  <testcase name="createPageView" time="0.001" classname="Testcases.LeadTestSuite">
    <skipped/>
  </testcase> <!-- createPageView -->
  <testcase name="verifyCreatedPageView" time="0.001" classname="Testcases.LeadTestSuite">
    <skipped/>
  </testcase> <!-- verifyCreatedPageView -->
  <testcase name="verifyCustomViewInSavedPageViews" time="0.0" classname="Testcases.LeadTestSuite">
    <skipped/>
  </testcase> <!-- verifyCustomViewInSavedPageViews -->
  <testcase name="isSelecetdPageView" time="0.0" classname="Testcases.LeadTestSuite">
    <skipped/>
  </testcase> <!-- isSelecetdPageView -->
  <testcase name="editCustomView" time="0.0" classname="Testcases.LeadTestSuite">
    <skipped/>
  </testcase> <!-- editCustomView -->
  <testcase name="pageViewAfterEdit" time="0.0" classname="Testcases.LeadTestSuite">
    <skipped/>
  </testcase> <!-- pageViewAfterEdit -->
  <testcase name="pageViewInSavedPageAfterEdit" time="0.001" classname="Testcases.LeadTestSuite">
    <skipped/>
  </testcase> <!-- pageViewInSavedPageAfterEdit -->
  <testcase name="deletePageView" time="0.001" classname="Testcases.LeadTestSuite">
    <skipped/>
  </testcase> <!-- deletePageView -->
  <testcase name="verifyDeletdViewInSavedViews" time="0.0" classname="Testcases.LeadTestSuite">
    <skipped/>
  </testcase> <!-- verifyDeletdViewInSavedViews -->
  <testcase name="avalidationCreatePageView" time="0.0" classname="Testcases.LeadTestSuite">
    <skipped/>
  </testcase> <!-- avalidationCreatePageView -->
  <testcase name="pageViewnameAlreadyExist" time="0.001" classname="Testcases.LeadTestSuite">
    <skipped/>
  </testcase> <!-- pageViewnameAlreadyExist -->
  <testcase name="verifyAlertWhileCancel" time="0.001" classname="Testcases.LeadTestSuite">
    <skipped/>
  </testcase> <!-- verifyAlertWhileCancel -->
  <testcase name="verityAlertWithOutChange" time="0.001" classname="Testcases.LeadTestSuite">
    <skipped/>
  </testcase> <!-- verityAlertWithOutChange -->
  <testcase name="verifyReset" time="0.001" classname="Testcases.LeadTestSuite">
    <skipped/>
  </testcase> <!-- verifyReset -->
  <testcase name="addLogCall" time="0.002" classname="Testcases.LeadTestSuite">
    <skipped/>
  </testcase> <!-- addLogCall -->
  <testcase name="addLogValdiationListing" time="0.011" classname="Testcases.LeadTestSuite">
    <skipped/>
  </testcase> <!-- addLogValdiationListing -->
  <testcase name="addLogErrorWhileCancel" time="0.001" classname="Testcases.LeadTestSuite">
    <skipped/>
  </testcase> <!-- addLogErrorWhileCancel -->
  <testcase name="addLogErrorWithOutChar" time="0.0" classname="Testcases.LeadTestSuite">
    <skipped/>
  </testcase> <!-- addLogErrorWithOutChar -->
  <testcase name="logTabsvalidationWithFieldType" time="0.001" classname="Testcases.LeadTestSuite">
    <skipped/>
  </testcase> <!-- logTabsvalidationWithFieldType -->
  <testcase name="logCommonvalidationwithFieldType" time="0.001" classname="Testcases.LeadTestSuite">
    <skipped/>
  </testcase> <!-- logCommonvalidationwithFieldType -->
  <testcase name="addNoteListing" time="0.001" classname="Testcases.LeadTestSuite">
    <skipped/>
  </testcase> <!-- addNoteListing -->
  <testcase name="addNoteValdiationListing" time="0.0" classname="Testcases.LeadTestSuite">
    <skipped/>
  </testcase> <!-- addNoteValdiationListing -->
  <testcase name="addNoteErrorWhileCancel" time="0.0" classname="Testcases.LeadTestSuite">
    <skipped/>
  </testcase> <!-- addNoteErrorWhileCancel -->
  <testcase name="addNoteErrorWithOutChar" time="0.0" classname="Testcases.LeadTestSuite">
    <skipped/>
  </testcase> <!-- addNoteErrorWithOutChar -->
  <testcase name="addNoteTabsOutvalidationFieldType" time="0.0" classname="Testcases.LeadTestSuite">
    <skipped/>
  </testcase> <!-- addNoteTabsOutvalidationFieldType -->
  <testcase name="addNoteCommonOutvalidationFieldType" time="0.0" classname="Testcases.LeadTestSuite">
    <skipped/>
  </testcase> <!-- addNoteCommonOutvalidationFieldType -->
  <testcase name="addEvent" time="0.001" classname="Testcases.LeadTestSuite">
    <skipped/>
  </testcase> <!-- addEvent -->
  <testcase name="tabsOutvaldiationEvent" time="0.0" classname="Testcases.LeadTestSuite">
    <skipped/>
  </testcase> <!-- tabsOutvaldiationEvent -->
  <testcase name="commonvalidationEvent" time="0.001" classname="Testcases.LeadTestSuite">
    <skipped/>
  </testcase> <!-- commonvalidationEvent -->
  <testcase name="alertWhileClosing" time="0.0" classname="Testcases.LeadTestSuite">
    <skipped/>
  </testcase> <!-- alertWhileClosing -->
  <testcase name="eventSubjecttabsvalidationError" time="0.001" classname="Testcases.LeadTestSuite">
    <skipped/>
  </testcase> <!-- eventSubjecttabsvalidationError -->
  <testcase name="eventSubjectCommonvalidationError" time="0.001" classname="Testcases.LeadTestSuite">
    <skipped/>
  </testcase> <!-- eventSubjectCommonvalidationError -->
  <testcase name="locationEventCommonvalidationError" time="0.0" classname="Testcases.LeadTestSuite">
    <skipped/>
  </testcase> <!-- locationEventCommonvalidationError -->
  <testcase name="locationEventtabsvalidationError" time="0.001" classname="Testcases.LeadTestSuite">
    <skipped/>
  </testcase> <!-- locationEventtabsvalidationError -->
  <testcase name="addAttachment" time="0.0" classname="Testcases.LeadTestSuite">
    <skipped/>
  </testcase> <!-- addAttachment -->
  <testcase name="commonValidationAttachment" time="0.001" classname="Testcases.LeadTestSuite">
    <skipped/>
  </testcase> <!-- commonValidationAttachment -->
  <testcase name="discardInlineEdit" time="0.0" classname="Testcases.LeadTestSuite">
    <skipped/>
  </testcase> <!-- discardInlineEdit -->
  <testcase name="inlineEditTable" time="0.001" classname="Testcases.LeadTestSuite">
    <skipped/>
  </testcase> <!-- inlineEditTable -->
  <testcase name="editFromListingpage" time="0.0" classname="Testcases.LeadTestSuite">
    <skipped/>
  </testcase> <!-- editFromListingpage -->
  <testcase name="emailInlineEditTabsOutalidation" time="0.001" classname="Testcases.LeadTestSuite">
    <skipped/>
  </testcase> <!-- emailInlineEditTabsOutalidation -->
  <testcase name="emailInlneEditCommonValidation" time="0.0" classname="Testcases.LeadTestSuite">
    <skipped/>
  </testcase> <!-- emailInlneEditCommonValidation -->
  <testcase name="webSiteInlinetabsOutValidationError" time="0.001" classname="Testcases.LeadTestSuite">
    <skipped/>
  </testcase> <!-- webSiteInlinetabsOutValidationError -->
  <testcase name="webSiteInlineEditCommonvalidationError" time="0.0" classname="Testcases.LeadTestSuite">
    <skipped/>
  </testcase> <!-- webSiteInlineEditCommonvalidationError -->
  <testcase name="inlineTabsNumericalNumbervalidation" time="0.001" classname="Testcases.LeadTestSuite">
    <skipped/>
  </testcase> <!-- inlineTabsNumericalNumbervalidation -->
  <testcase name="inlineEditTabsOutValidationForAlphenumeric" time="0.0" classname="Testcases.LeadTestSuite">
    <skipped/>
  </testcase> <!-- inlineEditTabsOutValidationForAlphenumeric -->
  <testcase name="inlineEditCommovalidationForAlphanumeric" time="0.0" classname="Testcases.LeadTestSuite">
    <skipped/>
  </testcase> <!-- inlineEditCommovalidationForAlphanumeric -->
  <testcase name="inlineEditTabOutTextFieldvalidation" time="0.0" classname="Testcases.LeadTestSuite">
    <skipped/>
  </testcase> <!-- inlineEditTabOutTextFieldvalidation -->
  <testcase name="inlineEditCommonTextieldValidation" time="0.001" classname="Testcases.LeadTestSuite">
    <skipped/>
  </testcase> <!-- inlineEditCommonTextieldValidation -->
  <testcase name="changeOwner" time="0.001" classname="Testcases.LeadTestSuite">
    <skipped/>
  </testcase> <!-- changeOwner -->
  <testcase name="latestleadPosition" time="0.0" classname="Testcases.LeadTestSuite">
    <skipped/>
  </testcase> <!-- latestleadPosition -->
  <testcase name="addTaskinListing" time="0.001" classname="Testcases.LeadTestSuite">
    <skipped/>
  </testcase> <!-- addTaskinListing -->
  <testcase name="importLead" time="0.0" classname="Testcases.LeadTestSuite">
    <skipped/>
  </testcase> <!-- importLead -->
  <testcase name="verifyaddNoteAllUsers" time="0.001" classname="Testcases.LeadTestSuite">
    <skipped/>
  </testcase> <!-- verifyaddNoteAllUsers -->
  <testcase name="changeOwnerForAllLead" time="0.001" classname="Testcases.LeadTestSuite">
    <skipped/>
  </testcase> <!-- changeOwnerForAllLead -->
  <testcase name="filter" time="0.001" classname="Testcases.LeadTestSuite">
    <skipped/>
  </testcase> <!-- filter -->
  <testcase name="statevalidation" time="0.001" classname="Testcases.LeadTestSuite">
    <skipped/>
  </testcase> <!-- statevalidation -->
  <testcase name="firstNameOpertorsvaldiation" time="0.0" classname="Testcases.LeadTestSuite">
    <skipped/>
  </testcase> <!-- firstNameOpertorsvaldiation -->
  <testcase name="leadConvertedOpertorsvaldiation" time="0.001" classname="Testcases.LeadTestSuite">
    <skipped/>
  </testcase> <!-- leadConvertedOpertorsvaldiation -->
  <testcase name="leadCreatedOpertorsvaldiation" time="0.0" classname="Testcases.LeadTestSuite">
    <skipped/>
  </testcase> <!-- leadCreatedOpertorsvaldiation -->
  <testcase name="assignedOpertorsvaldiation" time="0.001" classname="Testcases.LeadTestSuite">
    <skipped/>
  </testcase> <!-- assignedOpertorsvaldiation -->
  <testcase name="checkFilterByValues" time="0.001" classname="Testcases.LeadTestSuite">
    <skipped/>
  </testcase> <!-- checkFilterByValues -->
  <testcase name="verifyRedirectionToDetailsPage" time="0.0" classname="Testcases.LeadTestSuite">
    <skipped/>
  </testcase> <!-- verifyRedirectionToDetailsPage -->
  <testcase name="verifyHeaderInDetails" time="0.0" classname="Testcases.LeadTestSuite">
    <skipped/>
  </testcase> <!-- verifyHeaderInDetails -->
  <testcase name="addLogInDetails" time="0.0" classname="Testcases.LeadTestSuite">
    <skipped/>
  </testcase> <!-- addLogInDetails -->
  <testcase name="addLogValidationDetails" time="0.0" classname="Testcases.LeadTestSuite">
    <skipped/>
  </testcase> <!-- addLogValidationDetails -->
  <testcase name="verifyLogInLogtable" time="0.001" classname="Testcases.LeadTestSuite">
    <skipped/>
  </testcase> <!-- verifyLogInLogtable -->
  <testcase name="addLogtabsOutvalidationInDetail" time="0.0" classname="Testcases.LeadTestSuite">
    <skipped/>
  </testcase> <!-- addLogtabsOutvalidationInDetail -->
  <testcase name="addlogCommonValidationDetails" time="0.0" classname="Testcases.LeadTestSuite">
    <skipped/>
  </testcase> <!-- addlogCommonValidationDetails -->
  <testcase name="deleteLogCallFromDetail" time="0.0" classname="Testcases.LeadTestSuite">
    <skipped/>
  </testcase> <!-- deleteLogCallFromDetail -->
  <testcase name="editLogCallFromDetailsPage" time="0.0" classname="Testcases.LeadTestSuite">
    <skipped/>
  </testcase> <!-- editLogCallFromDetailsPage -->
  <testcase name="addNoteInDetails" time="0.0" classname="Testcases.LeadTestSuite">
    <skipped/>
  </testcase> <!-- addNoteInDetails -->
  <testcase name="addNotevalidationInDetails" time="0.001" classname="Testcases.LeadTestSuite">
    <skipped/>
  </testcase> <!-- addNotevalidationInDetails -->
  <testcase name="verifyNoteIndetails" time="0.001" classname="Testcases.LeadTestSuite">
    <skipped/>
  </testcase> <!-- verifyNoteIndetails -->
  <testcase name="addnotetabsOutvalidationInDetail" time="0.0" classname="Testcases.LeadTestSuite">
    <skipped/>
  </testcase> <!-- addnotetabsOutvalidationInDetail -->
  <testcase name="addnoteCommonValidationDetails" time="0.0" classname="Testcases.LeadTestSuite">
    <skipped/>
  </testcase> <!-- addnoteCommonValidationDetails -->
  <testcase name="deleteNoteFromDetails" time="0.0" classname="Testcases.LeadTestSuite">
    <skipped/>
  </testcase> <!-- deleteNoteFromDetails -->
  <testcase name="editNoteFromDetailspage" time="0.001" classname="Testcases.LeadTestSuite">
    <skipped/>
  </testcase> <!-- editNoteFromDetailspage -->
  <testcase name="addEventInDetails" time="0.0" classname="Testcases.LeadTestSuite">
    <skipped/>
  </testcase> <!-- addEventInDetails -->
  <testcase name="eventtabsOutvaldiationDetails" time="0.0" classname="Testcases.LeadTestSuite">
    <skipped/>
  </testcase> <!-- eventtabsOutvaldiationDetails -->
  <testcase name="eventCommonvalidationDetails" time="0.001" classname="Testcases.LeadTestSuite">
    <skipped/>
  </testcase> <!-- eventCommonvalidationDetails -->
  <testcase name="verifyEventInDetails" time="0.0" classname="Testcases.LeadTestSuite">
    <skipped/>
  </testcase> <!-- verifyEventInDetails -->
  <testcase name="eventtabsOutvalidationInDetails" time="0.0" classname="Testcases.LeadTestSuite">
    <skipped/>
  </testcase> <!-- eventtabsOutvalidationInDetails -->
  <testcase name="eventCommonvalidationInDetails" time="0.0" classname="Testcases.LeadTestSuite">
    <skipped/>
  </testcase> <!-- eventCommonvalidationInDetails -->
  <testcase name="deleteEventFromDetailsPage" time="0.0" classname="Testcases.LeadTestSuite">
    <skipped/>
  </testcase> <!-- deleteEventFromDetailsPage -->
  <testcase name="editEventFromDetails" time="0.0" classname="Testcases.LeadTestSuite">
    <skipped/>
  </testcase> <!-- editEventFromDetails -->
  <testcase name="addAttachmentInDetails" time="0.0" classname="Testcases.LeadTestSuite">
    <skipped/>
  </testcase> <!-- addAttachmentInDetails -->
  <testcase name="addAttchemntvalidation" time="0.001" classname="Testcases.LeadTestSuite">
    <skipped/>
  </testcase> <!-- addAttchemntvalidation -->
  <testcase name="addtaskInDetails" time="0.0" classname="Testcases.LeadTestSuite">
    <skipped/>
  </testcase> <!-- addtaskInDetails -->
  <testcase name="verifytaskInDetails" time="0.001" classname="Testcases.LeadTestSuite">
    <skipped/>
  </testcase> <!-- verifytaskInDetails -->
  <testcase name="deleteTaskFromDetails" time="0.0" classname="Testcases.LeadTestSuite">
    <skipped/>
  </testcase> <!-- deleteTaskFromDetails -->
  <testcase name="edittaskFromDetails" time="0.001" classname="Testcases.LeadTestSuite">
    <skipped/>
  </testcase> <!-- edittaskFromDetails -->
  <testcase name="inlinedEditDetailsPage" time="0.001" classname="Testcases.LeadTestSuite">
    <skipped/>
  </testcase> <!-- inlinedEditDetailsPage -->
  <testcase name="checkHeaderAfterInlineEdit" time="0.001" classname="Testcases.LeadTestSuite">
    <skipped/>
  </testcase> <!-- checkHeaderAfterInlineEdit -->
  <testcase name="editFromDetailsPage" time="0.0" classname="Testcases.LeadTestSuite">
    <skipped/>
  </testcase> <!-- editFromDetailsPage -->
  <testcase name="deleteLeadFromDetailsPage" time="0.0" classname="Testcases.LeadTestSuite">
    <skipped/>
  </testcase> <!-- deleteLeadFromDetailsPage -->
  <testcase name="deleteLeadInListingPage" time="0.0" classname="Testcases.LeadTestSuite">
    <skipped/>
  </testcase> <!-- deleteLeadInListingPage -->
</testsuite> <!-- PepperCloudCRM-Lead -->
