<html>
<head>
<title>TestNG:  PepperCloudCRM-Lead</title>
<link href="../testng.css" rel="stylesheet" type="text/css" />
<link href="../my-testng.css" rel="stylesheet" type="text/css" />

<style type="text/css">
.log { display: none;} 
.stack-trace { display: none;} 
</style>
<script type="text/javascript">
<!--
function flip(e) {
  current = e.style.display;
  if (current == 'block') {
    e.style.display = 'none';
    return 0;
  }
  else {
    e.style.display = 'block';
    return 1;
  }
}

function toggleBox(szDivId, elem, msg1, msg2)
{
  var res = -1;  if (document.getElementById) {
    res = flip(document.getElementById(szDivId));
  }
  else if (document.all) {
    // this is the way old msie versions work
    res = flip(document.all[szDivId]);
  }
  if(elem) {
    if(res == 0) elem.innerHTML = msg1; else elem.innerHTML = msg2;
  }

}

function toggleAllBoxes() {
  if (document.getElementsByTagName) {
    d = document.getElementsByTagName('div');
    for (i = 0; i < d.length; i++) {
      if (d[i].className == 'log') {
        flip(d[i]);
      }
    }
  }
}

// -->
</script>

</head>
<body>
<h2 align='center'>PepperCloudCRM-Lead</h2><table border='1' align="center">
<tr>
<td>Tests passed/Failed/Skipped:</td><td>1/5/294</td>
</tr><tr>
<td>Started on:</td><td>Wed Feb 27 12:50:31 IST 2019</td>
</tr>
<tr><td>Total time:</td><td>25 seconds (25360 ms)</td>
</tr><tr>
<td>Included groups:</td><td></td>
</tr><tr>
<td>Excluded groups:</td><td></td>
</tr>
</table><p/>
<small><i>(Hover the method name to see the test class name)</i></small><p/>
<table width='100%' border='1' class='invocation-failed'>
<tr><td colspan='4' align='center'><b>FAILED CONFIGURATIONS</b></td></tr>
<tr><td><b>Test method</b></td>
<td width="30%"><b>Exception</b></td>
<td width="10%"><b>Time (seconds)</b></td>
<td><b>Instance</b></td>
</tr>
<tr>
<td title='Testcases.AccountsTest.thinkTime()'><b>thinkTime</b><br>Test class: Testcases.AccountsTest</td>
<td><div><pre>org.openqa.selenium.NoSuchWindowException: no such window: target window already closed
from unknown error: web view not found
  (Session info: chrome=72.0.3626.119)
  (Driver info: chromedriver=2.41.578737 (49da6702b16031c40d63e5618de03a32ff6c197e),platform=Windows NT 10.0.17763 x86_64) (WARNING: The server did not provide any stacktrace information)
Command duration or timeout: 0 milliseconds
Build info: version: &apos;3.14.0&apos;, revision: &apos;aacccce0&apos;, time: &apos;2018-08-02T20:19:58.91Z&apos;
System info: host: &apos;NIS-PC053&apos;, ip: &apos;192.168.1.53&apos;, os.name: &apos;Windows 10&apos;, os.arch: &apos;amd64&apos;, os.version: &apos;10.0&apos;, java.version: &apos;1.8.0_92&apos;
Driver info: org.openqa.selenium.chrome.ChromeDriver
Capabilities {acceptInsecureCerts: false, acceptSslCerts: false, applicationCacheEnabled: false, browserConnectionEnabled: false, browserName: chrome, chrome: {chromedriverVersion: 2.41.578737 (49da6702b16031..., userDataDir: C:\Users\NICHIU~1\AppData\L...}, cssSelectorsEnabled: true, databaseEnabled: false, goog:chromeOptions: {debuggerAddress: localhost:64156}, handlesAlerts: true, hasTouchScreen: false, javascriptEnabled: true, locationContextEnabled: true, mobileEmulationEnabled: false, nativeEvents: true, networkConnectionEnabled: false, pageLoadStrategy: normal, platform: XP, platformName: XP, rotatable: false, setWindowRect: true, takesHeapSnapshot: true, takesScreenshot: true, unexpectedAlertBehaviour: , unhandledPromptBehavior: , version: 72.0.3626.119, webStorageEnabled: true}
Session ID: 6675f0155617f85397452c81af1a18ac
	at org.openqa.selenium.remote.ErrorHandler.createThrowable(ErrorHandler.java:214)
	at org.openqa.selenium.remote.ErrorHandler.throwIfResponseFailed(ErrorHandler.java:166)
	at org.openqa.selenium.remote.http.JsonHttpResponseCodec.reconstructValue(JsonHttpResponseCodec.java:40)
	at org.openqa.selenium.remote.http.AbstractHttpResponseCodec.decode(AbstractHttpResponseCodec.java:80)
	at org.openqa.selenium.remote.http.AbstractHttpResponseCodec.decode(AbstractHttpResponseCodec.java:44)
	at org.openqa.selenium.remote.HttpCommandExecutor.execute(HttpCommandExecutor.java:158)
	at org.openqa.selenium.remote.service.DriverCommandExecutor.execute(DriverCommandExecutor.java:83)
	at org.openqa.selenium.remote.RemoteWebDriver.execute(RemoteWebDriver.java:548)
	at org.openqa.selenium.remote.RemoteWebDriver.execute(RemoteWebDriver.java:605)
	at org.openqa.selenium.remote.RemoteWebDriver$RemoteNavigation.refresh(RemoteWebDriver.java:861)
	at Testcases.AccountsTest.thinkTime(AccountsTest.java:154)
... Removed 31 stack frames</pre></div><a href='#' onClick='toggleBox("stack-trace5395829", this, "Click to show all stack frames", "Click to hide stack frames")'>Click to show all stack frames</a>
<div class='stack-trace' id='stack-trace5395829'><pre>org.openqa.selenium.NoSuchWindowException: no such window: target window already closed
from unknown error: web view not found
  (Session info: chrome=72.0.3626.119)
  (Driver info: chromedriver=2.41.578737 (49da6702b16031c40d63e5618de03a32ff6c197e),platform=Windows NT 10.0.17763 x86_64) (WARNING: The server did not provide any stacktrace information)
Command duration or timeout: 0 milliseconds
Build info: version: &apos;3.14.0&apos;, revision: &apos;aacccce0&apos;, time: &apos;2018-08-02T20:19:58.91Z&apos;
System info: host: &apos;NIS-PC053&apos;, ip: &apos;192.168.1.53&apos;, os.name: &apos;Windows 10&apos;, os.arch: &apos;amd64&apos;, os.version: &apos;10.0&apos;, java.version: &apos;1.8.0_92&apos;
Driver info: org.openqa.selenium.chrome.ChromeDriver
Capabilities {acceptInsecureCerts: false, acceptSslCerts: false, applicationCacheEnabled: false, browserConnectionEnabled: false, browserName: chrome, chrome: {chromedriverVersion: 2.41.578737 (49da6702b16031..., userDataDir: C:\Users\NICHIU~1\AppData\L...}, cssSelectorsEnabled: true, databaseEnabled: false, goog:chromeOptions: {debuggerAddress: localhost:64156}, handlesAlerts: true, hasTouchScreen: false, javascriptEnabled: true, locationContextEnabled: true, mobileEmulationEnabled: false, nativeEvents: true, networkConnectionEnabled: false, pageLoadStrategy: normal, platform: XP, platformName: XP, rotatable: false, setWindowRect: true, takesHeapSnapshot: true, takesScreenshot: true, unexpectedAlertBehaviour: , unhandledPromptBehavior: , version: 72.0.3626.119, webStorageEnabled: true}
Session ID: 6675f0155617f85397452c81af1a18ac
	at sun.reflect.NativeConstructorAccessorImpl.newInstance0(Native Method)
	at sun.reflect.NativeConstructorAccessorImpl.newInstance(Unknown Source)
	at sun.reflect.DelegatingConstructorAccessorImpl.newInstance(Unknown Source)
	at java.lang.reflect.Constructor.newInstance(Unknown Source)
	at org.openqa.selenium.remote.ErrorHandler.createThrowable(ErrorHandler.java:214)
	at org.openqa.selenium.remote.ErrorHandler.throwIfResponseFailed(ErrorHandler.java:166)
	at org.openqa.selenium.remote.http.JsonHttpResponseCodec.reconstructValue(JsonHttpResponseCodec.java:40)
	at org.openqa.selenium.remote.http.AbstractHttpResponseCodec.decode(AbstractHttpResponseCodec.java:80)
	at org.openqa.selenium.remote.http.AbstractHttpResponseCodec.decode(AbstractHttpResponseCodec.java:44)
	at org.openqa.selenium.remote.HttpCommandExecutor.execute(HttpCommandExecutor.java:158)
	at org.openqa.selenium.remote.service.DriverCommandExecutor.execute(DriverCommandExecutor.java:83)
	at org.openqa.selenium.remote.RemoteWebDriver.execute(RemoteWebDriver.java:548)
	at org.openqa.selenium.remote.RemoteWebDriver.execute(RemoteWebDriver.java:605)
	at org.openqa.selenium.remote.RemoteWebDriver$RemoteNavigation.refresh(RemoteWebDriver.java:861)
	at Testcases.AccountsTest.thinkTime(AccountsTest.java:154)
	at sun.reflect.NativeMethodAccessorImpl.invoke0(Native Method)
	at sun.reflect.NativeMethodAccessorImpl.invoke(Unknown Source)
	at sun.reflect.DelegatingMethodAccessorImpl.invoke(Unknown Source)
	at java.lang.reflect.Method.invoke(Unknown Source)
	at org.testng.internal.MethodInvocationHelper.invokeMethod(MethodInvocationHelper.java:100)
	at org.testng.internal.Invoker.invokeConfigurationMethod(Invoker.java:515)
	at org.testng.internal.Invoker.invokeConfigurations(Invoker.java:216)
	at org.testng.internal.Invoker.invokeMethod(Invoker.java:590)
	at org.testng.internal.Invoker.invokeTestMethod(Invoker.java:811)
	at org.testng.internal.Invoker.invokeTestMethods(Invoker.java:1129)
	at org.testng.internal.TestMethodWorker.invokeTestMethods(TestMethodWorker.java:129)
	at org.testng.internal.TestMethodWorker.run(TestMethodWorker.java:112)
	at org.testng.TestRunner.privateRun(TestRunner.java:746)
	at org.testng.TestRunner.run(TestRunner.java:600)
	at org.testng.SuiteRunner.runTest(SuiteRunner.java:366)
	at org.testng.SuiteRunner.runSequentially(SuiteRunner.java:361)
	at org.testng.SuiteRunner.privateRun(SuiteRunner.java:319)
	at org.testng.SuiteRunner.run(SuiteRunner.java:268)
	at org.testng.SuiteRunnerWorker.runSuite(SuiteRunnerWorker.java:52)
	at org.testng.SuiteRunnerWorker.run(SuiteRunnerWorker.java:86)
	at org.testng.TestNG.runSuitesSequentially(TestNG.java:1264)
	at org.testng.TestNG.runSuitesLocally(TestNG.java:1189)
	at org.testng.TestNG.runSuites(TestNG.java:1104)
	at org.testng.TestNG.run(TestNG.java:1076)
	at org.testng.remote.AbstractRemoteTestNG.run(AbstractRemoteTestNG.java:126)
	at org.testng.remote.RemoteTestNG.initAndRun(RemoteTestNG.java:152)
	at org.testng.remote.RemoteTestNG.main(RemoteTestNG.java:57)
</pre></div></td>
<td>0</td>
<td>Testcases.AccountsTest@dc24521</td></tr>
<tr>
<td title='Testcases.OpportunityTest.thinkTime()'><b>thinkTime</b><br>Test class: Testcases.OpportunityTest</td>
<td><div><pre>org.openqa.selenium.NoSuchWindowException: no such window: target window already closed
from unknown error: web view not found
  (Session info: chrome=72.0.3626.119)
  (Driver info: chromedriver=2.41.578737 (49da6702b16031c40d63e5618de03a32ff6c197e),platform=Windows NT 10.0.17763 x86_64) (WARNING: The server did not provide any stacktrace information)
Command duration or timeout: 0 milliseconds
Build info: version: &apos;3.14.0&apos;, revision: &apos;aacccce0&apos;, time: &apos;2018-08-02T20:19:58.91Z&apos;
System info: host: &apos;NIS-PC053&apos;, ip: &apos;192.168.1.53&apos;, os.name: &apos;Windows 10&apos;, os.arch: &apos;amd64&apos;, os.version: &apos;10.0&apos;, java.version: &apos;1.8.0_92&apos;
Driver info: org.openqa.selenium.chrome.ChromeDriver
Capabilities {acceptInsecureCerts: false, acceptSslCerts: false, applicationCacheEnabled: false, browserConnectionEnabled: false, browserName: chrome, chrome: {chromedriverVersion: 2.41.578737 (49da6702b16031..., userDataDir: C:\Users\NICHIU~1\AppData\L...}, cssSelectorsEnabled: true, databaseEnabled: false, goog:chromeOptions: {debuggerAddress: localhost:64156}, handlesAlerts: true, hasTouchScreen: false, javascriptEnabled: true, locationContextEnabled: true, mobileEmulationEnabled: false, nativeEvents: true, networkConnectionEnabled: false, pageLoadStrategy: normal, platform: XP, platformName: XP, rotatable: false, setWindowRect: true, takesHeapSnapshot: true, takesScreenshot: true, unexpectedAlertBehaviour: , unhandledPromptBehavior: , version: 72.0.3626.119, webStorageEnabled: true}
Session ID: 6675f0155617f85397452c81af1a18ac
	at org.openqa.selenium.remote.ErrorHandler.createThrowable(ErrorHandler.java:214)
	at org.openqa.selenium.remote.ErrorHandler.throwIfResponseFailed(ErrorHandler.java:166)
	at org.openqa.selenium.remote.http.JsonHttpResponseCodec.reconstructValue(JsonHttpResponseCodec.java:40)
	at org.openqa.selenium.remote.http.AbstractHttpResponseCodec.decode(AbstractHttpResponseCodec.java:80)
	at org.openqa.selenium.remote.http.AbstractHttpResponseCodec.decode(AbstractHttpResponseCodec.java:44)
	at org.openqa.selenium.remote.HttpCommandExecutor.execute(HttpCommandExecutor.java:158)
	at org.openqa.selenium.remote.service.DriverCommandExecutor.execute(DriverCommandExecutor.java:83)
	at org.openqa.selenium.remote.RemoteWebDriver.execute(RemoteWebDriver.java:548)
	at org.openqa.selenium.remote.RemoteWebDriver.execute(RemoteWebDriver.java:605)
	at org.openqa.selenium.remote.RemoteWebDriver$RemoteNavigation.refresh(RemoteWebDriver.java:861)
	at Testcases.OpportunityTest.thinkTime(OpportunityTest.java:130)
... Removed 31 stack frames</pre></div><a href='#' onClick='toggleBox("stack-trace484199463", this, "Click to show all stack frames", "Click to hide stack frames")'>Click to show all stack frames</a>
<div class='stack-trace' id='stack-trace484199463'><pre>org.openqa.selenium.NoSuchWindowException: no such window: target window already closed
from unknown error: web view not found
  (Session info: chrome=72.0.3626.119)
  (Driver info: chromedriver=2.41.578737 (49da6702b16031c40d63e5618de03a32ff6c197e),platform=Windows NT 10.0.17763 x86_64) (WARNING: The server did not provide any stacktrace information)
Command duration or timeout: 0 milliseconds
Build info: version: &apos;3.14.0&apos;, revision: &apos;aacccce0&apos;, time: &apos;2018-08-02T20:19:58.91Z&apos;
System info: host: &apos;NIS-PC053&apos;, ip: &apos;192.168.1.53&apos;, os.name: &apos;Windows 10&apos;, os.arch: &apos;amd64&apos;, os.version: &apos;10.0&apos;, java.version: &apos;1.8.0_92&apos;
Driver info: org.openqa.selenium.chrome.ChromeDriver
Capabilities {acceptInsecureCerts: false, acceptSslCerts: false, applicationCacheEnabled: false, browserConnectionEnabled: false, browserName: chrome, chrome: {chromedriverVersion: 2.41.578737 (49da6702b16031..., userDataDir: C:\Users\NICHIU~1\AppData\L...}, cssSelectorsEnabled: true, databaseEnabled: false, goog:chromeOptions: {debuggerAddress: localhost:64156}, handlesAlerts: true, hasTouchScreen: false, javascriptEnabled: true, locationContextEnabled: true, mobileEmulationEnabled: false, nativeEvents: true, networkConnectionEnabled: false, pageLoadStrategy: normal, platform: XP, platformName: XP, rotatable: false, setWindowRect: true, takesHeapSnapshot: true, takesScreenshot: true, unexpectedAlertBehaviour: , unhandledPromptBehavior: , version: 72.0.3626.119, webStorageEnabled: true}
Session ID: 6675f0155617f85397452c81af1a18ac
	at sun.reflect.NativeConstructorAccessorImpl.newInstance0(Native Method)
	at sun.reflect.NativeConstructorAccessorImpl.newInstance(Unknown Source)
	at sun.reflect.DelegatingConstructorAccessorImpl.newInstance(Unknown Source)
	at java.lang.reflect.Constructor.newInstance(Unknown Source)
	at org.openqa.selenium.remote.ErrorHandler.createThrowable(ErrorHandler.java:214)
	at org.openqa.selenium.remote.ErrorHandler.throwIfResponseFailed(ErrorHandler.java:166)
	at org.openqa.selenium.remote.http.JsonHttpResponseCodec.reconstructValue(JsonHttpResponseCodec.java:40)
	at org.openqa.selenium.remote.http.AbstractHttpResponseCodec.decode(AbstractHttpResponseCodec.java:80)
	at org.openqa.selenium.remote.http.AbstractHttpResponseCodec.decode(AbstractHttpResponseCodec.java:44)
	at org.openqa.selenium.remote.HttpCommandExecutor.execute(HttpCommandExecutor.java:158)
	at org.openqa.selenium.remote.service.DriverCommandExecutor.execute(DriverCommandExecutor.java:83)
	at org.openqa.selenium.remote.RemoteWebDriver.execute(RemoteWebDriver.java:548)
	at org.openqa.selenium.remote.RemoteWebDriver.execute(RemoteWebDriver.java:605)
	at org.openqa.selenium.remote.RemoteWebDriver$RemoteNavigation.refresh(RemoteWebDriver.java:861)
	at Testcases.OpportunityTest.thinkTime(OpportunityTest.java:130)
	at sun.reflect.NativeMethodAccessorImpl.invoke0(Native Method)
	at sun.reflect.NativeMethodAccessorImpl.invoke(Unknown Source)
	at sun.reflect.DelegatingMethodAccessorImpl.invoke(Unknown Source)
	at java.lang.reflect.Method.invoke(Unknown Source)
	at org.testng.internal.MethodInvocationHelper.invokeMethod(MethodInvocationHelper.java:100)
	at org.testng.internal.Invoker.invokeConfigurationMethod(Invoker.java:515)
	at org.testng.internal.Invoker.invokeConfigurations(Invoker.java:216)
	at org.testng.internal.Invoker.invokeMethod(Invoker.java:590)
	at org.testng.internal.Invoker.invokeTestMethod(Invoker.java:811)
	at org.testng.internal.Invoker.invokeTestMethods(Invoker.java:1129)
	at org.testng.internal.TestMethodWorker.invokeTestMethods(TestMethodWorker.java:129)
	at org.testng.internal.TestMethodWorker.run(TestMethodWorker.java:112)
	at org.testng.TestRunner.privateRun(TestRunner.java:746)
	at org.testng.TestRunner.run(TestRunner.java:600)
	at org.testng.SuiteRunner.runTest(SuiteRunner.java:366)
	at org.testng.SuiteRunner.runSequentially(SuiteRunner.java:361)
	at org.testng.SuiteRunner.privateRun(SuiteRunner.java:319)
	at org.testng.SuiteRunner.run(SuiteRunner.java:268)
	at org.testng.SuiteRunnerWorker.runSuite(SuiteRunnerWorker.java:52)
	at org.testng.SuiteRunnerWorker.run(SuiteRunnerWorker.java:86)
	at org.testng.TestNG.runSuitesSequentially(TestNG.java:1264)
	at org.testng.TestNG.runSuitesLocally(TestNG.java:1189)
	at org.testng.TestNG.runSuites(TestNG.java:1104)
	at org.testng.TestNG.run(TestNG.java:1076)
	at org.testng.remote.AbstractRemoteTestNG.run(AbstractRemoteTestNG.java:126)
	at org.testng.remote.RemoteTestNG.initAndRun(RemoteTestNG.java:152)
	at org.testng.remote.RemoteTestNG.main(RemoteTestNG.java:57)
</pre></div></td>
<td>0</td>
<td>Testcases.OpportunityTest@10bdf5e5</td></tr>
<tr>
<td title='Testcases.LeadTestSuite.thinkTime()'><b>thinkTime</b><br>Test class: Testcases.LeadTestSuite</td>
<td><div><pre>org.openqa.selenium.NoSuchWindowException: no such window: target window already closed
from unknown error: web view not found
  (Session info: chrome=72.0.3626.119)
  (Driver info: chromedriver=2.41.578737 (49da6702b16031c40d63e5618de03a32ff6c197e),platform=Windows NT 10.0.17763 x86_64) (WARNING: The server did not provide any stacktrace information)
Command duration or timeout: 0 milliseconds
Build info: version: &apos;3.14.0&apos;, revision: &apos;aacccce0&apos;, time: &apos;2018-08-02T20:19:58.91Z&apos;
System info: host: &apos;NIS-PC053&apos;, ip: &apos;192.168.1.53&apos;, os.name: &apos;Windows 10&apos;, os.arch: &apos;amd64&apos;, os.version: &apos;10.0&apos;, java.version: &apos;1.8.0_92&apos;
Driver info: org.openqa.selenium.chrome.ChromeDriver
Capabilities {acceptInsecureCerts: false, acceptSslCerts: false, applicationCacheEnabled: false, browserConnectionEnabled: false, browserName: chrome, chrome: {chromedriverVersion: 2.41.578737 (49da6702b16031..., userDataDir: C:\Users\NICHIU~1\AppData\L...}, cssSelectorsEnabled: true, databaseEnabled: false, goog:chromeOptions: {debuggerAddress: localhost:64156}, handlesAlerts: true, hasTouchScreen: false, javascriptEnabled: true, locationContextEnabled: true, mobileEmulationEnabled: false, nativeEvents: true, networkConnectionEnabled: false, pageLoadStrategy: normal, platform: XP, platformName: XP, rotatable: false, setWindowRect: true, takesHeapSnapshot: true, takesScreenshot: true, unexpectedAlertBehaviour: , unhandledPromptBehavior: , version: 72.0.3626.119, webStorageEnabled: true}
Session ID: 6675f0155617f85397452c81af1a18ac
	at org.openqa.selenium.remote.ErrorHandler.createThrowable(ErrorHandler.java:214)
	at org.openqa.selenium.remote.ErrorHandler.throwIfResponseFailed(ErrorHandler.java:166)
	at org.openqa.selenium.remote.http.JsonHttpResponseCodec.reconstructValue(JsonHttpResponseCodec.java:40)
	at org.openqa.selenium.remote.http.AbstractHttpResponseCodec.decode(AbstractHttpResponseCodec.java:80)
	at org.openqa.selenium.remote.http.AbstractHttpResponseCodec.decode(AbstractHttpResponseCodec.java:44)
	at org.openqa.selenium.remote.HttpCommandExecutor.execute(HttpCommandExecutor.java:158)
	at org.openqa.selenium.remote.service.DriverCommandExecutor.execute(DriverCommandExecutor.java:83)
	at org.openqa.selenium.remote.RemoteWebDriver.execute(RemoteWebDriver.java:548)
	at org.openqa.selenium.remote.RemoteWebDriver.execute(RemoteWebDriver.java:605)
	at org.openqa.selenium.remote.RemoteWebDriver$RemoteNavigation.refresh(RemoteWebDriver.java:861)
	at Testcases.LeadTestSuite.thinkTime(LeadTestSuite.java:73)
... Removed 31 stack frames</pre></div><a href='#' onClick='toggleBox("stack-trace793293778", this, "Click to show all stack frames", "Click to hide stack frames")'>Click to show all stack frames</a>
<div class='stack-trace' id='stack-trace793293778'><pre>org.openqa.selenium.NoSuchWindowException: no such window: target window already closed
from unknown error: web view not found
  (Session info: chrome=72.0.3626.119)
  (Driver info: chromedriver=2.41.578737 (49da6702b16031c40d63e5618de03a32ff6c197e),platform=Windows NT 10.0.17763 x86_64) (WARNING: The server did not provide any stacktrace information)
Command duration or timeout: 0 milliseconds
Build info: version: &apos;3.14.0&apos;, revision: &apos;aacccce0&apos;, time: &apos;2018-08-02T20:19:58.91Z&apos;
System info: host: &apos;NIS-PC053&apos;, ip: &apos;192.168.1.53&apos;, os.name: &apos;Windows 10&apos;, os.arch: &apos;amd64&apos;, os.version: &apos;10.0&apos;, java.version: &apos;1.8.0_92&apos;
Driver info: org.openqa.selenium.chrome.ChromeDriver
Capabilities {acceptInsecureCerts: false, acceptSslCerts: false, applicationCacheEnabled: false, browserConnectionEnabled: false, browserName: chrome, chrome: {chromedriverVersion: 2.41.578737 (49da6702b16031..., userDataDir: C:\Users\NICHIU~1\AppData\L...}, cssSelectorsEnabled: true, databaseEnabled: false, goog:chromeOptions: {debuggerAddress: localhost:64156}, handlesAlerts: true, hasTouchScreen: false, javascriptEnabled: true, locationContextEnabled: true, mobileEmulationEnabled: false, nativeEvents: true, networkConnectionEnabled: false, pageLoadStrategy: normal, platform: XP, platformName: XP, rotatable: false, setWindowRect: true, takesHeapSnapshot: true, takesScreenshot: true, unexpectedAlertBehaviour: , unhandledPromptBehavior: , version: 72.0.3626.119, webStorageEnabled: true}
Session ID: 6675f0155617f85397452c81af1a18ac
	at sun.reflect.NativeConstructorAccessorImpl.newInstance0(Native Method)
	at sun.reflect.NativeConstructorAccessorImpl.newInstance(Unknown Source)
	at sun.reflect.DelegatingConstructorAccessorImpl.newInstance(Unknown Source)
	at java.lang.reflect.Constructor.newInstance(Unknown Source)
	at org.openqa.selenium.remote.ErrorHandler.createThrowable(ErrorHandler.java:214)
	at org.openqa.selenium.remote.ErrorHandler.throwIfResponseFailed(ErrorHandler.java:166)
	at org.openqa.selenium.remote.http.JsonHttpResponseCodec.reconstructValue(JsonHttpResponseCodec.java:40)
	at org.openqa.selenium.remote.http.AbstractHttpResponseCodec.decode(AbstractHttpResponseCodec.java:80)
	at org.openqa.selenium.remote.http.AbstractHttpResponseCodec.decode(AbstractHttpResponseCodec.java:44)
	at org.openqa.selenium.remote.HttpCommandExecutor.execute(HttpCommandExecutor.java:158)
	at org.openqa.selenium.remote.service.DriverCommandExecutor.execute(DriverCommandExecutor.java:83)
	at org.openqa.selenium.remote.RemoteWebDriver.execute(RemoteWebDriver.java:548)
	at org.openqa.selenium.remote.RemoteWebDriver.execute(RemoteWebDriver.java:605)
	at org.openqa.selenium.remote.RemoteWebDriver$RemoteNavigation.refresh(RemoteWebDriver.java:861)
	at Testcases.LeadTestSuite.thinkTime(LeadTestSuite.java:73)
	at sun.reflect.NativeMethodAccessorImpl.invoke0(Native Method)
	at sun.reflect.NativeMethodAccessorImpl.invoke(Unknown Source)
	at sun.reflect.DelegatingMethodAccessorImpl.invoke(Unknown Source)
	at java.lang.reflect.Method.invoke(Unknown Source)
	at org.testng.internal.MethodInvocationHelper.invokeMethod(MethodInvocationHelper.java:100)
	at org.testng.internal.Invoker.invokeConfigurationMethod(Invoker.java:515)
	at org.testng.internal.Invoker.invokeConfigurations(Invoker.java:216)
	at org.testng.internal.Invoker.invokeMethod(Invoker.java:590)
	at org.testng.internal.Invoker.invokeTestMethod(Invoker.java:811)
	at org.testng.internal.Invoker.invokeTestMethods(Invoker.java:1129)
	at org.testng.internal.TestMethodWorker.invokeTestMethods(TestMethodWorker.java:129)
	at org.testng.internal.TestMethodWorker.run(TestMethodWorker.java:112)
	at org.testng.TestRunner.privateRun(TestRunner.java:746)
	at org.testng.TestRunner.run(TestRunner.java:600)
	at org.testng.SuiteRunner.runTest(SuiteRunner.java:366)
	at org.testng.SuiteRunner.runSequentially(SuiteRunner.java:361)
	at org.testng.SuiteRunner.privateRun(SuiteRunner.java:319)
	at org.testng.SuiteRunner.run(SuiteRunner.java:268)
	at org.testng.SuiteRunnerWorker.runSuite(SuiteRunnerWorker.java:52)
	at org.testng.SuiteRunnerWorker.run(SuiteRunnerWorker.java:86)
	at org.testng.TestNG.runSuitesSequentially(TestNG.java:1264)
	at org.testng.TestNG.runSuitesLocally(TestNG.java:1189)
	at org.testng.TestNG.runSuites(TestNG.java:1104)
	at org.testng.TestNG.run(TestNG.java:1076)
	at org.testng.remote.AbstractRemoteTestNG.run(AbstractRemoteTestNG.java:126)
	at org.testng.remote.RemoteTestNG.initAndRun(RemoteTestNG.java:152)
	at org.testng.remote.RemoteTestNG.main(RemoteTestNG.java:57)
</pre></div></td>
<td>0</td>
<td>Testcases.LeadTestSuite@6e1ec318</td></tr>
</table><p>
<table width='100%' border='1' class='invocation-skipped'>
<tr><td colspan='4' align='center'><b>SKIPPED CONFIGURATIONS</b></td></tr>
<tr><td><b>Test method</b></td>
<td width="30%"><b>Exception</b></td>
<td width="10%"><b>Time (seconds)</b></td>
<td><b>Instance</b></td>
</tr>
<tr>
<td title='Testcases.AccountsTest.thinkTime()'><b>thinkTime</b><br>Test class: Testcases.AccountsTest</td>
<td></td>
<td>0</td>
<td>Testcases.AccountsTest@dc24521</td></tr>
<tr>
<td title='Testcases.AccountsTest.thinkTime()'><b>thinkTime</b><br>Test class: Testcases.AccountsTest</td>
<td></td>
<td>0</td>
<td>Testcases.AccountsTest@dc24521</td></tr>
<tr>
<td title='Testcases.AccountsTest.thinkTime()'><b>thinkTime</b><br>Test class: Testcases.AccountsTest</td>
<td></td>
<td>0</td>
<td>Testcases.AccountsTest@dc24521</td></tr>
<tr>
<td title='Testcases.AccountsTest.thinkTime()'><b>thinkTime</b><br>Test class: Testcases.AccountsTest</td>
<td></td>
<td>0</td>
<td>Testcases.AccountsTest@dc24521</td></tr>
<tr>
<td title='Testcases.AccountsTest.thinkTime()'><b>thinkTime</b><br>Test class: Testcases.AccountsTest</td>
<td></td>
<td>0</td>
<td>Testcases.AccountsTest@dc24521</td></tr>
<tr>
<td title='Testcases.AccountsTest.thinkTime()'><b>thinkTime</b><br>Test class: Testcases.AccountsTest</td>
<td></td>
<td>0</td>
<td>Testcases.AccountsTest@dc24521</td></tr>
<tr>
<td title='Testcases.AccountsTest.thinkTime()'><b>thinkTime</b><br>Test class: Testcases.AccountsTest</td>
<td></td>
<td>0</td>
<td>Testcases.AccountsTest@dc24521</td></tr>
<tr>
<td title='Testcases.AccountsTest.thinkTime()'><b>thinkTime</b><br>Test class: Testcases.AccountsTest</td>
<td></td>
<td>0</td>
<td>Testcases.AccountsTest@dc24521</td></tr>
<tr>
<td title='Testcases.AccountsTest.thinkTime()'><b>thinkTime</b><br>Test class: Testcases.AccountsTest</td>
<td></td>
<td>0</td>
<td>Testcases.AccountsTest@dc24521</td></tr>
<tr>
<td title='Testcases.AccountsTest.thinkTime()'><b>thinkTime</b><br>Test class: Testcases.AccountsTest</td>
<td></td>
<td>0</td>
<td>Testcases.AccountsTest@dc24521</td></tr>
<tr>
<td title='Testcases.AccountsTest.thinkTime()'><b>thinkTime</b><br>Test class: Testcases.AccountsTest</td>
<td></td>
<td>0</td>
<td>Testcases.AccountsTest@dc24521</td></tr>
<tr>
<td title='Testcases.AccountsTest.thinkTime()'><b>thinkTime</b><br>Test class: Testcases.AccountsTest</td>
<td></td>
<td>0</td>
<td>Testcases.AccountsTest@dc24521</td></tr>
<tr>
<td title='Testcases.AccountsTest.thinkTime()'><b>thinkTime</b><br>Test class: Testcases.AccountsTest</td>
<td></td>
<td>0</td>
<td>Testcases.AccountsTest@dc24521</td></tr>
<tr>
<td title='Testcases.AccountsTest.thinkTime()'><b>thinkTime</b><br>Test class: Testcases.AccountsTest</td>
<td></td>
<td>0</td>
<td>Testcases.AccountsTest@dc24521</td></tr>
<tr>
<td title='Testcases.AccountsTest.thinkTime()'><b>thinkTime</b><br>Test class: Testcases.AccountsTest</td>
<td></td>
<td>0</td>
<td>Testcases.AccountsTest@dc24521</td></tr>
<tr>
<td title='Testcases.AccountsTest.thinkTime()'><b>thinkTime</b><br>Test class: Testcases.AccountsTest</td>
<td></td>
<td>0</td>
<td>Testcases.AccountsTest@dc24521</td></tr>
<tr>
<td title='Testcases.AccountsTest.thinkTime()'><b>thinkTime</b><br>Test class: Testcases.AccountsTest</td>
<td></td>
<td>0</td>
<td>Testcases.AccountsTest@dc24521</td></tr>
<tr>
<td title='Testcases.AccountsTest.thinkTime()'><b>thinkTime</b><br>Test class: Testcases.AccountsTest</td>
<td></td>
<td>0</td>
<td>Testcases.AccountsTest@dc24521</td></tr>
<tr>
<td title='Testcases.AccountsTest.thinkTime()'><b>thinkTime</b><br>Test class: Testcases.AccountsTest</td>
<td></td>
<td>0</td>
<td>Testcases.AccountsTest@dc24521</td></tr>
<tr>
<td title='Testcases.AccountsTest.thinkTime()'><b>thinkTime</b><br>Test class: Testcases.AccountsTest</td>
<td></td>
<td>0</td>
<td>Testcases.AccountsTest@dc24521</td></tr>
<tr>
<td title='Testcases.AccountsTest.thinkTime()'><b>thinkTime</b><br>Test class: Testcases.AccountsTest</td>
<td></td>
<td>0</td>
<td>Testcases.AccountsTest@dc24521</td></tr>
<tr>
<td title='Testcases.AccountsTest.thinkTime()'><b>thinkTime</b><br>Test class: Testcases.AccountsTest</td>
<td></td>
<td>0</td>
<td>Testcases.AccountsTest@dc24521</td></tr>
<tr>
<td title='Testcases.AccountsTest.thinkTime()'><b>thinkTime</b><br>Test class: Testcases.AccountsTest</td>
<td></td>
<td>0</td>
<td>Testcases.AccountsTest@dc24521</td></tr>
<tr>
<td title='Testcases.AccountsTest.thinkTime()'><b>thinkTime</b><br>Test class: Testcases.AccountsTest</td>
<td></td>
<td>0</td>
<td>Testcases.AccountsTest@dc24521</td></tr>
<tr>
<td title='Testcases.AccountsTest.thinkTime()'><b>thinkTime</b><br>Test class: Testcases.AccountsTest</td>
<td></td>
<td>0</td>
<td>Testcases.AccountsTest@dc24521</td></tr>
<tr>
<td title='Testcases.AccountsTest.thinkTime()'><b>thinkTime</b><br>Test class: Testcases.AccountsTest</td>
<td></td>
<td>0</td>
<td>Testcases.AccountsTest@dc24521</td></tr>
<tr>
<td title='Testcases.AccountsTest.thinkTime()'><b>thinkTime</b><br>Test class: Testcases.AccountsTest</td>
<td></td>
<td>0</td>
<td>Testcases.AccountsTest@dc24521</td></tr>
<tr>
<td title='Testcases.AccountsTest.thinkTime()'><b>thinkTime</b><br>Test class: Testcases.AccountsTest</td>
<td></td>
<td>0</td>
<td>Testcases.AccountsTest@dc24521</td></tr>
<tr>
<td title='Testcases.AccountsTest.thinkTime()'><b>thinkTime</b><br>Test class: Testcases.AccountsTest</td>
<td></td>
<td>0</td>
<td>Testcases.AccountsTest@dc24521</td></tr>
<tr>
<td title='Testcases.AccountsTest.thinkTime()'><b>thinkTime</b><br>Test class: Testcases.AccountsTest</td>
<td></td>
<td>0</td>
<td>Testcases.AccountsTest@dc24521</td></tr>
<tr>
<td title='Testcases.AccountsTest.thinkTime()'><b>thinkTime</b><br>Test class: Testcases.AccountsTest</td>
<td></td>
<td>0</td>
<td>Testcases.AccountsTest@dc24521</td></tr>
<tr>
<td title='Testcases.AccountsTest.thinkTime()'><b>thinkTime</b><br>Test class: Testcases.AccountsTest</td>
<td></td>
<td>0</td>
<td>Testcases.AccountsTest@dc24521</td></tr>
<tr>
<td title='Testcases.AccountsTest.thinkTime()'><b>thinkTime</b><br>Test class: Testcases.AccountsTest</td>
<td></td>
<td>0</td>
<td>Testcases.AccountsTest@dc24521</td></tr>
<tr>
<td title='Testcases.AccountsTest.thinkTime()'><b>thinkTime</b><br>Test class: Testcases.AccountsTest</td>
<td></td>
<td>0</td>
<td>Testcases.AccountsTest@dc24521</td></tr>
<tr>
<td title='Testcases.AccountsTest.thinkTime()'><b>thinkTime</b><br>Test class: Testcases.AccountsTest</td>
<td></td>
<td>0</td>
<td>Testcases.AccountsTest@dc24521</td></tr>
<tr>
<td title='Testcases.AccountsTest.thinkTime()'><b>thinkTime</b><br>Test class: Testcases.AccountsTest</td>
<td></td>
<td>0</td>
<td>Testcases.AccountsTest@dc24521</td></tr>
<tr>
<td title='Testcases.AccountsTest.thinkTime()'><b>thinkTime</b><br>Test class: Testcases.AccountsTest</td>
<td></td>
<td>0</td>
<td>Testcases.AccountsTest@dc24521</td></tr>
<tr>
<td title='Testcases.AccountsTest.thinkTime()'><b>thinkTime</b><br>Test class: Testcases.AccountsTest</td>
<td></td>
<td>0</td>
<td>Testcases.AccountsTest@dc24521</td></tr>
<tr>
<td title='Testcases.AccountsTest.thinkTime()'><b>thinkTime</b><br>Test class: Testcases.AccountsTest</td>
<td></td>
<td>0</td>
<td>Testcases.AccountsTest@dc24521</td></tr>
<tr>
<td title='Testcases.AccountsTest.thinkTime()'><b>thinkTime</b><br>Test class: Testcases.AccountsTest</td>
<td></td>
<td>0</td>
<td>Testcases.AccountsTest@dc24521</td></tr>
<tr>
<td title='Testcases.AccountsTest.thinkTime()'><b>thinkTime</b><br>Test class: Testcases.AccountsTest</td>
<td></td>
<td>0</td>
<td>Testcases.AccountsTest@dc24521</td></tr>
<tr>
<td title='Testcases.AccountsTest.thinkTime()'><b>thinkTime</b><br>Test class: Testcases.AccountsTest</td>
<td></td>
<td>0</td>
<td>Testcases.AccountsTest@dc24521</td></tr>
<tr>
<td title='Testcases.AccountsTest.thinkTime()'><b>thinkTime</b><br>Test class: Testcases.AccountsTest</td>
<td></td>
<td>0</td>
<td>Testcases.AccountsTest@dc24521</td></tr>
<tr>
<td title='Testcases.AccountsTest.thinkTime()'><b>thinkTime</b><br>Test class: Testcases.AccountsTest</td>
<td></td>
<td>0</td>
<td>Testcases.AccountsTest@dc24521</td></tr>
<tr>
<td title='Testcases.AccountsTest.thinkTime()'><b>thinkTime</b><br>Test class: Testcases.AccountsTest</td>
<td></td>
<td>0</td>
<td>Testcases.AccountsTest@dc24521</td></tr>
<tr>
<td title='Testcases.AccountsTest.thinkTime()'><b>thinkTime</b><br>Test class: Testcases.AccountsTest</td>
<td></td>
<td>0</td>
<td>Testcases.AccountsTest@dc24521</td></tr>
<tr>
<td title='Testcases.AccountsTest.thinkTime()'><b>thinkTime</b><br>Test class: Testcases.AccountsTest</td>
<td></td>
<td>0</td>
<td>Testcases.AccountsTest@dc24521</td></tr>
<tr>
<td title='Testcases.AccountsTest.thinkTime()'><b>thinkTime</b><br>Test class: Testcases.AccountsTest</td>
<td></td>
<td>0</td>
<td>Testcases.AccountsTest@dc24521</td></tr>
<tr>
<td title='Testcases.AccountsTest.thinkTime()'><b>thinkTime</b><br>Test class: Testcases.AccountsTest</td>
<td></td>
<td>0</td>
<td>Testcases.AccountsTest@dc24521</td></tr>
<tr>
<td title='Testcases.AccountsTest.thinkTime()'><b>thinkTime</b><br>Test class: Testcases.AccountsTest</td>
<td></td>
<td>0</td>
<td>Testcases.AccountsTest@dc24521</td></tr>
<tr>
<td title='Testcases.AccountsTest.thinkTime()'><b>thinkTime</b><br>Test class: Testcases.AccountsTest</td>
<td></td>
<td>0</td>
<td>Testcases.AccountsTest@dc24521</td></tr>
<tr>
<td title='Testcases.AccountsTest.thinkTime()'><b>thinkTime</b><br>Test class: Testcases.AccountsTest</td>
<td></td>
<td>0</td>
<td>Testcases.AccountsTest@dc24521</td></tr>
<tr>
<td title='Testcases.AccountsTest.thinkTime()'><b>thinkTime</b><br>Test class: Testcases.AccountsTest</td>
<td></td>
<td>0</td>
<td>Testcases.AccountsTest@dc24521</td></tr>
<tr>
<td title='Testcases.AccountsTest.thinkTime()'><b>thinkTime</b><br>Test class: Testcases.AccountsTest</td>
<td></td>
<td>0</td>
<td>Testcases.AccountsTest@dc24521</td></tr>
<tr>
<td title='Testcases.AccountsTest.thinkTime()'><b>thinkTime</b><br>Test class: Testcases.AccountsTest</td>
<td></td>
<td>0</td>
<td>Testcases.AccountsTest@dc24521</td></tr>
<tr>
<td title='Testcases.AccountsTest.thinkTime()'><b>thinkTime</b><br>Test class: Testcases.AccountsTest</td>
<td></td>
<td>0</td>
<td>Testcases.AccountsTest@dc24521</td></tr>
<tr>
<td title='Testcases.AccountsTest.thinkTime()'><b>thinkTime</b><br>Test class: Testcases.AccountsTest</td>
<td></td>
<td>0</td>
<td>Testcases.AccountsTest@dc24521</td></tr>
<tr>
<td title='Testcases.AccountsTest.thinkTime()'><b>thinkTime</b><br>Test class: Testcases.AccountsTest</td>
<td></td>
<td>0</td>
<td>Testcases.AccountsTest@dc24521</td></tr>
<tr>
<td title='Testcases.AccountsTest.thinkTime()'><b>thinkTime</b><br>Test class: Testcases.AccountsTest</td>
<td></td>
<td>0</td>
<td>Testcases.AccountsTest@dc24521</td></tr>
<tr>
<td title='Testcases.AccountsTest.thinkTime()'><b>thinkTime</b><br>Test class: Testcases.AccountsTest</td>
<td></td>
<td>0</td>
<td>Testcases.AccountsTest@dc24521</td></tr>
<tr>
<td title='Testcases.AccountsTest.thinkTime()'><b>thinkTime</b><br>Test class: Testcases.AccountsTest</td>
<td></td>
<td>0</td>
<td>Testcases.AccountsTest@dc24521</td></tr>
<tr>
<td title='Testcases.AccountsTest.thinkTime()'><b>thinkTime</b><br>Test class: Testcases.AccountsTest</td>
<td></td>
<td>0</td>
<td>Testcases.AccountsTest@dc24521</td></tr>
<tr>
<td title='Testcases.AccountsTest.thinkTime()'><b>thinkTime</b><br>Test class: Testcases.AccountsTest</td>
<td></td>
<td>0</td>
<td>Testcases.AccountsTest@dc24521</td></tr>
<tr>
<td title='Testcases.AccountsTest.thinkTime()'><b>thinkTime</b><br>Test class: Testcases.AccountsTest</td>
<td></td>
<td>0</td>
<td>Testcases.AccountsTest@dc24521</td></tr>
<tr>
<td title='Testcases.AccountsTest.thinkTime()'><b>thinkTime</b><br>Test class: Testcases.AccountsTest</td>
<td></td>
<td>0</td>
<td>Testcases.AccountsTest@dc24521</td></tr>
<tr>
<td title='Testcases.AccountsTest.thinkTime()'><b>thinkTime</b><br>Test class: Testcases.AccountsTest</td>
<td></td>
<td>0</td>
<td>Testcases.AccountsTest@dc24521</td></tr>
<tr>
<td title='Testcases.AccountsTest.thinkTime()'><b>thinkTime</b><br>Test class: Testcases.AccountsTest</td>
<td></td>
<td>0</td>
<td>Testcases.AccountsTest@dc24521</td></tr>
<tr>
<td title='Testcases.AccountsTest.thinkTime()'><b>thinkTime</b><br>Test class: Testcases.AccountsTest</td>
<td></td>
<td>0</td>
<td>Testcases.AccountsTest@dc24521</td></tr>
<tr>
<td title='Testcases.AccountsTest.thinkTime()'><b>thinkTime</b><br>Test class: Testcases.AccountsTest</td>
<td></td>
<td>0</td>
<td>Testcases.AccountsTest@dc24521</td></tr>
<tr>
<td title='Testcases.AccountsTest.thinkTime()'><b>thinkTime</b><br>Test class: Testcases.AccountsTest</td>
<td></td>
<td>0</td>
<td>Testcases.AccountsTest@dc24521</td></tr>
<tr>
<td title='Testcases.AccountsTest.thinkTime()'><b>thinkTime</b><br>Test class: Testcases.AccountsTest</td>
<td></td>
<td>0</td>
<td>Testcases.AccountsTest@dc24521</td></tr>
<tr>
<td title='Testcases.AccountsTest.thinkTime()'><b>thinkTime</b><br>Test class: Testcases.AccountsTest</td>
<td></td>
<td>0</td>
<td>Testcases.AccountsTest@dc24521</td></tr>
<tr>
<td title='Testcases.AccountsTest.thinkTime()'><b>thinkTime</b><br>Test class: Testcases.AccountsTest</td>
<td></td>
<td>0</td>
<td>Testcases.AccountsTest@dc24521</td></tr>
<tr>
<td title='Testcases.AccountsTest.thinkTime()'><b>thinkTime</b><br>Test class: Testcases.AccountsTest</td>
<td></td>
<td>0</td>
<td>Testcases.AccountsTest@dc24521</td></tr>
<tr>
<td title='Testcases.AccountsTest.thinkTime()'><b>thinkTime</b><br>Test class: Testcases.AccountsTest</td>
<td></td>
<td>0</td>
<td>Testcases.AccountsTest@dc24521</td></tr>
<tr>
<td title='Testcases.AccountsTest.thinkTime()'><b>thinkTime</b><br>Test class: Testcases.AccountsTest</td>
<td></td>
<td>0</td>
<td>Testcases.AccountsTest@dc24521</td></tr>
<tr>
<td title='Testcases.AccountsTest.thinkTime()'><b>thinkTime</b><br>Test class: Testcases.AccountsTest</td>
<td></td>
<td>0</td>
<td>Testcases.AccountsTest@dc24521</td></tr>
<tr>
<td title='Testcases.AccountsTest.thinkTime()'><b>thinkTime</b><br>Test class: Testcases.AccountsTest</td>
<td></td>
<td>0</td>
<td>Testcases.AccountsTest@dc24521</td></tr>
<tr>
<td title='Testcases.AccountsTest.thinkTime()'><b>thinkTime</b><br>Test class: Testcases.AccountsTest</td>
<td></td>
<td>0</td>
<td>Testcases.AccountsTest@dc24521</td></tr>
<tr>
<td title='Testcases.AccountsTest.thinkTime()'><b>thinkTime</b><br>Test class: Testcases.AccountsTest</td>
<td></td>
<td>0</td>
<td>Testcases.AccountsTest@dc24521</td></tr>
<tr>
<td title='Testcases.AccountsTest.thinkTime()'><b>thinkTime</b><br>Test class: Testcases.AccountsTest</td>
<td></td>
<td>0</td>
<td>Testcases.AccountsTest@dc24521</td></tr>
<tr>
<td title='Testcases.AccountsTest.thinkTime()'><b>thinkTime</b><br>Test class: Testcases.AccountsTest</td>
<td></td>
<td>0</td>
<td>Testcases.AccountsTest@dc24521</td></tr>
<tr>
<td title='Testcases.AccountsTest.thinkTime()'><b>thinkTime</b><br>Test class: Testcases.AccountsTest</td>
<td></td>
<td>0</td>
<td>Testcases.AccountsTest@dc24521</td></tr>
<tr>
<td title='Testcases.AccountsTest.thinkTime()'><b>thinkTime</b><br>Test class: Testcases.AccountsTest</td>
<td></td>
<td>0</td>
<td>Testcases.AccountsTest@dc24521</td></tr>
<tr>
<td title='Testcases.AccountsTest.thinkTime()'><b>thinkTime</b><br>Test class: Testcases.AccountsTest</td>
<td></td>
<td>0</td>
<td>Testcases.AccountsTest@dc24521</td></tr>
<tr>
<td title='Testcases.AccountsTest.thinkTime()'><b>thinkTime</b><br>Test class: Testcases.AccountsTest</td>
<td></td>
<td>0</td>
<td>Testcases.AccountsTest@dc24521</td></tr>
<tr>
<td title='Testcases.AccountsTest.thinkTime()'><b>thinkTime</b><br>Test class: Testcases.AccountsTest</td>
<td></td>
<td>0</td>
<td>Testcases.AccountsTest@dc24521</td></tr>
<tr>
<td title='Testcases.AccountsTest.thinkTime()'><b>thinkTime</b><br>Test class: Testcases.AccountsTest</td>
<td></td>
<td>0</td>
<td>Testcases.AccountsTest@dc24521</td></tr>
<tr>
<td title='Testcases.AccountsTest.thinkTime()'><b>thinkTime</b><br>Test class: Testcases.AccountsTest</td>
<td></td>
<td>0</td>
<td>Testcases.AccountsTest@dc24521</td></tr>
<tr>
<td title='Testcases.AccountsTest.thinkTime()'><b>thinkTime</b><br>Test class: Testcases.AccountsTest</td>
<td></td>
<td>0</td>
<td>Testcases.AccountsTest@dc24521</td></tr>
<tr>
<td title='Testcases.AccountsTest.thinkTime()'><b>thinkTime</b><br>Test class: Testcases.AccountsTest</td>
<td></td>
<td>0</td>
<td>Testcases.AccountsTest@dc24521</td></tr>
<tr>
<td title='Testcases.AccountsTest.thinkTime()'><b>thinkTime</b><br>Test class: Testcases.AccountsTest</td>
<td></td>
<td>0</td>
<td>Testcases.AccountsTest@dc24521</td></tr>
<tr>
<td title='Testcases.AccountsTest.thinkTime()'><b>thinkTime</b><br>Test class: Testcases.AccountsTest</td>
<td></td>
<td>0</td>
<td>Testcases.AccountsTest@dc24521</td></tr>
<tr>
<td title='Testcases.AccountsTest.thinkTime()'><b>thinkTime</b><br>Test class: Testcases.AccountsTest</td>
<td></td>
<td>0</td>
<td>Testcases.AccountsTest@dc24521</td></tr>
<tr>
<td title='Testcases.AccountsTest.thinkTime()'><b>thinkTime</b><br>Test class: Testcases.AccountsTest</td>
<td></td>
<td>0</td>
<td>Testcases.AccountsTest@dc24521</td></tr>
<tr>
<td title='Testcases.AccountsTest.thinkTime()'><b>thinkTime</b><br>Test class: Testcases.AccountsTest</td>
<td></td>
<td>0</td>
<td>Testcases.AccountsTest@dc24521</td></tr>
<tr>
<td title='Testcases.AccountsTest.thinkTime()'><b>thinkTime</b><br>Test class: Testcases.AccountsTest</td>
<td></td>
<td>0</td>
<td>Testcases.AccountsTest@dc24521</td></tr>
<tr>
<td title='Testcases.OpportunityTest.thinkTime()'><b>thinkTime</b><br>Test class: Testcases.OpportunityTest</td>
<td></td>
<td>0</td>
<td>Testcases.OpportunityTest@10bdf5e5</td></tr>
<tr>
<td title='Testcases.OpportunityTest.thinkTime()'><b>thinkTime</b><br>Test class: Testcases.OpportunityTest</td>
<td></td>
<td>0</td>
<td>Testcases.OpportunityTest@10bdf5e5</td></tr>
<tr>
<td title='Testcases.OpportunityTest.thinkTime()'><b>thinkTime</b><br>Test class: Testcases.OpportunityTest</td>
<td></td>
<td>0</td>
<td>Testcases.OpportunityTest@10bdf5e5</td></tr>
<tr>
<td title='Testcases.OpportunityTest.thinkTime()'><b>thinkTime</b><br>Test class: Testcases.OpportunityTest</td>
<td></td>
<td>0</td>
<td>Testcases.OpportunityTest@10bdf5e5</td></tr>
<tr>
<td title='Testcases.OpportunityTest.thinkTime()'><b>thinkTime</b><br>Test class: Testcases.OpportunityTest</td>
<td></td>
<td>0</td>
<td>Testcases.OpportunityTest@10bdf5e5</td></tr>
<tr>
<td title='Testcases.OpportunityTest.thinkTime()'><b>thinkTime</b><br>Test class: Testcases.OpportunityTest</td>
<td></td>
<td>0</td>
<td>Testcases.OpportunityTest@10bdf5e5</td></tr>
<tr>
<td title='Testcases.OpportunityTest.thinkTime()'><b>thinkTime</b><br>Test class: Testcases.OpportunityTest</td>
<td></td>
<td>0</td>
<td>Testcases.OpportunityTest@10bdf5e5</td></tr>
<tr>
<td title='Testcases.OpportunityTest.thinkTime()'><b>thinkTime</b><br>Test class: Testcases.OpportunityTest</td>
<td></td>
<td>0</td>
<td>Testcases.OpportunityTest@10bdf5e5</td></tr>
<tr>
<td title='Testcases.OpportunityTest.thinkTime()'><b>thinkTime</b><br>Test class: Testcases.OpportunityTest</td>
<td></td>
<td>0</td>
<td>Testcases.OpportunityTest@10bdf5e5</td></tr>
<tr>
<td title='Testcases.OpportunityTest.thinkTime()'><b>thinkTime</b><br>Test class: Testcases.OpportunityTest</td>
<td></td>
<td>0</td>
<td>Testcases.OpportunityTest@10bdf5e5</td></tr>
<tr>
<td title='Testcases.OpportunityTest.thinkTime()'><b>thinkTime</b><br>Test class: Testcases.OpportunityTest</td>
<td></td>
<td>0</td>
<td>Testcases.OpportunityTest@10bdf5e5</td></tr>
<tr>
<td title='Testcases.OpportunityTest.thinkTime()'><b>thinkTime</b><br>Test class: Testcases.OpportunityTest</td>
<td></td>
<td>0</td>
<td>Testcases.OpportunityTest@10bdf5e5</td></tr>
<tr>
<td title='Testcases.OpportunityTest.thinkTime()'><b>thinkTime</b><br>Test class: Testcases.OpportunityTest</td>
<td></td>
<td>0</td>
<td>Testcases.OpportunityTest@10bdf5e5</td></tr>
<tr>
<td title='Testcases.OpportunityTest.thinkTime()'><b>thinkTime</b><br>Test class: Testcases.OpportunityTest</td>
<td></td>
<td>0</td>
<td>Testcases.OpportunityTest@10bdf5e5</td></tr>
<tr>
<td title='Testcases.OpportunityTest.thinkTime()'><b>thinkTime</b><br>Test class: Testcases.OpportunityTest</td>
<td></td>
<td>0</td>
<td>Testcases.OpportunityTest@10bdf5e5</td></tr>
<tr>
<td title='Testcases.OpportunityTest.thinkTime()'><b>thinkTime</b><br>Test class: Testcases.OpportunityTest</td>
<td></td>
<td>0</td>
<td>Testcases.OpportunityTest@10bdf5e5</td></tr>
<tr>
<td title='Testcases.OpportunityTest.thinkTime()'><b>thinkTime</b><br>Test class: Testcases.OpportunityTest</td>
<td></td>
<td>0</td>
<td>Testcases.OpportunityTest@10bdf5e5</td></tr>
<tr>
<td title='Testcases.OpportunityTest.thinkTime()'><b>thinkTime</b><br>Test class: Testcases.OpportunityTest</td>
<td></td>
<td>0</td>
<td>Testcases.OpportunityTest@10bdf5e5</td></tr>
<tr>
<td title='Testcases.OpportunityTest.thinkTime()'><b>thinkTime</b><br>Test class: Testcases.OpportunityTest</td>
<td></td>
<td>0</td>
<td>Testcases.OpportunityTest@10bdf5e5</td></tr>
<tr>
<td title='Testcases.OpportunityTest.thinkTime()'><b>thinkTime</b><br>Test class: Testcases.OpportunityTest</td>
<td></td>
<td>0</td>
<td>Testcases.OpportunityTest@10bdf5e5</td></tr>
<tr>
<td title='Testcases.OpportunityTest.thinkTime()'><b>thinkTime</b><br>Test class: Testcases.OpportunityTest</td>
<td></td>
<td>0</td>
<td>Testcases.OpportunityTest@10bdf5e5</td></tr>
<tr>
<td title='Testcases.OpportunityTest.thinkTime()'><b>thinkTime</b><br>Test class: Testcases.OpportunityTest</td>
<td></td>
<td>0</td>
<td>Testcases.OpportunityTest@10bdf5e5</td></tr>
<tr>
<td title='Testcases.OpportunityTest.thinkTime()'><b>thinkTime</b><br>Test class: Testcases.OpportunityTest</td>
<td></td>
<td>0</td>
<td>Testcases.OpportunityTest@10bdf5e5</td></tr>
<tr>
<td title='Testcases.OpportunityTest.thinkTime()'><b>thinkTime</b><br>Test class: Testcases.OpportunityTest</td>
<td></td>
<td>0</td>
<td>Testcases.OpportunityTest@10bdf5e5</td></tr>
<tr>
<td title='Testcases.OpportunityTest.thinkTime()'><b>thinkTime</b><br>Test class: Testcases.OpportunityTest</td>
<td></td>
<td>0</td>
<td>Testcases.OpportunityTest@10bdf5e5</td></tr>
<tr>
<td title='Testcases.OpportunityTest.thinkTime()'><b>thinkTime</b><br>Test class: Testcases.OpportunityTest</td>
<td></td>
<td>0</td>
<td>Testcases.OpportunityTest@10bdf5e5</td></tr>
<tr>
<td title='Testcases.OpportunityTest.thinkTime()'><b>thinkTime</b><br>Test class: Testcases.OpportunityTest</td>
<td></td>
<td>0</td>
<td>Testcases.OpportunityTest@10bdf5e5</td></tr>
<tr>
<td title='Testcases.OpportunityTest.thinkTime()'><b>thinkTime</b><br>Test class: Testcases.OpportunityTest</td>
<td></td>
<td>0</td>
<td>Testcases.OpportunityTest@10bdf5e5</td></tr>
<tr>
<td title='Testcases.OpportunityTest.thinkTime()'><b>thinkTime</b><br>Test class: Testcases.OpportunityTest</td>
<td></td>
<td>0</td>
<td>Testcases.OpportunityTest@10bdf5e5</td></tr>
<tr>
<td title='Testcases.OpportunityTest.thinkTime()'><b>thinkTime</b><br>Test class: Testcases.OpportunityTest</td>
<td></td>
<td>0</td>
<td>Testcases.OpportunityTest@10bdf5e5</td></tr>
<tr>
<td title='Testcases.OpportunityTest.thinkTime()'><b>thinkTime</b><br>Test class: Testcases.OpportunityTest</td>
<td></td>
<td>0</td>
<td>Testcases.OpportunityTest@10bdf5e5</td></tr>
<tr>
<td title='Testcases.OpportunityTest.thinkTime()'><b>thinkTime</b><br>Test class: Testcases.OpportunityTest</td>
<td></td>
<td>0</td>
<td>Testcases.OpportunityTest@10bdf5e5</td></tr>
<tr>
<td title='Testcases.OpportunityTest.thinkTime()'><b>thinkTime</b><br>Test class: Testcases.OpportunityTest</td>
<td></td>
<td>0</td>
<td>Testcases.OpportunityTest@10bdf5e5</td></tr>
<tr>
<td title='Testcases.OpportunityTest.thinkTime()'><b>thinkTime</b><br>Test class: Testcases.OpportunityTest</td>
<td></td>
<td>0</td>
<td>Testcases.OpportunityTest@10bdf5e5</td></tr>
<tr>
<td title='Testcases.OpportunityTest.thinkTime()'><b>thinkTime</b><br>Test class: Testcases.OpportunityTest</td>
<td></td>
<td>0</td>
<td>Testcases.OpportunityTest@10bdf5e5</td></tr>
<tr>
<td title='Testcases.OpportunityTest.thinkTime()'><b>thinkTime</b><br>Test class: Testcases.OpportunityTest</td>
<td></td>
<td>0</td>
<td>Testcases.OpportunityTest@10bdf5e5</td></tr>
<tr>
<td title='Testcases.OpportunityTest.thinkTime()'><b>thinkTime</b><br>Test class: Testcases.OpportunityTest</td>
<td></td>
<td>0</td>
<td>Testcases.OpportunityTest@10bdf5e5</td></tr>
<tr>
<td title='Testcases.OpportunityTest.thinkTime()'><b>thinkTime</b><br>Test class: Testcases.OpportunityTest</td>
<td></td>
<td>0</td>
<td>Testcases.OpportunityTest@10bdf5e5</td></tr>
<tr>
<td title='Testcases.OpportunityTest.thinkTime()'><b>thinkTime</b><br>Test class: Testcases.OpportunityTest</td>
<td></td>
<td>0</td>
<td>Testcases.OpportunityTest@10bdf5e5</td></tr>
<tr>
<td title='Testcases.OpportunityTest.thinkTime()'><b>thinkTime</b><br>Test class: Testcases.OpportunityTest</td>
<td></td>
<td>0</td>
<td>Testcases.OpportunityTest@10bdf5e5</td></tr>
<tr>
<td title='Testcases.OpportunityTest.thinkTime()'><b>thinkTime</b><br>Test class: Testcases.OpportunityTest</td>
<td></td>
<td>0</td>
<td>Testcases.OpportunityTest@10bdf5e5</td></tr>
<tr>
<td title='Testcases.OpportunityTest.thinkTime()'><b>thinkTime</b><br>Test class: Testcases.OpportunityTest</td>
<td></td>
<td>0</td>
<td>Testcases.OpportunityTest@10bdf5e5</td></tr>
<tr>
<td title='Testcases.OpportunityTest.thinkTime()'><b>thinkTime</b><br>Test class: Testcases.OpportunityTest</td>
<td></td>
<td>0</td>
<td>Testcases.OpportunityTest@10bdf5e5</td></tr>
<tr>
<td title='Testcases.OpportunityTest.thinkTime()'><b>thinkTime</b><br>Test class: Testcases.OpportunityTest</td>
<td></td>
<td>0</td>
<td>Testcases.OpportunityTest@10bdf5e5</td></tr>
<tr>
<td title='Testcases.OpportunityTest.thinkTime()'><b>thinkTime</b><br>Test class: Testcases.OpportunityTest</td>
<td></td>
<td>0</td>
<td>Testcases.OpportunityTest@10bdf5e5</td></tr>
<tr>
<td title='Testcases.OpportunityTest.thinkTime()'><b>thinkTime</b><br>Test class: Testcases.OpportunityTest</td>
<td></td>
<td>0</td>
<td>Testcases.OpportunityTest@10bdf5e5</td></tr>
<tr>
<td title='Testcases.OpportunityTest.thinkTime()'><b>thinkTime</b><br>Test class: Testcases.OpportunityTest</td>
<td></td>
<td>0</td>
<td>Testcases.OpportunityTest@10bdf5e5</td></tr>
<tr>
<td title='Testcases.OpportunityTest.thinkTime()'><b>thinkTime</b><br>Test class: Testcases.OpportunityTest</td>
<td></td>
<td>0</td>
<td>Testcases.OpportunityTest@10bdf5e5</td></tr>
<tr>
<td title='Testcases.OpportunityTest.thinkTime()'><b>thinkTime</b><br>Test class: Testcases.OpportunityTest</td>
<td></td>
<td>0</td>
<td>Testcases.OpportunityTest@10bdf5e5</td></tr>
<tr>
<td title='Testcases.OpportunityTest.thinkTime()'><b>thinkTime</b><br>Test class: Testcases.OpportunityTest</td>
<td></td>
<td>0</td>
<td>Testcases.OpportunityTest@10bdf5e5</td></tr>
<tr>
<td title='Testcases.OpportunityTest.thinkTime()'><b>thinkTime</b><br>Test class: Testcases.OpportunityTest</td>
<td></td>
<td>0</td>
<td>Testcases.OpportunityTest@10bdf5e5</td></tr>
<tr>
<td title='Testcases.OpportunityTest.thinkTime()'><b>thinkTime</b><br>Test class: Testcases.OpportunityTest</td>
<td></td>
<td>0</td>
<td>Testcases.OpportunityTest@10bdf5e5</td></tr>
<tr>
<td title='Testcases.OpportunityTest.thinkTime()'><b>thinkTime</b><br>Test class: Testcases.OpportunityTest</td>
<td></td>
<td>0</td>
<td>Testcases.OpportunityTest@10bdf5e5</td></tr>
<tr>
<td title='Testcases.OpportunityTest.thinkTime()'><b>thinkTime</b><br>Test class: Testcases.OpportunityTest</td>
<td></td>
<td>0</td>
<td>Testcases.OpportunityTest@10bdf5e5</td></tr>
<tr>
<td title='Testcases.OpportunityTest.thinkTime()'><b>thinkTime</b><br>Test class: Testcases.OpportunityTest</td>
<td></td>
<td>0</td>
<td>Testcases.OpportunityTest@10bdf5e5</td></tr>
<tr>
<td title='Testcases.OpportunityTest.thinkTime()'><b>thinkTime</b><br>Test class: Testcases.OpportunityTest</td>
<td></td>
<td>0</td>
<td>Testcases.OpportunityTest@10bdf5e5</td></tr>
<tr>
<td title='Testcases.OpportunityTest.thinkTime()'><b>thinkTime</b><br>Test class: Testcases.OpportunityTest</td>
<td></td>
<td>0</td>
<td>Testcases.OpportunityTest@10bdf5e5</td></tr>
<tr>
<td title='Testcases.OpportunityTest.thinkTime()'><b>thinkTime</b><br>Test class: Testcases.OpportunityTest</td>
<td></td>
<td>0</td>
<td>Testcases.OpportunityTest@10bdf5e5</td></tr>
<tr>
<td title='Testcases.OpportunityTest.thinkTime()'><b>thinkTime</b><br>Test class: Testcases.OpportunityTest</td>
<td></td>
<td>0</td>
<td>Testcases.OpportunityTest@10bdf5e5</td></tr>
<tr>
<td title='Testcases.OpportunityTest.thinkTime()'><b>thinkTime</b><br>Test class: Testcases.OpportunityTest</td>
<td></td>
<td>0</td>
<td>Testcases.OpportunityTest@10bdf5e5</td></tr>
<tr>
<td title='Testcases.OpportunityTest.thinkTime()'><b>thinkTime</b><br>Test class: Testcases.OpportunityTest</td>
<td></td>
<td>0</td>
<td>Testcases.OpportunityTest@10bdf5e5</td></tr>
<tr>
<td title='Testcases.OpportunityTest.thinkTime()'><b>thinkTime</b><br>Test class: Testcases.OpportunityTest</td>
<td></td>
<td>0</td>
<td>Testcases.OpportunityTest@10bdf5e5</td></tr>
<tr>
<td title='Testcases.OpportunityTest.thinkTime()'><b>thinkTime</b><br>Test class: Testcases.OpportunityTest</td>
<td></td>
<td>0</td>
<td>Testcases.OpportunityTest@10bdf5e5</td></tr>
<tr>
<td title='Testcases.OpportunityTest.thinkTime()'><b>thinkTime</b><br>Test class: Testcases.OpportunityTest</td>
<td></td>
<td>0</td>
<td>Testcases.OpportunityTest@10bdf5e5</td></tr>
<tr>
<td title='Testcases.OpportunityTest.thinkTime()'><b>thinkTime</b><br>Test class: Testcases.OpportunityTest</td>
<td></td>
<td>0</td>
<td>Testcases.OpportunityTest@10bdf5e5</td></tr>
<tr>
<td title='Testcases.OpportunityTest.thinkTime()'><b>thinkTime</b><br>Test class: Testcases.OpportunityTest</td>
<td></td>
<td>0</td>
<td>Testcases.OpportunityTest@10bdf5e5</td></tr>
<tr>
<td title='Testcases.OpportunityTest.thinkTime()'><b>thinkTime</b><br>Test class: Testcases.OpportunityTest</td>
<td></td>
<td>0</td>
<td>Testcases.OpportunityTest@10bdf5e5</td></tr>
<tr>
<td title='Testcases.OpportunityTest.thinkTime()'><b>thinkTime</b><br>Test class: Testcases.OpportunityTest</td>
<td></td>
<td>0</td>
<td>Testcases.OpportunityTest@10bdf5e5</td></tr>
<tr>
<td title='Testcases.OpportunityTest.thinkTime()'><b>thinkTime</b><br>Test class: Testcases.OpportunityTest</td>
<td></td>
<td>0</td>
<td>Testcases.OpportunityTest@10bdf5e5</td></tr>
<tr>
<td title='Testcases.OpportunityTest.thinkTime()'><b>thinkTime</b><br>Test class: Testcases.OpportunityTest</td>
<td></td>
<td>0</td>
<td>Testcases.OpportunityTest@10bdf5e5</td></tr>
<tr>
<td title='Testcases.OpportunityTest.thinkTime()'><b>thinkTime</b><br>Test class: Testcases.OpportunityTest</td>
<td></td>
<td>0</td>
<td>Testcases.OpportunityTest@10bdf5e5</td></tr>
<tr>
<td title='Testcases.OpportunityTest.thinkTime()'><b>thinkTime</b><br>Test class: Testcases.OpportunityTest</td>
<td></td>
<td>0</td>
<td>Testcases.OpportunityTest@10bdf5e5</td></tr>
<tr>
<td title='Testcases.OpportunityTest.thinkTime()'><b>thinkTime</b><br>Test class: Testcases.OpportunityTest</td>
<td></td>
<td>0</td>
<td>Testcases.OpportunityTest@10bdf5e5</td></tr>
<tr>
<td title='Testcases.OpportunityTest.thinkTime()'><b>thinkTime</b><br>Test class: Testcases.OpportunityTest</td>
<td></td>
<td>0</td>
<td>Testcases.OpportunityTest@10bdf5e5</td></tr>
<tr>
<td title='Testcases.OpportunityTest.thinkTime()'><b>thinkTime</b><br>Test class: Testcases.OpportunityTest</td>
<td></td>
<td>0</td>
<td>Testcases.OpportunityTest@10bdf5e5</td></tr>
<tr>
<td title='Testcases.OpportunityTest.thinkTime()'><b>thinkTime</b><br>Test class: Testcases.OpportunityTest</td>
<td></td>
<td>0</td>
<td>Testcases.OpportunityTest@10bdf5e5</td></tr>
<tr>
<td title='Testcases.LeadTestSuite.thinkTime()'><b>thinkTime</b><br>Test class: Testcases.LeadTestSuite</td>
<td></td>
<td>0</td>
<td>Testcases.LeadTestSuite@6e1ec318</td></tr>
<tr>
<td title='Testcases.LeadTestSuite.thinkTime()'><b>thinkTime</b><br>Test class: Testcases.LeadTestSuite</td>
<td></td>
<td>0</td>
<td>Testcases.LeadTestSuite@6e1ec318</td></tr>
<tr>
<td title='Testcases.LeadTestSuite.thinkTime()'><b>thinkTime</b><br>Test class: Testcases.LeadTestSuite</td>
<td></td>
<td>0</td>
<td>Testcases.LeadTestSuite@6e1ec318</td></tr>
<tr>
<td title='Testcases.LeadTestSuite.thinkTime()'><b>thinkTime</b><br>Test class: Testcases.LeadTestSuite</td>
<td></td>
<td>0</td>
<td>Testcases.LeadTestSuite@6e1ec318</td></tr>
<tr>
<td title='Testcases.LeadTestSuite.thinkTime()'><b>thinkTime</b><br>Test class: Testcases.LeadTestSuite</td>
<td></td>
<td>0</td>
<td>Testcases.LeadTestSuite@6e1ec318</td></tr>
<tr>
<td title='Testcases.LeadTestSuite.thinkTime()'><b>thinkTime</b><br>Test class: Testcases.LeadTestSuite</td>
<td></td>
<td>0</td>
<td>Testcases.LeadTestSuite@6e1ec318</td></tr>
<tr>
<td title='Testcases.LeadTestSuite.thinkTime()'><b>thinkTime</b><br>Test class: Testcases.LeadTestSuite</td>
<td></td>
<td>0</td>
<td>Testcases.LeadTestSuite@6e1ec318</td></tr>
<tr>
<td title='Testcases.LeadTestSuite.thinkTime()'><b>thinkTime</b><br>Test class: Testcases.LeadTestSuite</td>
<td></td>
<td>0</td>
<td>Testcases.LeadTestSuite@6e1ec318</td></tr>
<tr>
<td title='Testcases.LeadTestSuite.thinkTime()'><b>thinkTime</b><br>Test class: Testcases.LeadTestSuite</td>
<td></td>
<td>0</td>
<td>Testcases.LeadTestSuite@6e1ec318</td></tr>
<tr>
<td title='Testcases.LeadTestSuite.thinkTime()'><b>thinkTime</b><br>Test class: Testcases.LeadTestSuite</td>
<td></td>
<td>0</td>
<td>Testcases.LeadTestSuite@6e1ec318</td></tr>
<tr>
<td title='Testcases.LeadTestSuite.thinkTime()'><b>thinkTime</b><br>Test class: Testcases.LeadTestSuite</td>
<td></td>
<td>0</td>
<td>Testcases.LeadTestSuite@6e1ec318</td></tr>
<tr>
<td title='Testcases.LeadTestSuite.thinkTime()'><b>thinkTime</b><br>Test class: Testcases.LeadTestSuite</td>
<td></td>
<td>0</td>
<td>Testcases.LeadTestSuite@6e1ec318</td></tr>
<tr>
<td title='Testcases.LeadTestSuite.thinkTime()'><b>thinkTime</b><br>Test class: Testcases.LeadTestSuite</td>
<td></td>
<td>0</td>
<td>Testcases.LeadTestSuite@6e1ec318</td></tr>
<tr>
<td title='Testcases.LeadTestSuite.thinkTime()'><b>thinkTime</b><br>Test class: Testcases.LeadTestSuite</td>
<td></td>
<td>0</td>
<td>Testcases.LeadTestSuite@6e1ec318</td></tr>
<tr>
<td title='Testcases.LeadTestSuite.thinkTime()'><b>thinkTime</b><br>Test class: Testcases.LeadTestSuite</td>
<td></td>
<td>0</td>
<td>Testcases.LeadTestSuite@6e1ec318</td></tr>
<tr>
<td title='Testcases.LeadTestSuite.thinkTime()'><b>thinkTime</b><br>Test class: Testcases.LeadTestSuite</td>
<td></td>
<td>0</td>
<td>Testcases.LeadTestSuite@6e1ec318</td></tr>
<tr>
<td title='Testcases.LeadTestSuite.thinkTime()'><b>thinkTime</b><br>Test class: Testcases.LeadTestSuite</td>
<td></td>
<td>0</td>
<td>Testcases.LeadTestSuite@6e1ec318</td></tr>
<tr>
<td title='Testcases.LeadTestSuite.thinkTime()'><b>thinkTime</b><br>Test class: Testcases.LeadTestSuite</td>
<td></td>
<td>0</td>
<td>Testcases.LeadTestSuite@6e1ec318</td></tr>
<tr>
<td title='Testcases.LeadTestSuite.thinkTime()'><b>thinkTime</b><br>Test class: Testcases.LeadTestSuite</td>
<td></td>
<td>0</td>
<td>Testcases.LeadTestSuite@6e1ec318</td></tr>
<tr>
<td title='Testcases.LeadTestSuite.thinkTime()'><b>thinkTime</b><br>Test class: Testcases.LeadTestSuite</td>
<td></td>
<td>0</td>
<td>Testcases.LeadTestSuite@6e1ec318</td></tr>
<tr>
<td title='Testcases.LeadTestSuite.thinkTime()'><b>thinkTime</b><br>Test class: Testcases.LeadTestSuite</td>
<td></td>
<td>0</td>
<td>Testcases.LeadTestSuite@6e1ec318</td></tr>
<tr>
<td title='Testcases.LeadTestSuite.thinkTime()'><b>thinkTime</b><br>Test class: Testcases.LeadTestSuite</td>
<td></td>
<td>0</td>
<td>Testcases.LeadTestSuite@6e1ec318</td></tr>
<tr>
<td title='Testcases.LeadTestSuite.thinkTime()'><b>thinkTime</b><br>Test class: Testcases.LeadTestSuite</td>
<td></td>
<td>0</td>
<td>Testcases.LeadTestSuite@6e1ec318</td></tr>
<tr>
<td title='Testcases.LeadTestSuite.thinkTime()'><b>thinkTime</b><br>Test class: Testcases.LeadTestSuite</td>
<td></td>
<td>0</td>
<td>Testcases.LeadTestSuite@6e1ec318</td></tr>
<tr>
<td title='Testcases.LeadTestSuite.thinkTime()'><b>thinkTime</b><br>Test class: Testcases.LeadTestSuite</td>
<td></td>
<td>0</td>
<td>Testcases.LeadTestSuite@6e1ec318</td></tr>
<tr>
<td title='Testcases.LeadTestSuite.thinkTime()'><b>thinkTime</b><br>Test class: Testcases.LeadTestSuite</td>
<td></td>
<td>0</td>
<td>Testcases.LeadTestSuite@6e1ec318</td></tr>
<tr>
<td title='Testcases.LeadTestSuite.thinkTime()'><b>thinkTime</b><br>Test class: Testcases.LeadTestSuite</td>
<td></td>
<td>0</td>
<td>Testcases.LeadTestSuite@6e1ec318</td></tr>
<tr>
<td title='Testcases.LeadTestSuite.thinkTime()'><b>thinkTime</b><br>Test class: Testcases.LeadTestSuite</td>
<td></td>
<td>0</td>
<td>Testcases.LeadTestSuite@6e1ec318</td></tr>
<tr>
<td title='Testcases.LeadTestSuite.thinkTime()'><b>thinkTime</b><br>Test class: Testcases.LeadTestSuite</td>
<td></td>
<td>0</td>
<td>Testcases.LeadTestSuite@6e1ec318</td></tr>
<tr>
<td title='Testcases.LeadTestSuite.thinkTime()'><b>thinkTime</b><br>Test class: Testcases.LeadTestSuite</td>
<td></td>
<td>0</td>
<td>Testcases.LeadTestSuite@6e1ec318</td></tr>
<tr>
<td title='Testcases.LeadTestSuite.thinkTime()'><b>thinkTime</b><br>Test class: Testcases.LeadTestSuite</td>
<td></td>
<td>0</td>
<td>Testcases.LeadTestSuite@6e1ec318</td></tr>
<tr>
<td title='Testcases.LeadTestSuite.thinkTime()'><b>thinkTime</b><br>Test class: Testcases.LeadTestSuite</td>
<td></td>
<td>0</td>
<td>Testcases.LeadTestSuite@6e1ec318</td></tr>
<tr>
<td title='Testcases.LeadTestSuite.thinkTime()'><b>thinkTime</b><br>Test class: Testcases.LeadTestSuite</td>
<td></td>
<td>0</td>
<td>Testcases.LeadTestSuite@6e1ec318</td></tr>
<tr>
<td title='Testcases.LeadTestSuite.thinkTime()'><b>thinkTime</b><br>Test class: Testcases.LeadTestSuite</td>
<td></td>
<td>0</td>
<td>Testcases.LeadTestSuite@6e1ec318</td></tr>
<tr>
<td title='Testcases.LeadTestSuite.thinkTime()'><b>thinkTime</b><br>Test class: Testcases.LeadTestSuite</td>
<td></td>
<td>0</td>
<td>Testcases.LeadTestSuite@6e1ec318</td></tr>
<tr>
<td title='Testcases.LeadTestSuite.thinkTime()'><b>thinkTime</b><br>Test class: Testcases.LeadTestSuite</td>
<td></td>
<td>0</td>
<td>Testcases.LeadTestSuite@6e1ec318</td></tr>
<tr>
<td title='Testcases.LeadTestSuite.thinkTime()'><b>thinkTime</b><br>Test class: Testcases.LeadTestSuite</td>
<td></td>
<td>0</td>
<td>Testcases.LeadTestSuite@6e1ec318</td></tr>
<tr>
<td title='Testcases.LeadTestSuite.thinkTime()'><b>thinkTime</b><br>Test class: Testcases.LeadTestSuite</td>
<td></td>
<td>0</td>
<td>Testcases.LeadTestSuite@6e1ec318</td></tr>
<tr>
<td title='Testcases.LeadTestSuite.thinkTime()'><b>thinkTime</b><br>Test class: Testcases.LeadTestSuite</td>
<td></td>
<td>0</td>
<td>Testcases.LeadTestSuite@6e1ec318</td></tr>
<tr>
<td title='Testcases.LeadTestSuite.thinkTime()'><b>thinkTime</b><br>Test class: Testcases.LeadTestSuite</td>
<td></td>
<td>0</td>
<td>Testcases.LeadTestSuite@6e1ec318</td></tr>
<tr>
<td title='Testcases.LeadTestSuite.thinkTime()'><b>thinkTime</b><br>Test class: Testcases.LeadTestSuite</td>
<td></td>
<td>0</td>
<td>Testcases.LeadTestSuite@6e1ec318</td></tr>
<tr>
<td title='Testcases.LeadTestSuite.thinkTime()'><b>thinkTime</b><br>Test class: Testcases.LeadTestSuite</td>
<td></td>
<td>0</td>
<td>Testcases.LeadTestSuite@6e1ec318</td></tr>
<tr>
<td title='Testcases.LeadTestSuite.thinkTime()'><b>thinkTime</b><br>Test class: Testcases.LeadTestSuite</td>
<td></td>
<td>0</td>
<td>Testcases.LeadTestSuite@6e1ec318</td></tr>
<tr>
<td title='Testcases.LeadTestSuite.thinkTime()'><b>thinkTime</b><br>Test class: Testcases.LeadTestSuite</td>
<td></td>
<td>0</td>
<td>Testcases.LeadTestSuite@6e1ec318</td></tr>
<tr>
<td title='Testcases.LeadTestSuite.thinkTime()'><b>thinkTime</b><br>Test class: Testcases.LeadTestSuite</td>
<td></td>
<td>0</td>
<td>Testcases.LeadTestSuite@6e1ec318</td></tr>
<tr>
<td title='Testcases.LeadTestSuite.thinkTime()'><b>thinkTime</b><br>Test class: Testcases.LeadTestSuite</td>
<td></td>
<td>0</td>
<td>Testcases.LeadTestSuite@6e1ec318</td></tr>
<tr>
<td title='Testcases.LeadTestSuite.thinkTime()'><b>thinkTime</b><br>Test class: Testcases.LeadTestSuite</td>
<td></td>
<td>0</td>
<td>Testcases.LeadTestSuite@6e1ec318</td></tr>
<tr>
<td title='Testcases.LeadTestSuite.thinkTime()'><b>thinkTime</b><br>Test class: Testcases.LeadTestSuite</td>
<td></td>
<td>0</td>
<td>Testcases.LeadTestSuite@6e1ec318</td></tr>
<tr>
<td title='Testcases.LeadTestSuite.thinkTime()'><b>thinkTime</b><br>Test class: Testcases.LeadTestSuite</td>
<td></td>
<td>0</td>
<td>Testcases.LeadTestSuite@6e1ec318</td></tr>
<tr>
<td title='Testcases.LeadTestSuite.thinkTime()'><b>thinkTime</b><br>Test class: Testcases.LeadTestSuite</td>
<td></td>
<td>0</td>
<td>Testcases.LeadTestSuite@6e1ec318</td></tr>
<tr>
<td title='Testcases.LeadTestSuite.thinkTime()'><b>thinkTime</b><br>Test class: Testcases.LeadTestSuite</td>
<td></td>
<td>0</td>
<td>Testcases.LeadTestSuite@6e1ec318</td></tr>
<tr>
<td title='Testcases.LeadTestSuite.thinkTime()'><b>thinkTime</b><br>Test class: Testcases.LeadTestSuite</td>
<td></td>
<td>0</td>
<td>Testcases.LeadTestSuite@6e1ec318</td></tr>
<tr>
<td title='Testcases.LeadTestSuite.thinkTime()'><b>thinkTime</b><br>Test class: Testcases.LeadTestSuite</td>
<td></td>
<td>0</td>
<td>Testcases.LeadTestSuite@6e1ec318</td></tr>
<tr>
<td title='Testcases.LeadTestSuite.thinkTime()'><b>thinkTime</b><br>Test class: Testcases.LeadTestSuite</td>
<td></td>
<td>0</td>
<td>Testcases.LeadTestSuite@6e1ec318</td></tr>
<tr>
<td title='Testcases.LeadTestSuite.thinkTime()'><b>thinkTime</b><br>Test class: Testcases.LeadTestSuite</td>
<td></td>
<td>0</td>
<td>Testcases.LeadTestSuite@6e1ec318</td></tr>
<tr>
<td title='Testcases.LeadTestSuite.thinkTime()'><b>thinkTime</b><br>Test class: Testcases.LeadTestSuite</td>
<td></td>
<td>0</td>
<td>Testcases.LeadTestSuite@6e1ec318</td></tr>
<tr>
<td title='Testcases.LeadTestSuite.thinkTime()'><b>thinkTime</b><br>Test class: Testcases.LeadTestSuite</td>
<td></td>
<td>0</td>
<td>Testcases.LeadTestSuite@6e1ec318</td></tr>
<tr>
<td title='Testcases.LeadTestSuite.thinkTime()'><b>thinkTime</b><br>Test class: Testcases.LeadTestSuite</td>
<td></td>
<td>0</td>
<td>Testcases.LeadTestSuite@6e1ec318</td></tr>
<tr>
<td title='Testcases.LeadTestSuite.thinkTime()'><b>thinkTime</b><br>Test class: Testcases.LeadTestSuite</td>
<td></td>
<td>0</td>
<td>Testcases.LeadTestSuite@6e1ec318</td></tr>
<tr>
<td title='Testcases.LeadTestSuite.thinkTime()'><b>thinkTime</b><br>Test class: Testcases.LeadTestSuite</td>
<td></td>
<td>0</td>
<td>Testcases.LeadTestSuite@6e1ec318</td></tr>
<tr>
<td title='Testcases.LeadTestSuite.thinkTime()'><b>thinkTime</b><br>Test class: Testcases.LeadTestSuite</td>
<td></td>
<td>0</td>
<td>Testcases.LeadTestSuite@6e1ec318</td></tr>
<tr>
<td title='Testcases.LeadTestSuite.thinkTime()'><b>thinkTime</b><br>Test class: Testcases.LeadTestSuite</td>
<td></td>
<td>0</td>
<td>Testcases.LeadTestSuite@6e1ec318</td></tr>
<tr>
<td title='Testcases.LeadTestSuite.thinkTime()'><b>thinkTime</b><br>Test class: Testcases.LeadTestSuite</td>
<td></td>
<td>0</td>
<td>Testcases.LeadTestSuite@6e1ec318</td></tr>
<tr>
<td title='Testcases.LeadTestSuite.thinkTime()'><b>thinkTime</b><br>Test class: Testcases.LeadTestSuite</td>
<td></td>
<td>0</td>
<td>Testcases.LeadTestSuite@6e1ec318</td></tr>
<tr>
<td title='Testcases.LeadTestSuite.thinkTime()'><b>thinkTime</b><br>Test class: Testcases.LeadTestSuite</td>
<td></td>
<td>0</td>
<td>Testcases.LeadTestSuite@6e1ec318</td></tr>
<tr>
<td title='Testcases.LeadTestSuite.thinkTime()'><b>thinkTime</b><br>Test class: Testcases.LeadTestSuite</td>
<td></td>
<td>0</td>
<td>Testcases.LeadTestSuite@6e1ec318</td></tr>
<tr>
<td title='Testcases.LeadTestSuite.thinkTime()'><b>thinkTime</b><br>Test class: Testcases.LeadTestSuite</td>
<td></td>
<td>0</td>
<td>Testcases.LeadTestSuite@6e1ec318</td></tr>
<tr>
<td title='Testcases.LeadTestSuite.thinkTime()'><b>thinkTime</b><br>Test class: Testcases.LeadTestSuite</td>
<td></td>
<td>0</td>
<td>Testcases.LeadTestSuite@6e1ec318</td></tr>
<tr>
<td title='Testcases.LeadTestSuite.thinkTime()'><b>thinkTime</b><br>Test class: Testcases.LeadTestSuite</td>
<td></td>
<td>0</td>
<td>Testcases.LeadTestSuite@6e1ec318</td></tr>
<tr>
<td title='Testcases.LeadTestSuite.thinkTime()'><b>thinkTime</b><br>Test class: Testcases.LeadTestSuite</td>
<td></td>
<td>0</td>
<td>Testcases.LeadTestSuite@6e1ec318</td></tr>
<tr>
<td title='Testcases.LeadTestSuite.thinkTime()'><b>thinkTime</b><br>Test class: Testcases.LeadTestSuite</td>
<td></td>
<td>0</td>
<td>Testcases.LeadTestSuite@6e1ec318</td></tr>
<tr>
<td title='Testcases.LeadTestSuite.thinkTime()'><b>thinkTime</b><br>Test class: Testcases.LeadTestSuite</td>
<td></td>
<td>0</td>
<td>Testcases.LeadTestSuite@6e1ec318</td></tr>
<tr>
<td title='Testcases.LeadTestSuite.thinkTime()'><b>thinkTime</b><br>Test class: Testcases.LeadTestSuite</td>
<td></td>
<td>0</td>
<td>Testcases.LeadTestSuite@6e1ec318</td></tr>
<tr>
<td title='Testcases.LeadTestSuite.thinkTime()'><b>thinkTime</b><br>Test class: Testcases.LeadTestSuite</td>
<td></td>
<td>0</td>
<td>Testcases.LeadTestSuite@6e1ec318</td></tr>
<tr>
<td title='Testcases.LeadTestSuite.thinkTime()'><b>thinkTime</b><br>Test class: Testcases.LeadTestSuite</td>
<td></td>
<td>0</td>
<td>Testcases.LeadTestSuite@6e1ec318</td></tr>
<tr>
<td title='Testcases.LeadTestSuite.thinkTime()'><b>thinkTime</b><br>Test class: Testcases.LeadTestSuite</td>
<td></td>
<td>0</td>
<td>Testcases.LeadTestSuite@6e1ec318</td></tr>
<tr>
<td title='Testcases.LeadTestSuite.thinkTime()'><b>thinkTime</b><br>Test class: Testcases.LeadTestSuite</td>
<td></td>
<td>0</td>
<td>Testcases.LeadTestSuite@6e1ec318</td></tr>
<tr>
<td title='Testcases.LeadTestSuite.thinkTime()'><b>thinkTime</b><br>Test class: Testcases.LeadTestSuite</td>
<td></td>
<td>0</td>
<td>Testcases.LeadTestSuite@6e1ec318</td></tr>
<tr>
<td title='Testcases.LeadTestSuite.thinkTime()'><b>thinkTime</b><br>Test class: Testcases.LeadTestSuite</td>
<td></td>
<td>0</td>
<td>Testcases.LeadTestSuite@6e1ec318</td></tr>
<tr>
<td title='Testcases.LeadTestSuite.thinkTime()'><b>thinkTime</b><br>Test class: Testcases.LeadTestSuite</td>
<td></td>
<td>0</td>
<td>Testcases.LeadTestSuite@6e1ec318</td></tr>
<tr>
<td title='Testcases.LeadTestSuite.thinkTime()'><b>thinkTime</b><br>Test class: Testcases.LeadTestSuite</td>
<td></td>
<td>0</td>
<td>Testcases.LeadTestSuite@6e1ec318</td></tr>
<tr>
<td title='Testcases.LeadTestSuite.thinkTime()'><b>thinkTime</b><br>Test class: Testcases.LeadTestSuite</td>
<td></td>
<td>0</td>
<td>Testcases.LeadTestSuite@6e1ec318</td></tr>
<tr>
<td title='Testcases.LeadTestSuite.thinkTime()'><b>thinkTime</b><br>Test class: Testcases.LeadTestSuite</td>
<td></td>
<td>0</td>
<td>Testcases.LeadTestSuite@6e1ec318</td></tr>
<tr>
<td title='Testcases.LeadTestSuite.thinkTime()'><b>thinkTime</b><br>Test class: Testcases.LeadTestSuite</td>
<td></td>
<td>0</td>
<td>Testcases.LeadTestSuite@6e1ec318</td></tr>
<tr>
<td title='Testcases.LeadTestSuite.thinkTime()'><b>thinkTime</b><br>Test class: Testcases.LeadTestSuite</td>
<td></td>
<td>0</td>
<td>Testcases.LeadTestSuite@6e1ec318</td></tr>
<tr>
<td title='Testcases.LeadTestSuite.thinkTime()'><b>thinkTime</b><br>Test class: Testcases.LeadTestSuite</td>
<td></td>
<td>0</td>
<td>Testcases.LeadTestSuite@6e1ec318</td></tr>
<tr>
<td title='Testcases.LeadTestSuite.thinkTime()'><b>thinkTime</b><br>Test class: Testcases.LeadTestSuite</td>
<td></td>
<td>0</td>
<td>Testcases.LeadTestSuite@6e1ec318</td></tr>
<tr>
<td title='Testcases.LeadTestSuite.thinkTime()'><b>thinkTime</b><br>Test class: Testcases.LeadTestSuite</td>
<td></td>
<td>0</td>
<td>Testcases.LeadTestSuite@6e1ec318</td></tr>
<tr>
<td title='Testcases.LeadTestSuite.thinkTime()'><b>thinkTime</b><br>Test class: Testcases.LeadTestSuite</td>
<td></td>
<td>0</td>
<td>Testcases.LeadTestSuite@6e1ec318</td></tr>
<tr>
<td title='Testcases.LeadTestSuite.thinkTime()'><b>thinkTime</b><br>Test class: Testcases.LeadTestSuite</td>
<td></td>
<td>0</td>
<td>Testcases.LeadTestSuite@6e1ec318</td></tr>
<tr>
<td title='Testcases.LeadTestSuite.thinkTime()'><b>thinkTime</b><br>Test class: Testcases.LeadTestSuite</td>
<td></td>
<td>0</td>
<td>Testcases.LeadTestSuite@6e1ec318</td></tr>
<tr>
<td title='Testcases.LeadTestSuite.thinkTime()'><b>thinkTime</b><br>Test class: Testcases.LeadTestSuite</td>
<td></td>
<td>0</td>
<td>Testcases.LeadTestSuite@6e1ec318</td></tr>
<tr>
<td title='Testcases.LeadTestSuite.thinkTime()'><b>thinkTime</b><br>Test class: Testcases.LeadTestSuite</td>
<td></td>
<td>0</td>
<td>Testcases.LeadTestSuite@6e1ec318</td></tr>
<tr>
<td title='Testcases.LeadTestSuite.thinkTime()'><b>thinkTime</b><br>Test class: Testcases.LeadTestSuite</td>
<td></td>
<td>0</td>
<td>Testcases.LeadTestSuite@6e1ec318</td></tr>
<tr>
<td title='Testcases.LeadTestSuite.thinkTime()'><b>thinkTime</b><br>Test class: Testcases.LeadTestSuite</td>
<td></td>
<td>0</td>
<td>Testcases.LeadTestSuite@6e1ec318</td></tr>
<tr>
<td title='Testcases.LeadTestSuite.thinkTime()'><b>thinkTime</b><br>Test class: Testcases.LeadTestSuite</td>
<td></td>
<td>0</td>
<td>Testcases.LeadTestSuite@6e1ec318</td></tr>
<tr>
<td title='Testcases.LeadTestSuite.thinkTime()'><b>thinkTime</b><br>Test class: Testcases.LeadTestSuite</td>
<td></td>
<td>0</td>
<td>Testcases.LeadTestSuite@6e1ec318</td></tr>
<tr>
<td title='Testcases.LeadTestSuite.thinkTime()'><b>thinkTime</b><br>Test class: Testcases.LeadTestSuite</td>
<td></td>
<td>0</td>
<td>Testcases.LeadTestSuite@6e1ec318</td></tr>
<tr>
<td title='Testcases.LeadTestSuite.thinkTime()'><b>thinkTime</b><br>Test class: Testcases.LeadTestSuite</td>
<td></td>
<td>0</td>
<td>Testcases.LeadTestSuite@6e1ec318</td></tr>
<tr>
<td title='Testcases.LeadTestSuite.thinkTime()'><b>thinkTime</b><br>Test class: Testcases.LeadTestSuite</td>
<td></td>
<td>0</td>
<td>Testcases.LeadTestSuite@6e1ec318</td></tr>
<tr>
<td title='Testcases.LeadTestSuite.thinkTime()'><b>thinkTime</b><br>Test class: Testcases.LeadTestSuite</td>
<td></td>
<td>0</td>
<td>Testcases.LeadTestSuite@6e1ec318</td></tr>
<tr>
<td title='Testcases.LeadTestSuite.thinkTime()'><b>thinkTime</b><br>Test class: Testcases.LeadTestSuite</td>
<td></td>
<td>0</td>
<td>Testcases.LeadTestSuite@6e1ec318</td></tr>
<tr>
<td title='Testcases.LeadTestSuite.thinkTime()'><b>thinkTime</b><br>Test class: Testcases.LeadTestSuite</td>
<td></td>
<td>0</td>
<td>Testcases.LeadTestSuite@6e1ec318</td></tr>
<tr>
<td title='Testcases.LeadTestSuite.thinkTime()'><b>thinkTime</b><br>Test class: Testcases.LeadTestSuite</td>
<td></td>
<td>0</td>
<td>Testcases.LeadTestSuite@6e1ec318</td></tr>
<tr>
<td title='Testcases.LeadTestSuite.thinkTime()'><b>thinkTime</b><br>Test class: Testcases.LeadTestSuite</td>
<td></td>
<td>0</td>
<td>Testcases.LeadTestSuite@6e1ec318</td></tr>
<tr>
<td title='Testcases.LeadTestSuite.thinkTime()'><b>thinkTime</b><br>Test class: Testcases.LeadTestSuite</td>
<td></td>
<td>0</td>
<td>Testcases.LeadTestSuite@6e1ec318</td></tr>
<tr>
<td title='Testcases.LeadTestSuite.thinkTime()'><b>thinkTime</b><br>Test class: Testcases.LeadTestSuite</td>
<td></td>
<td>0</td>
<td>Testcases.LeadTestSuite@6e1ec318</td></tr>
<tr>
<td title='Testcases.LeadTestSuite.thinkTime()'><b>thinkTime</b><br>Test class: Testcases.LeadTestSuite</td>
<td></td>
<td>0</td>
<td>Testcases.LeadTestSuite@6e1ec318</td></tr>
<tr>
<td title='Testcases.LeadTestSuite.thinkTime()'><b>thinkTime</b><br>Test class: Testcases.LeadTestSuite</td>
<td></td>
<td>0</td>
<td>Testcases.LeadTestSuite@6e1ec318</td></tr>
<tr>
<td title='Testcases.LeadTestSuite.thinkTime()'><b>thinkTime</b><br>Test class: Testcases.LeadTestSuite</td>
<td></td>
<td>0</td>
<td>Testcases.LeadTestSuite@6e1ec318</td></tr>
<tr>
<td title='Testcases.LeadTestSuite.thinkTime()'><b>thinkTime</b><br>Test class: Testcases.LeadTestSuite</td>
<td></td>
<td>0</td>
<td>Testcases.LeadTestSuite@6e1ec318</td></tr>
<tr>
<td title='Testcases.LeadTestSuite.thinkTime()'><b>thinkTime</b><br>Test class: Testcases.LeadTestSuite</td>
<td></td>
<td>0</td>
<td>Testcases.LeadTestSuite@6e1ec318</td></tr>
<tr>
<td title='Testcases.LeadTestSuite.thinkTime()'><b>thinkTime</b><br>Test class: Testcases.LeadTestSuite</td>
<td></td>
<td>0</td>
<td>Testcases.LeadTestSuite@6e1ec318</td></tr>
<tr>
<td title='Testcases.LeadTestSuite.thinkTime()'><b>thinkTime</b><br>Test class: Testcases.LeadTestSuite</td>
<td></td>
<td>0</td>
<td>Testcases.LeadTestSuite@6e1ec318</td></tr>
<tr>
<td title='Testcases.LeadTestSuite.thinkTime()'><b>thinkTime</b><br>Test class: Testcases.LeadTestSuite</td>
<td></td>
<td>0</td>
<td>Testcases.LeadTestSuite@6e1ec318</td></tr>
<tr>
<td title='Testcases.LeadTestSuite.thinkTime()'><b>thinkTime</b><br>Test class: Testcases.LeadTestSuite</td>
<td></td>
<td>0</td>
<td>Testcases.LeadTestSuite@6e1ec318</td></tr>
<tr>
<td title='Testcases.LeadTestSuite.thinkTime()'><b>thinkTime</b><br>Test class: Testcases.LeadTestSuite</td>
<td></td>
<td>0</td>
<td>Testcases.LeadTestSuite@6e1ec318</td></tr>
<tr>
<td title='Testcases.LeadTestSuite.thinkTime()'><b>thinkTime</b><br>Test class: Testcases.LeadTestSuite</td>
<td></td>
<td>0</td>
<td>Testcases.LeadTestSuite@6e1ec318</td></tr>
</table><p>
<table width='100%' border='1' class='invocation-failed'>
<tr><td colspan='4' align='center'><b>FAILED TESTS</b></td></tr>
<tr><td><b>Test method</b></td>
<td width="30%"><b>Exception</b></td>
<td width="10%"><b>Time (seconds)</b></td>
<td><b>Instance</b></td>
</tr>
<tr>
<td title='Testcases.ProfileTest.create()'><b>create</b><br>Test class: Testcases.ProfileTest</td>
<td><div><pre>org.openqa.selenium.NoSuchWindowException: no such window: target window already closed
from unknown error: web view not found
  (Session info: chrome=72.0.3626.119)
  (Driver info: chromedriver=2.41.578737 (49da6702b16031c40d63e5618de03a32ff6c197e),platform=Windows NT 10.0.17763 x86_64) (WARNING: The server did not provide any stacktrace information)
Command duration or timeout: 0 milliseconds
Build info: version: &apos;3.14.0&apos;, revision: &apos;aacccce0&apos;, time: &apos;2018-08-02T20:19:58.91Z&apos;
System info: host: &apos;NIS-PC053&apos;, ip: &apos;192.168.1.53&apos;, os.name: &apos;Windows 10&apos;, os.arch: &apos;amd64&apos;, os.version: &apos;10.0&apos;, java.version: &apos;1.8.0_92&apos;
Driver info: org.openqa.selenium.chrome.ChromeDriver
Capabilities {acceptInsecureCerts: false, acceptSslCerts: false, applicationCacheEnabled: false, browserConnectionEnabled: false, browserName: chrome, chrome: {chromedriverVersion: 2.41.578737 (49da6702b16031..., userDataDir: C:\Users\NICHIU~1\AppData\L...}, cssSelectorsEnabled: true, databaseEnabled: false, goog:chromeOptions: {debuggerAddress: localhost:64156}, handlesAlerts: true, hasTouchScreen: false, javascriptEnabled: true, locationContextEnabled: true, mobileEmulationEnabled: false, nativeEvents: true, networkConnectionEnabled: false, pageLoadStrategy: normal, platform: XP, platformName: XP, rotatable: false, setWindowRect: true, takesHeapSnapshot: true, takesScreenshot: true, unexpectedAlertBehaviour: , unhandledPromptBehavior: , version: 72.0.3626.119, webStorageEnabled: true}
Session ID: 6675f0155617f85397452c81af1a18ac
*** Element info: {Using=xpath, value=(//div[@class=&apos;row&apos;])[3]}
	at org.openqa.selenium.remote.ErrorHandler.createThrowable(ErrorHandler.java:214)
	at org.openqa.selenium.remote.ErrorHandler.throwIfResponseFailed(ErrorHandler.java:166)
	at org.openqa.selenium.remote.http.JsonHttpResponseCodec.reconstructValue(JsonHttpResponseCodec.java:40)
	at org.openqa.selenium.remote.http.AbstractHttpResponseCodec.decode(AbstractHttpResponseCodec.java:80)
	at org.openqa.selenium.remote.http.AbstractHttpResponseCodec.decode(AbstractHttpResponseCodec.java:44)
	at org.openqa.selenium.remote.HttpCommandExecutor.execute(HttpCommandExecutor.java:158)
	at org.openqa.selenium.remote.service.DriverCommandExecutor.execute(DriverCommandExecutor.java:83)
	at org.openqa.selenium.remote.RemoteWebDriver.execute(RemoteWebDriver.java:548)
	at org.openqa.selenium.remote.RemoteWebDriver.findElement(RemoteWebDriver.java:322)
	at org.openqa.selenium.remote.RemoteWebDriver.findElementByXPath(RemoteWebDriver.java:424)
	at org.openqa.selenium.By$ByXPath.findElement(By.java:353)
	at org.openqa.selenium.remote.RemoteWebDriver.findElement(RemoteWebDriver.java:314)
	at Pages.Profile.setPermission(Profile.java:44)
	at Testcases.ProfileTest.create(ProfileTest.java:98)
... Removed 29 stack frames</pre></div><a href='#' onClick='toggleBox("stack-trace1444440224", this, "Click to show all stack frames", "Click to hide stack frames")'>Click to show all stack frames</a>
<div class='stack-trace' id='stack-trace1444440224'><pre>org.openqa.selenium.NoSuchWindowException: no such window: target window already closed
from unknown error: web view not found
  (Session info: chrome=72.0.3626.119)
  (Driver info: chromedriver=2.41.578737 (49da6702b16031c40d63e5618de03a32ff6c197e),platform=Windows NT 10.0.17763 x86_64) (WARNING: The server did not provide any stacktrace information)
Command duration or timeout: 0 milliseconds
Build info: version: &apos;3.14.0&apos;, revision: &apos;aacccce0&apos;, time: &apos;2018-08-02T20:19:58.91Z&apos;
System info: host: &apos;NIS-PC053&apos;, ip: &apos;192.168.1.53&apos;, os.name: &apos;Windows 10&apos;, os.arch: &apos;amd64&apos;, os.version: &apos;10.0&apos;, java.version: &apos;1.8.0_92&apos;
Driver info: org.openqa.selenium.chrome.ChromeDriver
Capabilities {acceptInsecureCerts: false, acceptSslCerts: false, applicationCacheEnabled: false, browserConnectionEnabled: false, browserName: chrome, chrome: {chromedriverVersion: 2.41.578737 (49da6702b16031..., userDataDir: C:\Users\NICHIU~1\AppData\L...}, cssSelectorsEnabled: true, databaseEnabled: false, goog:chromeOptions: {debuggerAddress: localhost:64156}, handlesAlerts: true, hasTouchScreen: false, javascriptEnabled: true, locationContextEnabled: true, mobileEmulationEnabled: false, nativeEvents: true, networkConnectionEnabled: false, pageLoadStrategy: normal, platform: XP, platformName: XP, rotatable: false, setWindowRect: true, takesHeapSnapshot: true, takesScreenshot: true, unexpectedAlertBehaviour: , unhandledPromptBehavior: , version: 72.0.3626.119, webStorageEnabled: true}
Session ID: 6675f0155617f85397452c81af1a18ac
*** Element info: {Using=xpath, value=(//div[@class=&apos;row&apos;])[3]}
	at sun.reflect.NativeConstructorAccessorImpl.newInstance0(Native Method)
	at sun.reflect.NativeConstructorAccessorImpl.newInstance(Unknown Source)
	at sun.reflect.DelegatingConstructorAccessorImpl.newInstance(Unknown Source)
	at java.lang.reflect.Constructor.newInstance(Unknown Source)
	at org.openqa.selenium.remote.ErrorHandler.createThrowable(ErrorHandler.java:214)
	at org.openqa.selenium.remote.ErrorHandler.throwIfResponseFailed(ErrorHandler.java:166)
	at org.openqa.selenium.remote.http.JsonHttpResponseCodec.reconstructValue(JsonHttpResponseCodec.java:40)
	at org.openqa.selenium.remote.http.AbstractHttpResponseCodec.decode(AbstractHttpResponseCodec.java:80)
	at org.openqa.selenium.remote.http.AbstractHttpResponseCodec.decode(AbstractHttpResponseCodec.java:44)
	at org.openqa.selenium.remote.HttpCommandExecutor.execute(HttpCommandExecutor.java:158)
	at org.openqa.selenium.remote.service.DriverCommandExecutor.execute(DriverCommandExecutor.java:83)
	at org.openqa.selenium.remote.RemoteWebDriver.execute(RemoteWebDriver.java:548)
	at org.openqa.selenium.remote.RemoteWebDriver.findElement(RemoteWebDriver.java:322)
	at org.openqa.selenium.remote.RemoteWebDriver.findElementByXPath(RemoteWebDriver.java:424)
	at org.openqa.selenium.By$ByXPath.findElement(By.java:353)
	at org.openqa.selenium.remote.RemoteWebDriver.findElement(RemoteWebDriver.java:314)
	at Pages.Profile.setPermission(Profile.java:44)
	at Testcases.ProfileTest.create(ProfileTest.java:98)
	at sun.reflect.NativeMethodAccessorImpl.invoke0(Native Method)
	at sun.reflect.NativeMethodAccessorImpl.invoke(Unknown Source)
	at sun.reflect.DelegatingMethodAccessorImpl.invoke(Unknown Source)
	at java.lang.reflect.Method.invoke(Unknown Source)
	at org.testng.internal.MethodInvocationHelper.invokeMethod(MethodInvocationHelper.java:100)
	at org.testng.internal.Invoker.invokeMethod(Invoker.java:646)
	at org.testng.internal.Invoker.invokeTestMethod(Invoker.java:811)
	at org.testng.internal.Invoker.invokeTestMethods(Invoker.java:1129)
	at org.testng.internal.TestMethodWorker.invokeTestMethods(TestMethodWorker.java:129)
	at org.testng.internal.TestMethodWorker.run(TestMethodWorker.java:112)
	at org.testng.TestRunner.privateRun(TestRunner.java:746)
	at org.testng.TestRunner.run(TestRunner.java:600)
	at org.testng.SuiteRunner.runTest(SuiteRunner.java:366)
	at org.testng.SuiteRunner.runSequentially(SuiteRunner.java:361)
	at org.testng.SuiteRunner.privateRun(SuiteRunner.java:319)
	at org.testng.SuiteRunner.run(SuiteRunner.java:268)
	at org.testng.SuiteRunnerWorker.runSuite(SuiteRunnerWorker.java:52)
	at org.testng.SuiteRunnerWorker.run(SuiteRunnerWorker.java:86)
	at org.testng.TestNG.runSuitesSequentially(TestNG.java:1264)
	at org.testng.TestNG.runSuitesLocally(TestNG.java:1189)
	at org.testng.TestNG.runSuites(TestNG.java:1104)
	at org.testng.TestNG.run(TestNG.java:1076)
	at org.testng.remote.AbstractRemoteTestNG.run(AbstractRemoteTestNG.java:126)
	at org.testng.remote.RemoteTestNG.initAndRun(RemoteTestNG.java:152)
	at org.testng.remote.RemoteTestNG.main(RemoteTestNG.java:57)
</pre></div></td>
<td>0</td>
<td>Testcases.ProfileTest@148080bb</td></tr>
<tr>
<td title='Testcases.ProfileTest.delete()'><b>delete</b><br>Test class: Testcases.ProfileTest</td>
<td><div><pre>org.openqa.selenium.NoSuchWindowException: no such window: target window already closed
from unknown error: web view not found
  (Session info: chrome=72.0.3626.119)
  (Driver info: chromedriver=2.41.578737 (49da6702b16031c40d63e5618de03a32ff6c197e),platform=Windows NT 10.0.17763 x86_64) (WARNING: The server did not provide any stacktrace information)
Command duration or timeout: 0 milliseconds
Build info: version: &apos;3.14.0&apos;, revision: &apos;aacccce0&apos;, time: &apos;2018-08-02T20:19:58.91Z&apos;
System info: host: &apos;NIS-PC053&apos;, ip: &apos;192.168.1.53&apos;, os.name: &apos;Windows 10&apos;, os.arch: &apos;amd64&apos;, os.version: &apos;10.0&apos;, java.version: &apos;1.8.0_92&apos;
Driver info: org.openqa.selenium.chrome.ChromeDriver
Capabilities {acceptInsecureCerts: false, acceptSslCerts: false, applicationCacheEnabled: false, browserConnectionEnabled: false, browserName: chrome, chrome: {chromedriverVersion: 2.41.578737 (49da6702b16031..., userDataDir: C:\Users\NICHIU~1\AppData\L...}, cssSelectorsEnabled: true, databaseEnabled: false, goog:chromeOptions: {debuggerAddress: localhost:64156}, handlesAlerts: true, hasTouchScreen: false, javascriptEnabled: true, locationContextEnabled: true, mobileEmulationEnabled: false, nativeEvents: true, networkConnectionEnabled: false, pageLoadStrategy: normal, platform: XP, platformName: XP, rotatable: false, setWindowRect: true, takesHeapSnapshot: true, takesScreenshot: true, unexpectedAlertBehaviour: , unhandledPromptBehavior: , version: 72.0.3626.119, webStorageEnabled: true}
Session ID: 6675f0155617f85397452c81af1a18ac
*** Element info: {Using=xpath, value=(//div[@class=&apos;row&apos;])[3]}
	at org.openqa.selenium.remote.ErrorHandler.createThrowable(ErrorHandler.java:214)
	at org.openqa.selenium.remote.ErrorHandler.throwIfResponseFailed(ErrorHandler.java:166)
	at org.openqa.selenium.remote.http.JsonHttpResponseCodec.reconstructValue(JsonHttpResponseCodec.java:40)
	at org.openqa.selenium.remote.http.AbstractHttpResponseCodec.decode(AbstractHttpResponseCodec.java:80)
	at org.openqa.selenium.remote.http.AbstractHttpResponseCodec.decode(AbstractHttpResponseCodec.java:44)
	at org.openqa.selenium.remote.HttpCommandExecutor.execute(HttpCommandExecutor.java:158)
	at org.openqa.selenium.remote.service.DriverCommandExecutor.execute(DriverCommandExecutor.java:83)
	at org.openqa.selenium.remote.RemoteWebDriver.execute(RemoteWebDriver.java:548)
	at org.openqa.selenium.remote.RemoteWebDriver.findElement(RemoteWebDriver.java:322)
	at org.openqa.selenium.remote.RemoteWebDriver.findElementByXPath(RemoteWebDriver.java:424)
	at org.openqa.selenium.By$ByXPath.findElement(By.java:353)
	at org.openqa.selenium.remote.RemoteWebDriver.findElement(RemoteWebDriver.java:314)
	at Pages.Profile.setPermission(Profile.java:44)
	at Testcases.ProfileTest.delete(ProfileTest.java:118)
... Removed 29 stack frames</pre></div><a href='#' onClick='toggleBox("stack-trace452842611", this, "Click to show all stack frames", "Click to hide stack frames")'>Click to show all stack frames</a>
<div class='stack-trace' id='stack-trace452842611'><pre>org.openqa.selenium.NoSuchWindowException: no such window: target window already closed
from unknown error: web view not found
  (Session info: chrome=72.0.3626.119)
  (Driver info: chromedriver=2.41.578737 (49da6702b16031c40d63e5618de03a32ff6c197e),platform=Windows NT 10.0.17763 x86_64) (WARNING: The server did not provide any stacktrace information)
Command duration or timeout: 0 milliseconds
Build info: version: &apos;3.14.0&apos;, revision: &apos;aacccce0&apos;, time: &apos;2018-08-02T20:19:58.91Z&apos;
System info: host: &apos;NIS-PC053&apos;, ip: &apos;192.168.1.53&apos;, os.name: &apos;Windows 10&apos;, os.arch: &apos;amd64&apos;, os.version: &apos;10.0&apos;, java.version: &apos;1.8.0_92&apos;
Driver info: org.openqa.selenium.chrome.ChromeDriver
Capabilities {acceptInsecureCerts: false, acceptSslCerts: false, applicationCacheEnabled: false, browserConnectionEnabled: false, browserName: chrome, chrome: {chromedriverVersion: 2.41.578737 (49da6702b16031..., userDataDir: C:\Users\NICHIU~1\AppData\L...}, cssSelectorsEnabled: true, databaseEnabled: false, goog:chromeOptions: {debuggerAddress: localhost:64156}, handlesAlerts: true, hasTouchScreen: false, javascriptEnabled: true, locationContextEnabled: true, mobileEmulationEnabled: false, nativeEvents: true, networkConnectionEnabled: false, pageLoadStrategy: normal, platform: XP, platformName: XP, rotatable: false, setWindowRect: true, takesHeapSnapshot: true, takesScreenshot: true, unexpectedAlertBehaviour: , unhandledPromptBehavior: , version: 72.0.3626.119, webStorageEnabled: true}
Session ID: 6675f0155617f85397452c81af1a18ac
*** Element info: {Using=xpath, value=(//div[@class=&apos;row&apos;])[3]}
	at sun.reflect.NativeConstructorAccessorImpl.newInstance0(Native Method)
	at sun.reflect.NativeConstructorAccessorImpl.newInstance(Unknown Source)
	at sun.reflect.DelegatingConstructorAccessorImpl.newInstance(Unknown Source)
	at java.lang.reflect.Constructor.newInstance(Unknown Source)
	at org.openqa.selenium.remote.ErrorHandler.createThrowable(ErrorHandler.java:214)
	at org.openqa.selenium.remote.ErrorHandler.throwIfResponseFailed(ErrorHandler.java:166)
	at org.openqa.selenium.remote.http.JsonHttpResponseCodec.reconstructValue(JsonHttpResponseCodec.java:40)
	at org.openqa.selenium.remote.http.AbstractHttpResponseCodec.decode(AbstractHttpResponseCodec.java:80)
	at org.openqa.selenium.remote.http.AbstractHttpResponseCodec.decode(AbstractHttpResponseCodec.java:44)
	at org.openqa.selenium.remote.HttpCommandExecutor.execute(HttpCommandExecutor.java:158)
	at org.openqa.selenium.remote.service.DriverCommandExecutor.execute(DriverCommandExecutor.java:83)
	at org.openqa.selenium.remote.RemoteWebDriver.execute(RemoteWebDriver.java:548)
	at org.openqa.selenium.remote.RemoteWebDriver.findElement(RemoteWebDriver.java:322)
	at org.openqa.selenium.remote.RemoteWebDriver.findElementByXPath(RemoteWebDriver.java:424)
	at org.openqa.selenium.By$ByXPath.findElement(By.java:353)
	at org.openqa.selenium.remote.RemoteWebDriver.findElement(RemoteWebDriver.java:314)
	at Pages.Profile.setPermission(Profile.java:44)
	at Testcases.ProfileTest.delete(ProfileTest.java:118)
	at sun.reflect.NativeMethodAccessorImpl.invoke0(Native Method)
	at sun.reflect.NativeMethodAccessorImpl.invoke(Unknown Source)
	at sun.reflect.DelegatingMethodAccessorImpl.invoke(Unknown Source)
	at java.lang.reflect.Method.invoke(Unknown Source)
	at org.testng.internal.MethodInvocationHelper.invokeMethod(MethodInvocationHelper.java:100)
	at org.testng.internal.Invoker.invokeMethod(Invoker.java:646)
	at org.testng.internal.Invoker.invokeTestMethod(Invoker.java:811)
	at org.testng.internal.Invoker.invokeTestMethods(Invoker.java:1129)
	at org.testng.internal.TestMethodWorker.invokeTestMethods(TestMethodWorker.java:129)
	at org.testng.internal.TestMethodWorker.run(TestMethodWorker.java:112)
	at org.testng.TestRunner.privateRun(TestRunner.java:746)
	at org.testng.TestRunner.run(TestRunner.java:600)
	at org.testng.SuiteRunner.runTest(SuiteRunner.java:366)
	at org.testng.SuiteRunner.runSequentially(SuiteRunner.java:361)
	at org.testng.SuiteRunner.privateRun(SuiteRunner.java:319)
	at org.testng.SuiteRunner.run(SuiteRunner.java:268)
	at org.testng.SuiteRunnerWorker.runSuite(SuiteRunnerWorker.java:52)
	at org.testng.SuiteRunnerWorker.run(SuiteRunnerWorker.java:86)
	at org.testng.TestNG.runSuitesSequentially(TestNG.java:1264)
	at org.testng.TestNG.runSuitesLocally(TestNG.java:1189)
	at org.testng.TestNG.runSuites(TestNG.java:1104)
	at org.testng.TestNG.run(TestNG.java:1076)
	at org.testng.remote.AbstractRemoteTestNG.run(AbstractRemoteTestNG.java:126)
	at org.testng.remote.RemoteTestNG.initAndRun(RemoteTestNG.java:152)
	at org.testng.remote.RemoteTestNG.main(RemoteTestNG.java:57)
</pre></div></td>
<td>0</td>
<td>Testcases.ProfileTest@148080bb</td></tr>
<tr>
<td title='Testcases.ProfileTest.deleteAllCheckBox()'><b>deleteAllCheckBox</b><br>Test class: Testcases.ProfileTest</td>
<td><div><pre>org.openqa.selenium.NoSuchWindowException: no such window: target window already closed
from unknown error: web view not found
  (Session info: chrome=72.0.3626.119)
  (Driver info: chromedriver=2.41.578737 (49da6702b16031c40d63e5618de03a32ff6c197e),platform=Windows NT 10.0.17763 x86_64) (WARNING: The server did not provide any stacktrace information)
Command duration or timeout: 0 milliseconds
Build info: version: &apos;3.14.0&apos;, revision: &apos;aacccce0&apos;, time: &apos;2018-08-02T20:19:58.91Z&apos;
System info: host: &apos;NIS-PC053&apos;, ip: &apos;192.168.1.53&apos;, os.name: &apos;Windows 10&apos;, os.arch: &apos;amd64&apos;, os.version: &apos;10.0&apos;, java.version: &apos;1.8.0_92&apos;
Driver info: org.openqa.selenium.chrome.ChromeDriver
Capabilities {acceptInsecureCerts: false, acceptSslCerts: false, applicationCacheEnabled: false, browserConnectionEnabled: false, browserName: chrome, chrome: {chromedriverVersion: 2.41.578737 (49da6702b16031..., userDataDir: C:\Users\NICHIU~1\AppData\L...}, cssSelectorsEnabled: true, databaseEnabled: false, goog:chromeOptions: {debuggerAddress: localhost:64156}, handlesAlerts: true, hasTouchScreen: false, javascriptEnabled: true, locationContextEnabled: true, mobileEmulationEnabled: false, nativeEvents: true, networkConnectionEnabled: false, pageLoadStrategy: normal, platform: XP, platformName: XP, rotatable: false, setWindowRect: true, takesHeapSnapshot: true, takesScreenshot: true, unexpectedAlertBehaviour: , unhandledPromptBehavior: , version: 72.0.3626.119, webStorageEnabled: true}
Session ID: 6675f0155617f85397452c81af1a18ac
*** Element info: {Using=xpath, value=(//div[@class=&apos;row&apos;])[3]}
	at org.openqa.selenium.remote.ErrorHandler.createThrowable(ErrorHandler.java:214)
	at org.openqa.selenium.remote.ErrorHandler.throwIfResponseFailed(ErrorHandler.java:166)
	at org.openqa.selenium.remote.http.JsonHttpResponseCodec.reconstructValue(JsonHttpResponseCodec.java:40)
	at org.openqa.selenium.remote.http.AbstractHttpResponseCodec.decode(AbstractHttpResponseCodec.java:80)
	at org.openqa.selenium.remote.http.AbstractHttpResponseCodec.decode(AbstractHttpResponseCodec.java:44)
	at org.openqa.selenium.remote.HttpCommandExecutor.execute(HttpCommandExecutor.java:158)
	at org.openqa.selenium.remote.service.DriverCommandExecutor.execute(DriverCommandExecutor.java:83)
	at org.openqa.selenium.remote.RemoteWebDriver.execute(RemoteWebDriver.java:548)
	at org.openqa.selenium.remote.RemoteWebDriver.findElement(RemoteWebDriver.java:322)
	at org.openqa.selenium.remote.RemoteWebDriver.findElementByXPath(RemoteWebDriver.java:424)
	at org.openqa.selenium.By$ByXPath.findElement(By.java:353)
	at org.openqa.selenium.remote.RemoteWebDriver.findElement(RemoteWebDriver.java:314)
	at Pages.Profile.setPermission(Profile.java:44)
	at Testcases.ProfileTest.deleteAllCheckBox(ProfileTest.java:142)
... Removed 29 stack frames</pre></div><a href='#' onClick='toggleBox("stack-trace1346292516", this, "Click to show all stack frames", "Click to hide stack frames")'>Click to show all stack frames</a>
<div class='stack-trace' id='stack-trace1346292516'><pre>org.openqa.selenium.NoSuchWindowException: no such window: target window already closed
from unknown error: web view not found
  (Session info: chrome=72.0.3626.119)
  (Driver info: chromedriver=2.41.578737 (49da6702b16031c40d63e5618de03a32ff6c197e),platform=Windows NT 10.0.17763 x86_64) (WARNING: The server did not provide any stacktrace information)
Command duration or timeout: 0 milliseconds
Build info: version: &apos;3.14.0&apos;, revision: &apos;aacccce0&apos;, time: &apos;2018-08-02T20:19:58.91Z&apos;
System info: host: &apos;NIS-PC053&apos;, ip: &apos;192.168.1.53&apos;, os.name: &apos;Windows 10&apos;, os.arch: &apos;amd64&apos;, os.version: &apos;10.0&apos;, java.version: &apos;1.8.0_92&apos;
Driver info: org.openqa.selenium.chrome.ChromeDriver
Capabilities {acceptInsecureCerts: false, acceptSslCerts: false, applicationCacheEnabled: false, browserConnectionEnabled: false, browserName: chrome, chrome: {chromedriverVersion: 2.41.578737 (49da6702b16031..., userDataDir: C:\Users\NICHIU~1\AppData\L...}, cssSelectorsEnabled: true, databaseEnabled: false, goog:chromeOptions: {debuggerAddress: localhost:64156}, handlesAlerts: true, hasTouchScreen: false, javascriptEnabled: true, locationContextEnabled: true, mobileEmulationEnabled: false, nativeEvents: true, networkConnectionEnabled: false, pageLoadStrategy: normal, platform: XP, platformName: XP, rotatable: false, setWindowRect: true, takesHeapSnapshot: true, takesScreenshot: true, unexpectedAlertBehaviour: , unhandledPromptBehavior: , version: 72.0.3626.119, webStorageEnabled: true}
Session ID: 6675f0155617f85397452c81af1a18ac
*** Element info: {Using=xpath, value=(//div[@class=&apos;row&apos;])[3]}
	at sun.reflect.NativeConstructorAccessorImpl.newInstance0(Native Method)
	at sun.reflect.NativeConstructorAccessorImpl.newInstance(Unknown Source)
	at sun.reflect.DelegatingConstructorAccessorImpl.newInstance(Unknown Source)
	at java.lang.reflect.Constructor.newInstance(Unknown Source)
	at org.openqa.selenium.remote.ErrorHandler.createThrowable(ErrorHandler.java:214)
	at org.openqa.selenium.remote.ErrorHandler.throwIfResponseFailed(ErrorHandler.java:166)
	at org.openqa.selenium.remote.http.JsonHttpResponseCodec.reconstructValue(JsonHttpResponseCodec.java:40)
	at org.openqa.selenium.remote.http.AbstractHttpResponseCodec.decode(AbstractHttpResponseCodec.java:80)
	at org.openqa.selenium.remote.http.AbstractHttpResponseCodec.decode(AbstractHttpResponseCodec.java:44)
	at org.openqa.selenium.remote.HttpCommandExecutor.execute(HttpCommandExecutor.java:158)
	at org.openqa.selenium.remote.service.DriverCommandExecutor.execute(DriverCommandExecutor.java:83)
	at org.openqa.selenium.remote.RemoteWebDriver.execute(RemoteWebDriver.java:548)
	at org.openqa.selenium.remote.RemoteWebDriver.findElement(RemoteWebDriver.java:322)
	at org.openqa.selenium.remote.RemoteWebDriver.findElementByXPath(RemoteWebDriver.java:424)
	at org.openqa.selenium.By$ByXPath.findElement(By.java:353)
	at org.openqa.selenium.remote.RemoteWebDriver.findElement(RemoteWebDriver.java:314)
	at Pages.Profile.setPermission(Profile.java:44)
	at Testcases.ProfileTest.deleteAllCheckBox(ProfileTest.java:142)
	at sun.reflect.NativeMethodAccessorImpl.invoke0(Native Method)
	at sun.reflect.NativeMethodAccessorImpl.invoke(Unknown Source)
	at sun.reflect.DelegatingMethodAccessorImpl.invoke(Unknown Source)
	at java.lang.reflect.Method.invoke(Unknown Source)
	at org.testng.internal.MethodInvocationHelper.invokeMethod(MethodInvocationHelper.java:100)
	at org.testng.internal.Invoker.invokeMethod(Invoker.java:646)
	at org.testng.internal.Invoker.invokeTestMethod(Invoker.java:811)
	at org.testng.internal.Invoker.invokeTestMethods(Invoker.java:1129)
	at org.testng.internal.TestMethodWorker.invokeTestMethods(TestMethodWorker.java:129)
	at org.testng.internal.TestMethodWorker.run(TestMethodWorker.java:112)
	at org.testng.TestRunner.privateRun(TestRunner.java:746)
	at org.testng.TestRunner.run(TestRunner.java:600)
	at org.testng.SuiteRunner.runTest(SuiteRunner.java:366)
	at org.testng.SuiteRunner.runSequentially(SuiteRunner.java:361)
	at org.testng.SuiteRunner.privateRun(SuiteRunner.java:319)
	at org.testng.SuiteRunner.run(SuiteRunner.java:268)
	at org.testng.SuiteRunnerWorker.runSuite(SuiteRunnerWorker.java:52)
	at org.testng.SuiteRunnerWorker.run(SuiteRunnerWorker.java:86)
	at org.testng.TestNG.runSuitesSequentially(TestNG.java:1264)
	at org.testng.TestNG.runSuitesLocally(TestNG.java:1189)
	at org.testng.TestNG.runSuites(TestNG.java:1104)
	at org.testng.TestNG.run(TestNG.java:1076)
	at org.testng.remote.AbstractRemoteTestNG.run(AbstractRemoteTestNG.java:126)
	at org.testng.remote.RemoteTestNG.initAndRun(RemoteTestNG.java:152)
	at org.testng.remote.RemoteTestNG.main(RemoteTestNG.java:57)
</pre></div></td>
<td>0</td>
<td>Testcases.ProfileTest@148080bb</td></tr>
<tr>
<td title='Testcases.ProfileTest.edit()'><b>edit</b><br>Test class: Testcases.ProfileTest</td>
<td><div><pre>org.openqa.selenium.NoSuchWindowException: no such window: target window already closed
from unknown error: web view not found
  (Session info: chrome=72.0.3626.119)
  (Driver info: chromedriver=2.41.578737 (49da6702b16031c40d63e5618de03a32ff6c197e),platform=Windows NT 10.0.17763 x86_64) (WARNING: The server did not provide any stacktrace information)
Command duration or timeout: 0 milliseconds
Build info: version: &apos;3.14.0&apos;, revision: &apos;aacccce0&apos;, time: &apos;2018-08-02T20:19:58.91Z&apos;
System info: host: &apos;NIS-PC053&apos;, ip: &apos;192.168.1.53&apos;, os.name: &apos;Windows 10&apos;, os.arch: &apos;amd64&apos;, os.version: &apos;10.0&apos;, java.version: &apos;1.8.0_92&apos;
Driver info: org.openqa.selenium.chrome.ChromeDriver
Capabilities {acceptInsecureCerts: false, acceptSslCerts: false, applicationCacheEnabled: false, browserConnectionEnabled: false, browserName: chrome, chrome: {chromedriverVersion: 2.41.578737 (49da6702b16031..., userDataDir: C:\Users\NICHIU~1\AppData\L...}, cssSelectorsEnabled: true, databaseEnabled: false, goog:chromeOptions: {debuggerAddress: localhost:64156}, handlesAlerts: true, hasTouchScreen: false, javascriptEnabled: true, locationContextEnabled: true, mobileEmulationEnabled: false, nativeEvents: true, networkConnectionEnabled: false, pageLoadStrategy: normal, platform: XP, platformName: XP, rotatable: false, setWindowRect: true, takesHeapSnapshot: true, takesScreenshot: true, unexpectedAlertBehaviour: , unhandledPromptBehavior: , version: 72.0.3626.119, webStorageEnabled: true}
Session ID: 6675f0155617f85397452c81af1a18ac
*** Element info: {Using=xpath, value=(//div[@class=&apos;row&apos;])[3]}
	at org.openqa.selenium.remote.ErrorHandler.createThrowable(ErrorHandler.java:214)
	at org.openqa.selenium.remote.ErrorHandler.throwIfResponseFailed(ErrorHandler.java:166)
	at org.openqa.selenium.remote.http.JsonHttpResponseCodec.reconstructValue(JsonHttpResponseCodec.java:40)
	at org.openqa.selenium.remote.http.AbstractHttpResponseCodec.decode(AbstractHttpResponseCodec.java:80)
	at org.openqa.selenium.remote.http.AbstractHttpResponseCodec.decode(AbstractHttpResponseCodec.java:44)
	at org.openqa.selenium.remote.HttpCommandExecutor.execute(HttpCommandExecutor.java:158)
	at org.openqa.selenium.remote.service.DriverCommandExecutor.execute(DriverCommandExecutor.java:83)
	at org.openqa.selenium.remote.RemoteWebDriver.execute(RemoteWebDriver.java:548)
	at org.openqa.selenium.remote.RemoteWebDriver.findElement(RemoteWebDriver.java:322)
	at org.openqa.selenium.remote.RemoteWebDriver.findElementByXPath(RemoteWebDriver.java:424)
	at org.openqa.selenium.By$ByXPath.findElement(By.java:353)
	at org.openqa.selenium.remote.RemoteWebDriver.findElement(RemoteWebDriver.java:314)
	at Pages.Profile.setPermission(Profile.java:44)
	at Testcases.ProfileTest.edit(ProfileTest.java:78)
... Removed 29 stack frames</pre></div><a href='#' onClick='toggleBox("stack-trace1407083101", this, "Click to show all stack frames", "Click to hide stack frames")'>Click to show all stack frames</a>
<div class='stack-trace' id='stack-trace1407083101'><pre>org.openqa.selenium.NoSuchWindowException: no such window: target window already closed
from unknown error: web view not found
  (Session info: chrome=72.0.3626.119)
  (Driver info: chromedriver=2.41.578737 (49da6702b16031c40d63e5618de03a32ff6c197e),platform=Windows NT 10.0.17763 x86_64) (WARNING: The server did not provide any stacktrace information)
Command duration or timeout: 0 milliseconds
Build info: version: &apos;3.14.0&apos;, revision: &apos;aacccce0&apos;, time: &apos;2018-08-02T20:19:58.91Z&apos;
System info: host: &apos;NIS-PC053&apos;, ip: &apos;192.168.1.53&apos;, os.name: &apos;Windows 10&apos;, os.arch: &apos;amd64&apos;, os.version: &apos;10.0&apos;, java.version: &apos;1.8.0_92&apos;
Driver info: org.openqa.selenium.chrome.ChromeDriver
Capabilities {acceptInsecureCerts: false, acceptSslCerts: false, applicationCacheEnabled: false, browserConnectionEnabled: false, browserName: chrome, chrome: {chromedriverVersion: 2.41.578737 (49da6702b16031..., userDataDir: C:\Users\NICHIU~1\AppData\L...}, cssSelectorsEnabled: true, databaseEnabled: false, goog:chromeOptions: {debuggerAddress: localhost:64156}, handlesAlerts: true, hasTouchScreen: false, javascriptEnabled: true, locationContextEnabled: true, mobileEmulationEnabled: false, nativeEvents: true, networkConnectionEnabled: false, pageLoadStrategy: normal, platform: XP, platformName: XP, rotatable: false, setWindowRect: true, takesHeapSnapshot: true, takesScreenshot: true, unexpectedAlertBehaviour: , unhandledPromptBehavior: , version: 72.0.3626.119, webStorageEnabled: true}
Session ID: 6675f0155617f85397452c81af1a18ac
*** Element info: {Using=xpath, value=(//div[@class=&apos;row&apos;])[3]}
	at sun.reflect.NativeConstructorAccessorImpl.newInstance0(Native Method)
	at sun.reflect.NativeConstructorAccessorImpl.newInstance(Unknown Source)
	at sun.reflect.DelegatingConstructorAccessorImpl.newInstance(Unknown Source)
	at java.lang.reflect.Constructor.newInstance(Unknown Source)
	at org.openqa.selenium.remote.ErrorHandler.createThrowable(ErrorHandler.java:214)
	at org.openqa.selenium.remote.ErrorHandler.throwIfResponseFailed(ErrorHandler.java:166)
	at org.openqa.selenium.remote.http.JsonHttpResponseCodec.reconstructValue(JsonHttpResponseCodec.java:40)
	at org.openqa.selenium.remote.http.AbstractHttpResponseCodec.decode(AbstractHttpResponseCodec.java:80)
	at org.openqa.selenium.remote.http.AbstractHttpResponseCodec.decode(AbstractHttpResponseCodec.java:44)
	at org.openqa.selenium.remote.HttpCommandExecutor.execute(HttpCommandExecutor.java:158)
	at org.openqa.selenium.remote.service.DriverCommandExecutor.execute(DriverCommandExecutor.java:83)
	at org.openqa.selenium.remote.RemoteWebDriver.execute(RemoteWebDriver.java:548)
	at org.openqa.selenium.remote.RemoteWebDriver.findElement(RemoteWebDriver.java:322)
	at org.openqa.selenium.remote.RemoteWebDriver.findElementByXPath(RemoteWebDriver.java:424)
	at org.openqa.selenium.By$ByXPath.findElement(By.java:353)
	at org.openqa.selenium.remote.RemoteWebDriver.findElement(RemoteWebDriver.java:314)
	at Pages.Profile.setPermission(Profile.java:44)
	at Testcases.ProfileTest.edit(ProfileTest.java:78)
	at sun.reflect.NativeMethodAccessorImpl.invoke0(Native Method)
	at sun.reflect.NativeMethodAccessorImpl.invoke(Unknown Source)
	at sun.reflect.DelegatingMethodAccessorImpl.invoke(Unknown Source)
	at java.lang.reflect.Method.invoke(Unknown Source)
	at org.testng.internal.MethodInvocationHelper.invokeMethod(MethodInvocationHelper.java:100)
	at org.testng.internal.Invoker.invokeMethod(Invoker.java:646)
	at org.testng.internal.Invoker.invokeTestMethod(Invoker.java:811)
	at org.testng.internal.Invoker.invokeTestMethods(Invoker.java:1129)
	at org.testng.internal.TestMethodWorker.invokeTestMethods(TestMethodWorker.java:129)
	at org.testng.internal.TestMethodWorker.run(TestMethodWorker.java:112)
	at org.testng.TestRunner.privateRun(TestRunner.java:746)
	at org.testng.TestRunner.run(TestRunner.java:600)
	at org.testng.SuiteRunner.runTest(SuiteRunner.java:366)
	at org.testng.SuiteRunner.runSequentially(SuiteRunner.java:361)
	at org.testng.SuiteRunner.privateRun(SuiteRunner.java:319)
	at org.testng.SuiteRunner.run(SuiteRunner.java:268)
	at org.testng.SuiteRunnerWorker.runSuite(SuiteRunnerWorker.java:52)
	at org.testng.SuiteRunnerWorker.run(SuiteRunnerWorker.java:86)
	at org.testng.TestNG.runSuitesSequentially(TestNG.java:1264)
	at org.testng.TestNG.runSuitesLocally(TestNG.java:1189)
	at org.testng.TestNG.runSuites(TestNG.java:1104)
	at org.testng.TestNG.run(TestNG.java:1076)
	at org.testng.remote.AbstractRemoteTestNG.run(AbstractRemoteTestNG.java:126)
	at org.testng.remote.RemoteTestNG.initAndRun(RemoteTestNG.java:152)
	at org.testng.remote.RemoteTestNG.main(RemoteTestNG.java:57)
</pre></div></td>
<td>0</td>
<td>Testcases.ProfileTest@148080bb</td></tr>
<tr>
<td title='Testcases.ProfileTest.read()'><b>read</b><br>Test class: Testcases.ProfileTest</td>
<td><div><pre>org.openqa.selenium.NoSuchWindowException: no such window: target window already closed
from unknown error: web view not found
  (Session info: chrome=72.0.3626.119)
  (Driver info: chromedriver=2.41.578737 (49da6702b16031c40d63e5618de03a32ff6c197e),platform=Windows NT 10.0.17763 x86_64) (WARNING: The server did not provide any stacktrace information)
Command duration or timeout: 0 milliseconds
Build info: version: &apos;3.14.0&apos;, revision: &apos;aacccce0&apos;, time: &apos;2018-08-02T20:19:58.91Z&apos;
System info: host: &apos;NIS-PC053&apos;, ip: &apos;192.168.1.53&apos;, os.name: &apos;Windows 10&apos;, os.arch: &apos;amd64&apos;, os.version: &apos;10.0&apos;, java.version: &apos;1.8.0_92&apos;
Driver info: org.openqa.selenium.chrome.ChromeDriver
Capabilities {acceptInsecureCerts: false, acceptSslCerts: false, applicationCacheEnabled: false, browserConnectionEnabled: false, browserName: chrome, chrome: {chromedriverVersion: 2.41.578737 (49da6702b16031..., userDataDir: C:\Users\NICHIU~1\AppData\L...}, cssSelectorsEnabled: true, databaseEnabled: false, goog:chromeOptions: {debuggerAddress: localhost:64156}, handlesAlerts: true, hasTouchScreen: false, javascriptEnabled: true, locationContextEnabled: true, mobileEmulationEnabled: false, nativeEvents: true, networkConnectionEnabled: false, pageLoadStrategy: normal, platform: XP, platformName: XP, rotatable: false, setWindowRect: true, takesHeapSnapshot: true, takesScreenshot: true, unexpectedAlertBehaviour: , unhandledPromptBehavior: , version: 72.0.3626.119, webStorageEnabled: true}
Session ID: 6675f0155617f85397452c81af1a18ac
*** Element info: {Using=xpath, value=(//div[@class=&apos;row&apos;])[3]/following-sibling::div}
	at org.openqa.selenium.remote.ErrorHandler.createThrowable(ErrorHandler.java:214)
	at org.openqa.selenium.remote.ErrorHandler.throwIfResponseFailed(ErrorHandler.java:166)
	at org.openqa.selenium.remote.http.JsonHttpResponseCodec.reconstructValue(JsonHttpResponseCodec.java:40)
	at org.openqa.selenium.remote.http.AbstractHttpResponseCodec.decode(AbstractHttpResponseCodec.java:80)
	at org.openqa.selenium.remote.http.AbstractHttpResponseCodec.decode(AbstractHttpResponseCodec.java:44)
	at org.openqa.selenium.remote.HttpCommandExecutor.execute(HttpCommandExecutor.java:158)
	at org.openqa.selenium.remote.service.DriverCommandExecutor.execute(DriverCommandExecutor.java:83)
	at org.openqa.selenium.remote.RemoteWebDriver.execute(RemoteWebDriver.java:548)
	at org.openqa.selenium.remote.RemoteWebDriver.findElements(RemoteWebDriver.java:349)
	at org.openqa.selenium.remote.RemoteWebDriver.findElementsByXPath(RemoteWebDriver.java:428)
	at org.openqa.selenium.By$ByXPath.findElements(By.java:348)
	at org.openqa.selenium.remote.RemoteWebDriver.findElements(RemoteWebDriver.java:310)
	at Pages.Profile.setPermission(Profile.java:59)
	at Testcases.ProfileTest.read(ProfileTest.java:63)
... Removed 29 stack frames</pre></div><a href='#' onClick='toggleBox("stack-trace2099051403", this, "Click to show all stack frames", "Click to hide stack frames")'>Click to show all stack frames</a>
<div class='stack-trace' id='stack-trace2099051403'><pre>org.openqa.selenium.NoSuchWindowException: no such window: target window already closed
from unknown error: web view not found
  (Session info: chrome=72.0.3626.119)
  (Driver info: chromedriver=2.41.578737 (49da6702b16031c40d63e5618de03a32ff6c197e),platform=Windows NT 10.0.17763 x86_64) (WARNING: The server did not provide any stacktrace information)
Command duration or timeout: 0 milliseconds
Build info: version: &apos;3.14.0&apos;, revision: &apos;aacccce0&apos;, time: &apos;2018-08-02T20:19:58.91Z&apos;
System info: host: &apos;NIS-PC053&apos;, ip: &apos;192.168.1.53&apos;, os.name: &apos;Windows 10&apos;, os.arch: &apos;amd64&apos;, os.version: &apos;10.0&apos;, java.version: &apos;1.8.0_92&apos;
Driver info: org.openqa.selenium.chrome.ChromeDriver
Capabilities {acceptInsecureCerts: false, acceptSslCerts: false, applicationCacheEnabled: false, browserConnectionEnabled: false, browserName: chrome, chrome: {chromedriverVersion: 2.41.578737 (49da6702b16031..., userDataDir: C:\Users\NICHIU~1\AppData\L...}, cssSelectorsEnabled: true, databaseEnabled: false, goog:chromeOptions: {debuggerAddress: localhost:64156}, handlesAlerts: true, hasTouchScreen: false, javascriptEnabled: true, locationContextEnabled: true, mobileEmulationEnabled: false, nativeEvents: true, networkConnectionEnabled: false, pageLoadStrategy: normal, platform: XP, platformName: XP, rotatable: false, setWindowRect: true, takesHeapSnapshot: true, takesScreenshot: true, unexpectedAlertBehaviour: , unhandledPromptBehavior: , version: 72.0.3626.119, webStorageEnabled: true}
Session ID: 6675f0155617f85397452c81af1a18ac
*** Element info: {Using=xpath, value=(//div[@class=&apos;row&apos;])[3]/following-sibling::div}
	at sun.reflect.NativeConstructorAccessorImpl.newInstance0(Native Method)
	at sun.reflect.NativeConstructorAccessorImpl.newInstance(Unknown Source)
	at sun.reflect.DelegatingConstructorAccessorImpl.newInstance(Unknown Source)
	at java.lang.reflect.Constructor.newInstance(Unknown Source)
	at org.openqa.selenium.remote.ErrorHandler.createThrowable(ErrorHandler.java:214)
	at org.openqa.selenium.remote.ErrorHandler.throwIfResponseFailed(ErrorHandler.java:166)
	at org.openqa.selenium.remote.http.JsonHttpResponseCodec.reconstructValue(JsonHttpResponseCodec.java:40)
	at org.openqa.selenium.remote.http.AbstractHttpResponseCodec.decode(AbstractHttpResponseCodec.java:80)
	at org.openqa.selenium.remote.http.AbstractHttpResponseCodec.decode(AbstractHttpResponseCodec.java:44)
	at org.openqa.selenium.remote.HttpCommandExecutor.execute(HttpCommandExecutor.java:158)
	at org.openqa.selenium.remote.service.DriverCommandExecutor.execute(DriverCommandExecutor.java:83)
	at org.openqa.selenium.remote.RemoteWebDriver.execute(RemoteWebDriver.java:548)
	at org.openqa.selenium.remote.RemoteWebDriver.findElements(RemoteWebDriver.java:349)
	at org.openqa.selenium.remote.RemoteWebDriver.findElementsByXPath(RemoteWebDriver.java:428)
	at org.openqa.selenium.By$ByXPath.findElements(By.java:348)
	at org.openqa.selenium.remote.RemoteWebDriver.findElements(RemoteWebDriver.java:310)
	at Pages.Profile.setPermission(Profile.java:59)
	at Testcases.ProfileTest.read(ProfileTest.java:63)
	at sun.reflect.NativeMethodAccessorImpl.invoke0(Native Method)
	at sun.reflect.NativeMethodAccessorImpl.invoke(Unknown Source)
	at sun.reflect.DelegatingMethodAccessorImpl.invoke(Unknown Source)
	at java.lang.reflect.Method.invoke(Unknown Source)
	at org.testng.internal.MethodInvocationHelper.invokeMethod(MethodInvocationHelper.java:100)
	at org.testng.internal.Invoker.invokeMethod(Invoker.java:646)
	at org.testng.internal.Invoker.invokeTestMethod(Invoker.java:811)
	at org.testng.internal.Invoker.invokeTestMethods(Invoker.java:1129)
	at org.testng.internal.TestMethodWorker.invokeTestMethods(TestMethodWorker.java:129)
	at org.testng.internal.TestMethodWorker.run(TestMethodWorker.java:112)
	at org.testng.TestRunner.privateRun(TestRunner.java:746)
	at org.testng.TestRunner.run(TestRunner.java:600)
	at org.testng.SuiteRunner.runTest(SuiteRunner.java:366)
	at org.testng.SuiteRunner.runSequentially(SuiteRunner.java:361)
	at org.testng.SuiteRunner.privateRun(SuiteRunner.java:319)
	at org.testng.SuiteRunner.run(SuiteRunner.java:268)
	at org.testng.SuiteRunnerWorker.runSuite(SuiteRunnerWorker.java:52)
	at org.testng.SuiteRunnerWorker.run(SuiteRunnerWorker.java:86)
	at org.testng.TestNG.runSuitesSequentially(TestNG.java:1264)
	at org.testng.TestNG.runSuitesLocally(TestNG.java:1189)
	at org.testng.TestNG.runSuites(TestNG.java:1104)
	at org.testng.TestNG.run(TestNG.java:1076)
	at org.testng.remote.AbstractRemoteTestNG.run(AbstractRemoteTestNG.java:126)
	at org.testng.remote.RemoteTestNG.initAndRun(RemoteTestNG.java:152)
	at org.testng.remote.RemoteTestNG.main(RemoteTestNG.java:57)
</pre></div></td>
<td>4</td>
<td>Testcases.ProfileTest@148080bb</td></tr>
</table><p>
<table width='100%' border='1' class='invocation-passed'>
<tr><td colspan='4' align='center'><b>PASSED TESTS</b></td></tr>
<tr><td><b>Test method</b></td>
<td width="30%"><b>Exception</b></td>
<td width="10%"><b>Time (seconds)</b></td>
<td><b>Instance</b></td>
</tr>
<tr>
<td title='Testcases.ProfileTest.test()'><b>test</b><br>Test class: Testcases.ProfileTest</td>
<td></td>
<td>18</td>
<td>Testcases.ProfileTest@148080bb</td></tr>
</table><p>
<table width='100%' border='1' class='invocation-skipped'>
<tr><td colspan='4' align='center'><b>SKIPPED TESTS</b></td></tr>
<tr><td><b>Test method</b></td>
<td width="30%"><b>Exception</b></td>
<td width="10%"><b>Time (seconds)</b></td>
<td><b>Instance</b></td>
</tr>
<tr>
<td title='Testcases.AccountsTest.EventLocationCommonValidation()'><b>EventLocationCommonValidation</b><br>Test class: Testcases.AccountsTest</td>
<td></td>
<td>0</td>
<td>Testcases.AccountsTest@dc24521</td></tr>
<tr>
<td title='Testcases.OpportunityTest.EventLocationCommonValidation()'><b>EventLocationCommonValidation</b><br>Test class: Testcases.OpportunityTest</td>
<td></td>
<td>0</td>
<td>Testcases.OpportunityTest@10bdf5e5</td></tr>
<tr>
<td title='Testcases.AccountsTest.EventLocationtabsOutValidation()'><b>EventLocationtabsOutValidation</b><br>Test class: Testcases.AccountsTest</td>
<td></td>
<td>0</td>
<td>Testcases.AccountsTest@dc24521</td></tr>
<tr>
<td title='Testcases.OpportunityTest.EventLocationtabsOutValidation()'><b>EventLocationtabsOutValidation</b><br>Test class: Testcases.OpportunityTest</td>
<td></td>
<td>0</td>
<td>Testcases.OpportunityTest@10bdf5e5</td></tr>
<tr>
<td title='Testcases.AccountsTest.EventSubjectCommonValidation()'><b>EventSubjectCommonValidation</b><br>Test class: Testcases.AccountsTest</td>
<td></td>
<td>0</td>
<td>Testcases.AccountsTest@dc24521</td></tr>
<tr>
<td title='Testcases.OpportunityTest.EventSubjectCommonValidation()'><b>EventSubjectCommonValidation</b><br>Test class: Testcases.OpportunityTest</td>
<td></td>
<td>0</td>
<td>Testcases.OpportunityTest@10bdf5e5</td></tr>
<tr>
<td title='Testcases.AccountsTest.EventSubjecttabsOutValidation()'><b>EventSubjecttabsOutValidation</b><br>Test class: Testcases.AccountsTest</td>
<td></td>
<td>0</td>
<td>Testcases.AccountsTest@dc24521</td></tr>
<tr>
<td title='Testcases.OpportunityTest.EventSubjecttabsOutValidation()'><b>EventSubjecttabsOutValidation</b><br>Test class: Testcases.OpportunityTest</td>
<td></td>
<td>0</td>
<td>Testcases.OpportunityTest@10bdf5e5</td></tr>
<tr>
<td title='Testcases.AccountsTest.acccountNameFieldvaldidationAccount()'><b>acccountNameFieldvaldidationAccount</b><br>Test class: Testcases.AccountsTest</td>
<td></td>
<td>0</td>
<td>Testcases.AccountsTest@dc24521</td></tr>
<tr>
<td title='Testcases.AccountsTest.accountManditiryTabsoutvalidation()'><b>accountManditiryTabsoutvalidation</b><br>Test class: Testcases.AccountsTest</td>
<td></td>
<td>0</td>
<td>Testcases.AccountsTest@dc24521</td></tr>
<tr>
<td title='Testcases.AccountsTest.accountManditoryCommonValidation()'><b>accountManditoryCommonValidation</b><br>Test class: Testcases.AccountsTest</td>
<td></td>
<td>0</td>
<td>Testcases.AccountsTest@dc24521</td></tr>
<tr>
<td title='Testcases.AccountsTest.addAccounts()'><b>addAccounts</b><br>Test class: Testcases.AccountsTest</td>
<td></td>
<td>0</td>
<td>Testcases.AccountsTest@dc24521</td></tr>
<tr>
<td title='Testcases.AccountsTest.addAttachement()'><b>addAttachement</b><br>Test class: Testcases.AccountsTest</td>
<td></td>
<td>0</td>
<td>Testcases.AccountsTest@dc24521</td></tr>
<tr>
<td title='Testcases.OpportunityTest.addAttachement()'><b>addAttachement</b><br>Test class: Testcases.OpportunityTest</td>
<td></td>
<td>0</td>
<td>Testcases.OpportunityTest@10bdf5e5</td></tr>
<tr>
<td title='Testcases.LeadTestSuite.addAttachment()'><b>addAttachment</b><br>Test class: Testcases.LeadTestSuite</td>
<td></td>
<td>0</td>
<td>Testcases.LeadTestSuite@6e1ec318</td></tr>
<tr>
<td title='Testcases.AccountsTest.addAttachmentInDetails()'><b>addAttachmentInDetails</b><br>Test class: Testcases.AccountsTest</td>
<td></td>
<td>0</td>
<td>Testcases.AccountsTest@dc24521</td></tr>
<tr>
<td title='Testcases.OpportunityTest.addAttachmentInDetails()'><b>addAttachmentInDetails</b><br>Test class: Testcases.OpportunityTest</td>
<td></td>
<td>0</td>
<td>Testcases.OpportunityTest@10bdf5e5</td></tr>
<tr>
<td title='Testcases.LeadTestSuite.addAttachmentInDetails()'><b>addAttachmentInDetails</b><br>Test class: Testcases.LeadTestSuite</td>
<td></td>
<td>0</td>
<td>Testcases.LeadTestSuite@6e1ec318</td></tr>
<tr>
<td title='Testcases.AccountsTest.addAttchemntvalidation()'><b>addAttchemntvalidation</b><br>Test class: Testcases.AccountsTest</td>
<td></td>
<td>0</td>
<td>Testcases.AccountsTest@dc24521</td></tr>
<tr>
<td title='Testcases.OpportunityTest.addAttchemntvalidation()'><b>addAttchemntvalidation</b><br>Test class: Testcases.OpportunityTest</td>
<td></td>
<td>0</td>
<td>Testcases.OpportunityTest@10bdf5e5</td></tr>
<tr>
<td title='Testcases.LeadTestSuite.addAttchemntvalidation()'><b>addAttchemntvalidation</b><br>Test class: Testcases.LeadTestSuite</td>
<td></td>
<td>0</td>
<td>Testcases.LeadTestSuite@6e1ec318</td></tr>
<tr>
<td title='Testcases.AccountsTest.addEvent()'><b>addEvent</b><br>Test class: Testcases.AccountsTest</td>
<td></td>
<td>0</td>
<td>Testcases.AccountsTest@dc24521</td></tr>
<tr>
<td title='Testcases.OpportunityTest.addEvent()'><b>addEvent</b><br>Test class: Testcases.OpportunityTest</td>
<td></td>
<td>0</td>
<td>Testcases.OpportunityTest@10bdf5e5</td></tr>
<tr>
<td title='Testcases.LeadTestSuite.addEvent()'><b>addEvent</b><br>Test class: Testcases.LeadTestSuite</td>
<td></td>
<td>0</td>
<td>Testcases.LeadTestSuite@6e1ec318</td></tr>
<tr>
<td title='Testcases.AccountsTest.addEventInDetails()'><b>addEventInDetails</b><br>Test class: Testcases.AccountsTest</td>
<td></td>
<td>0</td>
<td>Testcases.AccountsTest@dc24521</td></tr>
<tr>
<td title='Testcases.OpportunityTest.addEventInDetails()'><b>addEventInDetails</b><br>Test class: Testcases.OpportunityTest</td>
<td></td>
<td>0</td>
<td>Testcases.OpportunityTest@10bdf5e5</td></tr>
<tr>
<td title='Testcases.LeadTestSuite.addEventInDetails()'><b>addEventInDetails</b><br>Test class: Testcases.LeadTestSuite</td>
<td></td>
<td>0</td>
<td>Testcases.LeadTestSuite@6e1ec318</td></tr>
<tr>
<td title='Testcases.LeadTestSuite.addLogCall()'><b>addLogCall</b><br>Test class: Testcases.LeadTestSuite</td>
<td></td>
<td>0</td>
<td>Testcases.LeadTestSuite@6e1ec318</td></tr>
<tr>
<td title='Testcases.LeadTestSuite.addLogErrorWhileCancel()'><b>addLogErrorWhileCancel</b><br>Test class: Testcases.LeadTestSuite</td>
<td></td>
<td>0</td>
<td>Testcases.LeadTestSuite@6e1ec318</td></tr>
<tr>
<td title='Testcases.AccountsTest.addLogErrorWhileClosingLog()'><b>addLogErrorWhileClosingLog</b><br>Test class: Testcases.AccountsTest</td>
<td></td>
<td>0</td>
<td>Testcases.AccountsTest@dc24521</td></tr>
<tr>
<td title='Testcases.OpportunityTest.addLogErrorWhileClosingLog()'><b>addLogErrorWhileClosingLog</b><br>Test class: Testcases.OpportunityTest</td>
<td></td>
<td>0</td>
<td>Testcases.OpportunityTest@10bdf5e5</td></tr>
<tr>
<td title='Testcases.LeadTestSuite.addLogErrorWithOutChar()'><b>addLogErrorWithOutChar</b><br>Test class: Testcases.LeadTestSuite</td>
<td></td>
<td>0</td>
<td>Testcases.LeadTestSuite@6e1ec318</td></tr>
<tr>
<td title='Testcases.LeadTestSuite.addLogInDetails()'><b>addLogInDetails</b><br>Test class: Testcases.LeadTestSuite</td>
<td></td>
<td>0</td>
<td>Testcases.LeadTestSuite@6e1ec318</td></tr>
<tr>
<td title='Testcases.LeadTestSuite.addLogValdiationListing()'><b>addLogValdiationListing</b><br>Test class: Testcases.LeadTestSuite</td>
<td></td>
<td>0</td>
<td>Testcases.LeadTestSuite@6e1ec318</td></tr>
<tr>
<td title='Testcases.LeadTestSuite.addLogValidationDetails()'><b>addLogValidationDetails</b><br>Test class: Testcases.LeadTestSuite</td>
<td></td>
<td>0</td>
<td>Testcases.LeadTestSuite@6e1ec318</td></tr>
<tr>
<td title='Testcases.AccountsTest.addLogValidationsDetails()'><b>addLogValidationsDetails</b><br>Test class: Testcases.AccountsTest</td>
<td></td>
<td>0</td>
<td>Testcases.AccountsTest@dc24521</td></tr>
<tr>
<td title='Testcases.OpportunityTest.addLogValidationsDetails()'><b>addLogValidationsDetails</b><br>Test class: Testcases.OpportunityTest</td>
<td></td>
<td>0</td>
<td>Testcases.OpportunityTest@10bdf5e5</td></tr>
<tr>
<td title='Testcases.AccountsTest.addLogValidationsListingAccounts()'><b>addLogValidationsListingAccounts</b><br>Test class: Testcases.AccountsTest</td>
<td></td>
<td>0</td>
<td>Testcases.AccountsTest@dc24521</td></tr>
<tr>
<td title='Testcases.OpportunityTest.addLogValidationsListingOpportunity()'><b>addLogValidationsListingOpportunity</b><br>Test class: Testcases.OpportunityTest</td>
<td></td>
<td>0</td>
<td>Testcases.OpportunityTest@10bdf5e5</td></tr>
<tr>
<td title='Testcases.AccountsTest.addLogcallDetails()'><b>addLogcallDetails</b><br>Test class: Testcases.AccountsTest</td>
<td></td>
<td>0</td>
<td>Testcases.AccountsTest@dc24521</td></tr>
<tr>
<td title='Testcases.OpportunityTest.addLogcallDetails()'><b>addLogcallDetails</b><br>Test class: Testcases.OpportunityTest</td>
<td></td>
<td>0</td>
<td>Testcases.OpportunityTest@10bdf5e5</td></tr>
<tr>
<td title='Testcases.AccountsTest.addLogcallListing()'><b>addLogcallListing</b><br>Test class: Testcases.AccountsTest</td>
<td></td>
<td>0</td>
<td>Testcases.AccountsTest@dc24521</td></tr>
<tr>
<td title='Testcases.OpportunityTest.addLogcallListing()'><b>addLogcallListing</b><br>Test class: Testcases.OpportunityTest</td>
<td></td>
<td>0</td>
<td>Testcases.OpportunityTest@10bdf5e5</td></tr>
<tr>
<td title='Testcases.LeadTestSuite.addLogtabsOutvalidationInDetail()'><b>addLogtabsOutvalidationInDetail</b><br>Test class: Testcases.LeadTestSuite</td>
<td></td>
<td>0</td>
<td>Testcases.LeadTestSuite@6e1ec318</td></tr>
<tr>
<td title='Testcases.LeadTestSuite.addNoteCommonOutvalidationFieldType()'><b>addNoteCommonOutvalidationFieldType</b><br>Test class: Testcases.LeadTestSuite</td>
<td></td>
<td>0</td>
<td>Testcases.LeadTestSuite@6e1ec318</td></tr>
<tr>
<td title='Testcases.AccountsTest.addNoteErroWithOutchar()'><b>addNoteErroWithOutchar</b><br>Test class: Testcases.AccountsTest</td>
<td></td>
<td>0</td>
<td>Testcases.AccountsTest@dc24521</td></tr>
<tr>
<td title='Testcases.OpportunityTest.addNoteErroWithOutchar()'><b>addNoteErroWithOutchar</b><br>Test class: Testcases.OpportunityTest</td>
<td></td>
<td>0</td>
<td>Testcases.OpportunityTest@10bdf5e5</td></tr>
<tr>
<td title='Testcases.LeadTestSuite.addNoteErrorWhileCancel()'><b>addNoteErrorWhileCancel</b><br>Test class: Testcases.LeadTestSuite</td>
<td></td>
<td>0</td>
<td>Testcases.LeadTestSuite@6e1ec318</td></tr>
<tr>
<td title='Testcases.AccountsTest.addNoteErrorWhileClosingNote()'><b>addNoteErrorWhileClosingNote</b><br>Test class: Testcases.AccountsTest</td>
<td></td>
<td>0</td>
<td>Testcases.AccountsTest@dc24521</td></tr>
<tr>
<td title='Testcases.OpportunityTest.addNoteErrorWhileClosingNote()'><b>addNoteErrorWhileClosingNote</b><br>Test class: Testcases.OpportunityTest</td>
<td></td>
<td>0</td>
<td>Testcases.OpportunityTest@10bdf5e5</td></tr>
<tr>
<td title='Testcases.LeadTestSuite.addNoteErrorWithOutChar()'><b>addNoteErrorWithOutChar</b><br>Test class: Testcases.LeadTestSuite</td>
<td></td>
<td>0</td>
<td>Testcases.LeadTestSuite@6e1ec318</td></tr>
<tr>
<td title='Testcases.AccountsTest.addNoteForAll()'><b>addNoteForAll</b><br>Test class: Testcases.AccountsTest</td>
<td></td>
<td>0</td>
<td>Testcases.AccountsTest@dc24521</td></tr>
<tr>
<td title='Testcases.AccountsTest.addNoteInDetails()'><b>addNoteInDetails</b><br>Test class: Testcases.AccountsTest</td>
<td></td>
<td>0</td>
<td>Testcases.AccountsTest@dc24521</td></tr>
<tr>
<td title='Testcases.OpportunityTest.addNoteInDetails()'><b>addNoteInDetails</b><br>Test class: Testcases.OpportunityTest</td>
<td></td>
<td>0</td>
<td>Testcases.OpportunityTest@10bdf5e5</td></tr>
<tr>
<td title='Testcases.LeadTestSuite.addNoteInDetails()'><b>addNoteInDetails</b><br>Test class: Testcases.LeadTestSuite</td>
<td></td>
<td>0</td>
<td>Testcases.LeadTestSuite@6e1ec318</td></tr>
<tr>
<td title='Testcases.AccountsTest.addNoteListing()'><b>addNoteListing</b><br>Test class: Testcases.AccountsTest</td>
<td></td>
<td>0</td>
<td>Testcases.AccountsTest@dc24521</td></tr>
<tr>
<td title='Testcases.OpportunityTest.addNoteListing()'><b>addNoteListing</b><br>Test class: Testcases.OpportunityTest</td>
<td></td>
<td>0</td>
<td>Testcases.OpportunityTest@10bdf5e5</td></tr>
<tr>
<td title='Testcases.LeadTestSuite.addNoteListing()'><b>addNoteListing</b><br>Test class: Testcases.LeadTestSuite</td>
<td></td>
<td>0</td>
<td>Testcases.LeadTestSuite@6e1ec318</td></tr>
<tr>
<td title='Testcases.LeadTestSuite.addNoteTabsOutvalidationFieldType()'><b>addNoteTabsOutvalidationFieldType</b><br>Test class: Testcases.LeadTestSuite</td>
<td></td>
<td>0</td>
<td>Testcases.LeadTestSuite@6e1ec318</td></tr>
<tr>
<td title='Testcases.LeadTestSuite.addNoteValdiationListing()'><b>addNoteValdiationListing</b><br>Test class: Testcases.LeadTestSuite</td>
<td></td>
<td>0</td>
<td>Testcases.LeadTestSuite@6e1ec318</td></tr>
<tr>
<td title='Testcases.AccountsTest.addNotevalidationInDetails()'><b>addNotevalidationInDetails</b><br>Test class: Testcases.AccountsTest</td>
<td></td>
<td>0</td>
<td>Testcases.AccountsTest@dc24521</td></tr>
<tr>
<td title='Testcases.OpportunityTest.addNotevalidationInDetails()'><b>addNotevalidationInDetails</b><br>Test class: Testcases.OpportunityTest</td>
<td></td>
<td>0</td>
<td>Testcases.OpportunityTest@10bdf5e5</td></tr>
<tr>
<td title='Testcases.LeadTestSuite.addNotevalidationInDetails()'><b>addNotevalidationInDetails</b><br>Test class: Testcases.LeadTestSuite</td>
<td></td>
<td>0</td>
<td>Testcases.LeadTestSuite@6e1ec318</td></tr>
<tr>
<td title='Testcases.AccountsTest.addNotevalidationListingAccounts()'><b>addNotevalidationListingAccounts</b><br>Test class: Testcases.AccountsTest</td>
<td></td>
<td>0</td>
<td>Testcases.AccountsTest@dc24521</td></tr>
<tr>
<td title='Testcases.OpportunityTest.addNotevalidationListingOpportunity()'><b>addNotevalidationListingOpportunity</b><br>Test class: Testcases.OpportunityTest</td>
<td></td>
<td>0</td>
<td>Testcases.OpportunityTest@10bdf5e5</td></tr>
<tr>
<td title='Testcases.OpportunityTest.addOpportunity()'><b>addOpportunity</b><br>Test class: Testcases.OpportunityTest</td>
<td></td>
<td>0</td>
<td>Testcases.OpportunityTest@10bdf5e5</td></tr>
<tr>
<td title='Testcases.LeadTestSuite.addTaskinListing()'><b>addTaskinListing</b><br>Test class: Testcases.LeadTestSuite</td>
<td></td>
<td>0</td>
<td>Testcases.LeadTestSuite@6e1ec318</td></tr>
<tr>
<td title='Testcases.LeadTestSuite.addlogCommonValidationDetails()'><b>addlogCommonValidationDetails</b><br>Test class: Testcases.LeadTestSuite</td>
<td></td>
<td>0</td>
<td>Testcases.LeadTestSuite@6e1ec318</td></tr>
<tr>
<td title='Testcases.AccountsTest.addlogErroWithOutcharLog()'><b>addlogErroWithOutcharLog</b><br>Test class: Testcases.AccountsTest</td>
<td></td>
<td>0</td>
<td>Testcases.AccountsTest@dc24521</td></tr>
<tr>
<td title='Testcases.OpportunityTest.addlogErroWithOutcharLog()'><b>addlogErroWithOutcharLog</b><br>Test class: Testcases.OpportunityTest</td>
<td></td>
<td>0</td>
<td>Testcases.OpportunityTest@10bdf5e5</td></tr>
<tr>
<td title='Testcases.AccountsTest.addnoteCommonValidationDetails()'><b>addnoteCommonValidationDetails</b><br>Test class: Testcases.AccountsTest</td>
<td></td>
<td>0</td>
<td>Testcases.AccountsTest@dc24521</td></tr>
<tr>
<td title='Testcases.OpportunityTest.addnoteCommonValidationDetails()'><b>addnoteCommonValidationDetails</b><br>Test class: Testcases.OpportunityTest</td>
<td></td>
<td>0</td>
<td>Testcases.OpportunityTest@10bdf5e5</td></tr>
<tr>
<td title='Testcases.LeadTestSuite.addnoteCommonValidationDetails()'><b>addnoteCommonValidationDetails</b><br>Test class: Testcases.LeadTestSuite</td>
<td></td>
<td>0</td>
<td>Testcases.LeadTestSuite@6e1ec318</td></tr>
<tr>
<td title='Testcases.AccountsTest.addnotetabsOutvalidationInDetail()'><b>addnotetabsOutvalidationInDetail</b><br>Test class: Testcases.AccountsTest</td>
<td></td>
<td>0</td>
<td>Testcases.AccountsTest@dc24521</td></tr>
<tr>
<td title='Testcases.OpportunityTest.addnotetabsOutvalidationInDetail()'><b>addnotetabsOutvalidationInDetail</b><br>Test class: Testcases.OpportunityTest</td>
<td></td>
<td>0</td>
<td>Testcases.OpportunityTest@10bdf5e5</td></tr>
<tr>
<td title='Testcases.LeadTestSuite.addnotetabsOutvalidationInDetail()'><b>addnotetabsOutvalidationInDetail</b><br>Test class: Testcases.LeadTestSuite</td>
<td></td>
<td>0</td>
<td>Testcases.LeadTestSuite@6e1ec318</td></tr>
<tr>
<td title='Testcases.AccountsTest.addtaskInDetails()'><b>addtaskInDetails</b><br>Test class: Testcases.AccountsTest</td>
<td></td>
<td>0</td>
<td>Testcases.AccountsTest@dc24521</td></tr>
<tr>
<td title='Testcases.OpportunityTest.addtaskInDetails()'><b>addtaskInDetails</b><br>Test class: Testcases.OpportunityTest</td>
<td></td>
<td>0</td>
<td>Testcases.OpportunityTest@10bdf5e5</td></tr>
<tr>
<td title='Testcases.LeadTestSuite.addtaskInDetails()'><b>addtaskInDetails</b><br>Test class: Testcases.LeadTestSuite</td>
<td></td>
<td>0</td>
<td>Testcases.LeadTestSuite@6e1ec318</td></tr>
<tr>
<td title='Testcases.LeadTestSuite.alertWhileClosing()'><b>alertWhileClosing</b><br>Test class: Testcases.LeadTestSuite</td>
<td></td>
<td>0</td>
<td>Testcases.LeadTestSuite@6e1ec318</td></tr>
<tr>
<td title='Testcases.AccountsTest.alreadyExistpageViewNameAccounts()'><b>alreadyExistpageViewNameAccounts</b><br>Test class: Testcases.AccountsTest</td>
<td></td>
<td>0</td>
<td>Testcases.AccountsTest@dc24521</td></tr>
<tr>
<td title='Testcases.OpportunityTest.alreadyExistpageViewNameOpportunity()'><b>alreadyExistpageViewNameOpportunity</b><br>Test class: Testcases.OpportunityTest</td>
<td></td>
<td>0</td>
<td>Testcases.OpportunityTest@10bdf5e5</td></tr>
<tr>
<td title='Testcases.OpportunityTest.amountFieldValdiation()'><b>amountFieldValdiation</b><br>Test class: Testcases.OpportunityTest</td>
<td></td>
<td>0</td>
<td>Testcases.OpportunityTest@10bdf5e5</td></tr>
<tr>
<td title='Testcases.LeadTestSuite.assignedOpertorsvaldiation()'><b>assignedOpertorsvaldiation</b><br>Test class: Testcases.LeadTestSuite</td>
<td></td>
<td>0</td>
<td>Testcases.LeadTestSuite@6e1ec318</td></tr>
<tr>
<td title='Testcases.LeadTestSuite.atabsOutmaxiMumCharvalidationError()'><b>atabsOutmaxiMumCharvalidationError</b><br>Test class: Testcases.LeadTestSuite</td>
<td></td>
<td>0</td>
<td>Testcases.LeadTestSuite@6e1ec318</td></tr>
<tr>
<td title='Testcases.LeadTestSuite.avalidationCreatePageView()'><b>avalidationCreatePageView</b><br>Test class: Testcases.LeadTestSuite</td>
<td></td>
<td>0</td>
<td>Testcases.LeadTestSuite@6e1ec318</td></tr>
<tr>
<td title='Testcases.LeadTestSuite.changeOwner()'><b>changeOwner</b><br>Test class: Testcases.LeadTestSuite</td>
<td></td>
<td>0</td>
<td>Testcases.LeadTestSuite@6e1ec318</td></tr>
<tr>
<td title='Testcases.LeadTestSuite.changeOwnerForAllLead()'><b>changeOwnerForAllLead</b><br>Test class: Testcases.LeadTestSuite</td>
<td></td>
<td>0</td>
<td>Testcases.LeadTestSuite@6e1ec318</td></tr>
<tr>
<td title='Testcases.AccountsTest.checkFilterByValues()'><b>checkFilterByValues</b><br>Test class: Testcases.AccountsTest</td>
<td></td>
<td>0</td>
<td>Testcases.AccountsTest@dc24521</td></tr>
<tr>
<td title='Testcases.OpportunityTest.checkFilterByValues()'><b>checkFilterByValues</b><br>Test class: Testcases.OpportunityTest</td>
<td></td>
<td>0</td>
<td>Testcases.OpportunityTest@10bdf5e5</td></tr>
<tr>
<td title='Testcases.LeadTestSuite.checkFilterByValues()'><b>checkFilterByValues</b><br>Test class: Testcases.LeadTestSuite</td>
<td></td>
<td>0</td>
<td>Testcases.LeadTestSuite@6e1ec318</td></tr>
<tr>
<td title='Testcases.AccountsTest.checkHeaderAfterInlineEdit()'><b>checkHeaderAfterInlineEdit</b><br>Test class: Testcases.AccountsTest</td>
<td></td>
<td>0</td>
<td>Testcases.AccountsTest@dc24521</td></tr>
<tr>
<td title='Testcases.LeadTestSuite.checkHeaderAfterInlineEdit()'><b>checkHeaderAfterInlineEdit</b><br>Test class: Testcases.LeadTestSuite</td>
<td></td>
<td>0</td>
<td>Testcases.LeadTestSuite@6e1ec318</td></tr>
<tr>
<td title='Testcases.LeadTestSuite.commoNmaxiMumCharvalidationError()'><b>commoNmaxiMumCharvalidationError</b><br>Test class: Testcases.LeadTestSuite</td>
<td></td>
<td>0</td>
<td>Testcases.LeadTestSuite@6e1ec318</td></tr>
<tr>
<td title='Testcases.LeadTestSuite.commonValidationAttachment()'><b>commonValidationAttachment</b><br>Test class: Testcases.LeadTestSuite</td>
<td></td>
<td>0</td>
<td>Testcases.LeadTestSuite@6e1ec318</td></tr>
<tr>
<td title='Testcases.AccountsTest.commonValidationEmailIDAccounts()'><b>commonValidationEmailIDAccounts</b><br>Test class: Testcases.AccountsTest</td>
<td></td>
<td>0</td>
<td>Testcases.AccountsTest@dc24521</td></tr>
<tr>
<td title='Testcases.LeadTestSuite.commonValidationOutInvalidEmailID()'><b>commonValidationOutInvalidEmailID</b><br>Test class: Testcases.LeadTestSuite</td>
<td></td>
<td>0</td>
<td>Testcases.LeadTestSuite@6e1ec318</td></tr>
<tr>
<td title='Testcases.LeadTestSuite.commonValidationOutInvalidweSite()'><b>commonValidationOutInvalidweSite</b><br>Test class: Testcases.LeadTestSuite</td>
<td></td>
<td>0</td>
<td>Testcases.LeadTestSuite@6e1ec318</td></tr>
<tr>
<td title='Testcases.LeadTestSuite.commonvalidation()'><b>commonvalidation</b><br>Test class: Testcases.LeadTestSuite</td>
<td></td>
<td>0</td>
<td>Testcases.LeadTestSuite@6e1ec318</td></tr>
<tr>
<td title='Testcases.LeadTestSuite.commonvalidationEvent()'><b>commonvalidationEvent</b><br>Test class: Testcases.LeadTestSuite</td>
<td></td>
<td>0</td>
<td>Testcases.LeadTestSuite@6e1ec318</td></tr>
<tr>
<td title='Testcases.AccountsTest.commonvalidationEventAccounts()'><b>commonvalidationEventAccounts</b><br>Test class: Testcases.AccountsTest</td>
<td></td>
<td>0</td>
<td>Testcases.AccountsTest@dc24521</td></tr>
<tr>
<td title='Testcases.OpportunityTest.commonvalidationEventAccounts()'><b>commonvalidationEventAccounts</b><br>Test class: Testcases.OpportunityTest</td>
<td></td>
<td>0</td>
<td>Testcases.OpportunityTest@10bdf5e5</td></tr>
<tr>
<td title='Testcases.LeadTestSuite.createLead()'><b>createLead</b><br>Test class: Testcases.LeadTestSuite</td>
<td></td>
<td>0</td>
<td>Testcases.LeadTestSuite@6e1ec318</td></tr>
<tr>
<td title='Testcases.AccountsTest.createPageView()'><b>createPageView</b><br>Test class: Testcases.AccountsTest</td>
<td></td>
<td>0</td>
<td>Testcases.AccountsTest@dc24521</td></tr>
<tr>
<td title='Testcases.OpportunityTest.createPageView()'><b>createPageView</b><br>Test class: Testcases.OpportunityTest</td>
<td></td>
<td>0</td>
<td>Testcases.OpportunityTest@10bdf5e5</td></tr>
<tr>
<td title='Testcases.LeadTestSuite.createPageView()'><b>createPageView</b><br>Test class: Testcases.LeadTestSuite</td>
<td></td>
<td>0</td>
<td>Testcases.LeadTestSuite@6e1ec318</td></tr>
<tr>
<td title='Testcases.AccountsTest.deleteEventFromActivityTable()'><b>deleteEventFromActivityTable</b><br>Test class: Testcases.AccountsTest</td>
<td></td>
<td>0</td>
<td>Testcases.AccountsTest@dc24521</td></tr>
<tr>
<td title='Testcases.OpportunityTest.deleteEventFromActivityTable()'><b>deleteEventFromActivityTable</b><br>Test class: Testcases.OpportunityTest</td>
<td></td>
<td>0</td>
<td>Testcases.OpportunityTest@10bdf5e5</td></tr>
<tr>
<td title='Testcases.LeadTestSuite.deleteEventFromDetailsPage()'><b>deleteEventFromDetailsPage</b><br>Test class: Testcases.LeadTestSuite</td>
<td></td>
<td>0</td>
<td>Testcases.LeadTestSuite@6e1ec318</td></tr>
<tr>
<td title='Testcases.AccountsTest.deleteLeadFromDetailsPage()'><b>deleteLeadFromDetailsPage</b><br>Test class: Testcases.AccountsTest</td>
<td></td>
<td>0</td>
<td>Testcases.AccountsTest@dc24521</td></tr>
<tr>
<td title='Testcases.LeadTestSuite.deleteLeadFromDetailsPage()'><b>deleteLeadFromDetailsPage</b><br>Test class: Testcases.LeadTestSuite</td>
<td></td>
<td>0</td>
<td>Testcases.LeadTestSuite@6e1ec318</td></tr>
<tr>
<td title='Testcases.AccountsTest.deleteLeadInListingPage()'><b>deleteLeadInListingPage</b><br>Test class: Testcases.AccountsTest</td>
<td></td>
<td>0</td>
<td>Testcases.AccountsTest@dc24521</td></tr>
<tr>
<td title='Testcases.LeadTestSuite.deleteLeadInListingPage()'><b>deleteLeadInListingPage</b><br>Test class: Testcases.LeadTestSuite</td>
<td></td>
<td>0</td>
<td>Testcases.LeadTestSuite@6e1ec318</td></tr>
<tr>
<td title='Testcases.AccountsTest.deleteLogCallFromActivityTable()'><b>deleteLogCallFromActivityTable</b><br>Test class: Testcases.AccountsTest</td>
<td></td>
<td>0</td>
<td>Testcases.AccountsTest@dc24521</td></tr>
<tr>
<td title='Testcases.OpportunityTest.deleteLogCallFromActivityTable()'><b>deleteLogCallFromActivityTable</b><br>Test class: Testcases.OpportunityTest</td>
<td></td>
<td>0</td>
<td>Testcases.OpportunityTest@10bdf5e5</td></tr>
<tr>
<td title='Testcases.LeadTestSuite.deleteLogCallFromDetail()'><b>deleteLogCallFromDetail</b><br>Test class: Testcases.LeadTestSuite</td>
<td></td>
<td>0</td>
<td>Testcases.LeadTestSuite@6e1ec318</td></tr>
<tr>
<td title='Testcases.AccountsTest.deleteNoteFromActivityTable()'><b>deleteNoteFromActivityTable</b><br>Test class: Testcases.AccountsTest</td>
<td></td>
<td>0</td>
<td>Testcases.AccountsTest@dc24521</td></tr>
<tr>
<td title='Testcases.OpportunityTest.deleteNoteFromActivityTable()'><b>deleteNoteFromActivityTable</b><br>Test class: Testcases.OpportunityTest</td>
<td></td>
<td>0</td>
<td>Testcases.OpportunityTest@10bdf5e5</td></tr>
<tr>
<td title='Testcases.LeadTestSuite.deleteNoteFromDetails()'><b>deleteNoteFromDetails</b><br>Test class: Testcases.LeadTestSuite</td>
<td></td>
<td>0</td>
<td>Testcases.LeadTestSuite@6e1ec318</td></tr>
<tr>
<td title='Testcases.LeadTestSuite.deletePageView()'><b>deletePageView</b><br>Test class: Testcases.LeadTestSuite</td>
<td></td>
<td>0</td>
<td>Testcases.LeadTestSuite@6e1ec318</td></tr>
<tr>
<td title='Testcases.AccountsTest.deletePageViewAccounts()'><b>deletePageViewAccounts</b><br>Test class: Testcases.AccountsTest</td>
<td></td>
<td>0</td>
<td>Testcases.AccountsTest@dc24521</td></tr>
<tr>
<td title='Testcases.OpportunityTest.deletePageViewOpportunity()'><b>deletePageViewOpportunity</b><br>Test class: Testcases.OpportunityTest</td>
<td></td>
<td>0</td>
<td>Testcases.OpportunityTest@10bdf5e5</td></tr>
<tr>
<td title='Testcases.LeadTestSuite.deleteTaskFromDetails()'><b>deleteTaskFromDetails</b><br>Test class: Testcases.LeadTestSuite</td>
<td></td>
<td>0</td>
<td>Testcases.LeadTestSuite@6e1ec318</td></tr>
<tr>
<td title='Testcases.AccountsTest.deletetaskFromActivityTable()'><b>deletetaskFromActivityTable</b><br>Test class: Testcases.AccountsTest</td>
<td></td>
<td>0</td>
<td>Testcases.AccountsTest@dc24521</td></tr>
<tr>
<td title='Testcases.OpportunityTest.deletetaskFromActivityTable()'><b>deletetaskFromActivityTable</b><br>Test class: Testcases.OpportunityTest</td>
<td></td>
<td>0</td>
<td>Testcases.OpportunityTest@10bdf5e5</td></tr>
<tr>
<td title='Testcases.LeadTestSuite.departmentFiedlvalidationError()'><b>departmentFiedlvalidationError</b><br>Test class: Testcases.LeadTestSuite</td>
<td></td>
<td>0</td>
<td>Testcases.LeadTestSuite@6e1ec318</td></tr>
<tr>
<td title='Testcases.LeadTestSuite.designationFieldvalidation()'><b>designationFieldvalidation</b><br>Test class: Testcases.LeadTestSuite</td>
<td></td>
<td>0</td>
<td>Testcases.LeadTestSuite@6e1ec318</td></tr>
<tr>
<td title='Testcases.AccountsTest.designationFieldvalidationAccount()'><b>designationFieldvalidationAccount</b><br>Test class: Testcases.AccountsTest</td>
<td></td>
<td>0</td>
<td>Testcases.AccountsTest@dc24521</td></tr>
<tr>
<td title='Testcases.AccountsTest.discardInlineEdit()'><b>discardInlineEdit</b><br>Test class: Testcases.AccountsTest</td>
<td></td>
<td>0</td>
<td>Testcases.AccountsTest@dc24521</td></tr>
<tr>
<td title='Testcases.LeadTestSuite.discardInlineEdit()'><b>discardInlineEdit</b><br>Test class: Testcases.LeadTestSuite</td>
<td></td>
<td>0</td>
<td>Testcases.LeadTestSuite@6e1ec318</td></tr>
<tr>
<td title='Testcases.LeadTestSuite.editCustomView()'><b>editCustomView</b><br>Test class: Testcases.LeadTestSuite</td>
<td></td>
<td>0</td>
<td>Testcases.LeadTestSuite@6e1ec318</td></tr>
<tr>
<td title='Testcases.AccountsTest.editCustomViewAccounts()'><b>editCustomViewAccounts</b><br>Test class: Testcases.AccountsTest</td>
<td></td>
<td>0</td>
<td>Testcases.AccountsTest@dc24521</td></tr>
<tr>
<td title='Testcases.OpportunityTest.editCustomViewOpportunity()'><b>editCustomViewOpportunity</b><br>Test class: Testcases.OpportunityTest</td>
<td></td>
<td>0</td>
<td>Testcases.OpportunityTest@10bdf5e5</td></tr>
<tr>
<td title='Testcases.AccountsTest.editEventFromDetails()'><b>editEventFromDetails</b><br>Test class: Testcases.AccountsTest</td>
<td></td>
<td>0</td>
<td>Testcases.AccountsTest@dc24521</td></tr>
<tr>
<td title='Testcases.OpportunityTest.editEventFromDetails()'><b>editEventFromDetails</b><br>Test class: Testcases.OpportunityTest</td>
<td></td>
<td>0</td>
<td>Testcases.OpportunityTest@10bdf5e5</td></tr>
<tr>
<td title='Testcases.LeadTestSuite.editEventFromDetails()'><b>editEventFromDetails</b><br>Test class: Testcases.LeadTestSuite</td>
<td></td>
<td>0</td>
<td>Testcases.LeadTestSuite@6e1ec318</td></tr>
<tr>
<td title='Testcases.AccountsTest.editFromDetailsPage()'><b>editFromDetailsPage</b><br>Test class: Testcases.AccountsTest</td>
<td></td>
<td>0</td>
<td>Testcases.AccountsTest@dc24521</td></tr>
<tr>
<td title='Testcases.LeadTestSuite.editFromDetailsPage()'><b>editFromDetailsPage</b><br>Test class: Testcases.LeadTestSuite</td>
<td></td>
<td>0</td>
<td>Testcases.LeadTestSuite@6e1ec318</td></tr>
<tr>
<td title='Testcases.LeadTestSuite.editFromListingpage()'><b>editFromListingpage</b><br>Test class: Testcases.LeadTestSuite</td>
<td></td>
<td>0</td>
<td>Testcases.LeadTestSuite@6e1ec318</td></tr>
<tr>
<td title='Testcases.LeadTestSuite.editLogCallFromDetailsPage()'><b>editLogCallFromDetailsPage</b><br>Test class: Testcases.LeadTestSuite</td>
<td></td>
<td>0</td>
<td>Testcases.LeadTestSuite@6e1ec318</td></tr>
<tr>
<td title='Testcases.AccountsTest.editLogCallFrometails()'><b>editLogCallFrometails</b><br>Test class: Testcases.AccountsTest</td>
<td></td>
<td>0</td>
<td>Testcases.AccountsTest@dc24521</td></tr>
<tr>
<td title='Testcases.OpportunityTest.editLogCallFrometails()'><b>editLogCallFrometails</b><br>Test class: Testcases.OpportunityTest</td>
<td></td>
<td>0</td>
<td>Testcases.OpportunityTest@10bdf5e5</td></tr>
<tr>
<td title='Testcases.AccountsTest.editNoteFromDetails()'><b>editNoteFromDetails</b><br>Test class: Testcases.AccountsTest</td>
<td></td>
<td>0</td>
<td>Testcases.AccountsTest@dc24521</td></tr>
<tr>
<td title='Testcases.OpportunityTest.editNoteFromDetails()'><b>editNoteFromDetails</b><br>Test class: Testcases.OpportunityTest</td>
<td></td>
<td>0</td>
<td>Testcases.OpportunityTest@10bdf5e5</td></tr>
<tr>
<td title='Testcases.LeadTestSuite.editNoteFromDetailspage()'><b>editNoteFromDetailspage</b><br>Test class: Testcases.LeadTestSuite</td>
<td></td>
<td>0</td>
<td>Testcases.LeadTestSuite@6e1ec318</td></tr>
<tr>
<td title='Testcases.AccountsTest.editTaskFromDetails()'><b>editTaskFromDetails</b><br>Test class: Testcases.AccountsTest</td>
<td></td>
<td>0</td>
<td>Testcases.AccountsTest@dc24521</td></tr>
<tr>
<td title='Testcases.OpportunityTest.editTaskFromDetails()'><b>editTaskFromDetails</b><br>Test class: Testcases.OpportunityTest</td>
<td></td>
<td>0</td>
<td>Testcases.OpportunityTest@10bdf5e5</td></tr>
<tr>
<td title='Testcases.LeadTestSuite.edittaskFromDetails()'><b>edittaskFromDetails</b><br>Test class: Testcases.LeadTestSuite</td>
<td></td>
<td>0</td>
<td>Testcases.LeadTestSuite@6e1ec318</td></tr>
<tr>
<td title='Testcases.LeadTestSuite.emailInlineEditTabsOutalidation()'><b>emailInlineEditTabsOutalidation</b><br>Test class: Testcases.LeadTestSuite</td>
<td></td>
<td>0</td>
<td>Testcases.LeadTestSuite@6e1ec318</td></tr>
<tr>
<td title='Testcases.AccountsTest.emailInlineEditTabsOutalidationAccounts()'><b>emailInlineEditTabsOutalidationAccounts</b><br>Test class: Testcases.AccountsTest</td>
<td></td>
<td>0</td>
<td>Testcases.AccountsTest@dc24521</td></tr>
<tr>
<td title='Testcases.LeadTestSuite.emailInlneEditCommonValidation()'><b>emailInlneEditCommonValidation</b><br>Test class: Testcases.LeadTestSuite</td>
<td></td>
<td>0</td>
<td>Testcases.LeadTestSuite@6e1ec318</td></tr>
<tr>
<td title='Testcases.AccountsTest.emailInlneEditCommonValidationAccounts()'><b>emailInlneEditCommonValidationAccounts</b><br>Test class: Testcases.AccountsTest</td>
<td></td>
<td>0</td>
<td>Testcases.AccountsTest@dc24521</td></tr>
<tr>
<td title='Testcases.AccountsTest.eventCommonvalidationDetails()'><b>eventCommonvalidationDetails</b><br>Test class: Testcases.AccountsTest</td>
<td></td>
<td>0</td>
<td>Testcases.AccountsTest@dc24521</td></tr>
<tr>
<td title='Testcases.OpportunityTest.eventCommonvalidationDetails()'><b>eventCommonvalidationDetails</b><br>Test class: Testcases.OpportunityTest</td>
<td></td>
<td>0</td>
<td>Testcases.OpportunityTest@10bdf5e5</td></tr>
<tr>
<td title='Testcases.LeadTestSuite.eventCommonvalidationDetails()'><b>eventCommonvalidationDetails</b><br>Test class: Testcases.LeadTestSuite</td>
<td></td>
<td>0</td>
<td>Testcases.LeadTestSuite@6e1ec318</td></tr>
<tr>
<td title='Testcases.AccountsTest.eventCommonvalidationInDetails()'><b>eventCommonvalidationInDetails</b><br>Test class: Testcases.AccountsTest</td>
<td></td>
<td>0</td>
<td>Testcases.AccountsTest@dc24521</td></tr>
<tr>
<td title='Testcases.OpportunityTest.eventCommonvalidationInDetails()'><b>eventCommonvalidationInDetails</b><br>Test class: Testcases.OpportunityTest</td>
<td></td>
<td>0</td>
<td>Testcases.OpportunityTest@10bdf5e5</td></tr>
<tr>
<td title='Testcases.LeadTestSuite.eventCommonvalidationInDetails()'><b>eventCommonvalidationInDetails</b><br>Test class: Testcases.LeadTestSuite</td>
<td></td>
<td>0</td>
<td>Testcases.LeadTestSuite@6e1ec318</td></tr>
<tr>
<td title='Testcases.LeadTestSuite.eventSubjectCommonvalidationError()'><b>eventSubjectCommonvalidationError</b><br>Test class: Testcases.LeadTestSuite</td>
<td></td>
<td>0</td>
<td>Testcases.LeadTestSuite@6e1ec318</td></tr>
<tr>
<td title='Testcases.LeadTestSuite.eventSubjecttabsvalidationError()'><b>eventSubjecttabsvalidationError</b><br>Test class: Testcases.LeadTestSuite</td>
<td></td>
<td>0</td>
<td>Testcases.LeadTestSuite@6e1ec318</td></tr>
<tr>
<td title='Testcases.AccountsTest.eventtabsOutvaldiationDetails()'><b>eventtabsOutvaldiationDetails</b><br>Test class: Testcases.AccountsTest</td>
<td></td>
<td>0</td>
<td>Testcases.AccountsTest@dc24521</td></tr>
<tr>
<td title='Testcases.OpportunityTest.eventtabsOutvaldiationDetails()'><b>eventtabsOutvaldiationDetails</b><br>Test class: Testcases.OpportunityTest</td>
<td></td>
<td>0</td>
<td>Testcases.OpportunityTest@10bdf5e5</td></tr>
<tr>
<td title='Testcases.LeadTestSuite.eventtabsOutvaldiationDetails()'><b>eventtabsOutvaldiationDetails</b><br>Test class: Testcases.LeadTestSuite</td>
<td></td>
<td>0</td>
<td>Testcases.LeadTestSuite@6e1ec318</td></tr>
<tr>
<td title='Testcases.AccountsTest.eventtabsOutvalidationInDetails()'><b>eventtabsOutvalidationInDetails</b><br>Test class: Testcases.AccountsTest</td>
<td></td>
<td>0</td>
<td>Testcases.AccountsTest@dc24521</td></tr>
<tr>
<td title='Testcases.OpportunityTest.eventtabsOutvalidationInDetails()'><b>eventtabsOutvalidationInDetails</b><br>Test class: Testcases.OpportunityTest</td>
<td></td>
<td>0</td>
<td>Testcases.OpportunityTest@10bdf5e5</td></tr>
<tr>
<td title='Testcases.LeadTestSuite.eventtabsOutvalidationInDetails()'><b>eventtabsOutvalidationInDetails</b><br>Test class: Testcases.LeadTestSuite</td>
<td></td>
<td>0</td>
<td>Testcases.LeadTestSuite@6e1ec318</td></tr>
<tr>
<td title='Testcases.LeadTestSuite.filter()'><b>filter</b><br>Test class: Testcases.LeadTestSuite</td>
<td></td>
<td>0</td>
<td>Testcases.LeadTestSuite@6e1ec318</td></tr>
<tr>
<td title='Testcases.LeadTestSuite.firstNameOpertorsvaldiation()'><b>firstNameOpertorsvaldiation</b><br>Test class: Testcases.LeadTestSuite</td>
<td></td>
<td>0</td>
<td>Testcases.LeadTestSuite@6e1ec318</td></tr>
<tr>
<td title='Testcases.LeadTestSuite.firstNamefieldvalidationIn()'><b>firstNamefieldvalidationIn</b><br>Test class: Testcases.LeadTestSuite</td>
<td></td>
<td>0</td>
<td>Testcases.LeadTestSuite@6e1ec318</td></tr>
<tr>
<td title='Testcases.LeadTestSuite.importLead()'><b>importLead</b><br>Test class: Testcases.LeadTestSuite</td>
<td></td>
<td>0</td>
<td>Testcases.LeadTestSuite@6e1ec318</td></tr>
<tr>
<td title='Testcases.AccountsTest.inlineCommonNumericalNumbervaldation()'><b>inlineCommonNumericalNumbervaldation</b><br>Test class: Testcases.AccountsTest</td>
<td></td>
<td>0</td>
<td>Testcases.AccountsTest@dc24521</td></tr>
<tr>
<td title='Testcases.OpportunityTest.inlineCommonNumericalNumbervaldation()'><b>inlineCommonNumericalNumbervaldation</b><br>Test class: Testcases.OpportunityTest</td>
<td></td>
<td>0</td>
<td>Testcases.OpportunityTest@10bdf5e5</td></tr>
<tr>
<td title='Testcases.AccountsTest.inlineEditCommonTextieldValidation()'><b>inlineEditCommonTextieldValidation</b><br>Test class: Testcases.AccountsTest</td>
<td></td>
<td>0</td>
<td>Testcases.AccountsTest@dc24521</td></tr>
<tr>
<td title='Testcases.OpportunityTest.inlineEditCommonTextieldValidation()'><b>inlineEditCommonTextieldValidation</b><br>Test class: Testcases.OpportunityTest</td>
<td></td>
<td>0</td>
<td>Testcases.OpportunityTest@10bdf5e5</td></tr>
<tr>
<td title='Testcases.LeadTestSuite.inlineEditCommonTextieldValidation()'><b>inlineEditCommonTextieldValidation</b><br>Test class: Testcases.LeadTestSuite</td>
<td></td>
<td>0</td>
<td>Testcases.LeadTestSuite@6e1ec318</td></tr>
<tr>
<td title='Testcases.AccountsTest.inlineEditCommovalidationForAlphanumeric()'><b>inlineEditCommovalidationForAlphanumeric</b><br>Test class: Testcases.AccountsTest</td>
<td></td>
<td>0</td>
<td>Testcases.AccountsTest@dc24521</td></tr>
<tr>
<td title='Testcases.LeadTestSuite.inlineEditCommovalidationForAlphanumeric()'><b>inlineEditCommovalidationForAlphanumeric</b><br>Test class: Testcases.LeadTestSuite</td>
<td></td>
<td>0</td>
<td>Testcases.LeadTestSuite@6e1ec318</td></tr>
<tr>
<td title='Testcases.AccountsTest.inlineEditInLeadTable()'><b>inlineEditInLeadTable</b><br>Test class: Testcases.AccountsTest</td>
<td></td>
<td>0</td>
<td>Testcases.AccountsTest@dc24521</td></tr>
<tr>
<td title='Testcases.AccountsTest.inlineEditTabOutTextFieldvalidation()'><b>inlineEditTabOutTextFieldvalidation</b><br>Test class: Testcases.AccountsTest</td>
<td></td>
<td>0</td>
<td>Testcases.AccountsTest@dc24521</td></tr>
<tr>
<td title='Testcases.OpportunityTest.inlineEditTabOutTextFieldvalidation()'><b>inlineEditTabOutTextFieldvalidation</b><br>Test class: Testcases.OpportunityTest</td>
<td></td>
<td>0</td>
<td>Testcases.OpportunityTest@10bdf5e5</td></tr>
<tr>
<td title='Testcases.LeadTestSuite.inlineEditTabOutTextFieldvalidation()'><b>inlineEditTabOutTextFieldvalidation</b><br>Test class: Testcases.LeadTestSuite</td>
<td></td>
<td>0</td>
<td>Testcases.LeadTestSuite@6e1ec318</td></tr>
<tr>
<td title='Testcases.LeadTestSuite.inlineEditTable()'><b>inlineEditTable</b><br>Test class: Testcases.LeadTestSuite</td>
<td></td>
<td>0</td>
<td>Testcases.LeadTestSuite@6e1ec318</td></tr>
<tr>
<td title='Testcases.LeadTestSuite.inlineEditTabsOutValidationForAlphenumeric()'><b>inlineEditTabsOutValidationForAlphenumeric</b><br>Test class: Testcases.LeadTestSuite</td>
<td></td>
<td>0</td>
<td>Testcases.LeadTestSuite@6e1ec318</td></tr>
<tr>
<td title='Testcases.AccountsTest.inlineEditTabsvalidationForAlphanumeric()'><b>inlineEditTabsvalidationForAlphanumeric</b><br>Test class: Testcases.AccountsTest</td>
<td></td>
<td>0</td>
<td>Testcases.AccountsTest@dc24521</td></tr>
<tr>
<td title='Testcases.AccountsTest.inlineTabsNumericalNumbervalidation()'><b>inlineTabsNumericalNumbervalidation</b><br>Test class: Testcases.AccountsTest</td>
<td></td>
<td>0</td>
<td>Testcases.AccountsTest@dc24521</td></tr>
<tr>
<td title='Testcases.OpportunityTest.inlineTabsNumericalNumbervalidation()'><b>inlineTabsNumericalNumbervalidation</b><br>Test class: Testcases.OpportunityTest</td>
<td></td>
<td>0</td>
<td>Testcases.OpportunityTest@10bdf5e5</td></tr>
<tr>
<td title='Testcases.LeadTestSuite.inlineTabsNumericalNumbervalidation()'><b>inlineTabsNumericalNumbervalidation</b><br>Test class: Testcases.LeadTestSuite</td>
<td></td>
<td>0</td>
<td>Testcases.LeadTestSuite@6e1ec318</td></tr>
<tr>
<td title='Testcases.AccountsTest.inlinedEditDetailsPage()'><b>inlinedEditDetailsPage</b><br>Test class: Testcases.AccountsTest</td>
<td></td>
<td>0</td>
<td>Testcases.AccountsTest@dc24521</td></tr>
<tr>
<td title='Testcases.LeadTestSuite.inlinedEditDetailsPage()'><b>inlinedEditDetailsPage</b><br>Test class: Testcases.LeadTestSuite</td>
<td></td>
<td>0</td>
<td>Testcases.LeadTestSuite@6e1ec318</td></tr>
<tr>
<td title='Testcases.LeadTestSuite.isSelecetdPageView()'><b>isSelecetdPageView</b><br>Test class: Testcases.LeadTestSuite</td>
<td></td>
<td>0</td>
<td>Testcases.LeadTestSuite@6e1ec318</td></tr>
<tr>
<td title='Testcases.LeadTestSuite.lastNameFieldvaldidation()'><b>lastNameFieldvaldidation</b><br>Test class: Testcases.LeadTestSuite</td>
<td></td>
<td>0</td>
<td>Testcases.LeadTestSuite@6e1ec318</td></tr>
<tr>
<td title='Testcases.AccountsTest.latestContactPosition()'><b>latestContactPosition</b><br>Test class: Testcases.AccountsTest</td>
<td></td>
<td>0</td>
<td>Testcases.AccountsTest@dc24521</td></tr>
<tr>
<td title='Testcases.OpportunityTest.latestOpportunityPosition()'><b>latestOpportunityPosition</b><br>Test class: Testcases.OpportunityTest</td>
<td></td>
<td>0</td>
<td>Testcases.OpportunityTest@10bdf5e5</td></tr>
<tr>
<td title='Testcases.LeadTestSuite.latestleadPosition()'><b>latestleadPosition</b><br>Test class: Testcases.LeadTestSuite</td>
<td></td>
<td>0</td>
<td>Testcases.LeadTestSuite@6e1ec318</td></tr>
<tr>
<td title='Testcases.LeadTestSuite.leadConvertedOpertorsvaldiation()'><b>leadConvertedOpertorsvaldiation</b><br>Test class: Testcases.LeadTestSuite</td>
<td></td>
<td>0</td>
<td>Testcases.LeadTestSuite@6e1ec318</td></tr>
<tr>
<td title='Testcases.LeadTestSuite.leadCreatedOpertorsvaldiation()'><b>leadCreatedOpertorsvaldiation</b><br>Test class: Testcases.LeadTestSuite</td>
<td></td>
<td>0</td>
<td>Testcases.LeadTestSuite@6e1ec318</td></tr>
<tr>
<td title='Testcases.LeadTestSuite.locationEventCommonvalidationError()'><b>locationEventCommonvalidationError</b><br>Test class: Testcases.LeadTestSuite</td>
<td></td>
<td>0</td>
<td>Testcases.LeadTestSuite@6e1ec318</td></tr>
<tr>
<td title='Testcases.LeadTestSuite.locationEventtabsvalidationError()'><b>locationEventtabsvalidationError</b><br>Test class: Testcases.LeadTestSuite</td>
<td></td>
<td>0</td>
<td>Testcases.LeadTestSuite@6e1ec318</td></tr>
<tr>
<td title='Testcases.LeadTestSuite.logCommonvalidationwithFieldType()'><b>logCommonvalidationwithFieldType</b><br>Test class: Testcases.LeadTestSuite</td>
<td></td>
<td>0</td>
<td>Testcases.LeadTestSuite@6e1ec318</td></tr>
<tr>
<td title='Testcases.AccountsTest.logSubjectCommonValidation()'><b>logSubjectCommonValidation</b><br>Test class: Testcases.AccountsTest</td>
<td></td>
<td>0</td>
<td>Testcases.AccountsTest@dc24521</td></tr>
<tr>
<td title='Testcases.OpportunityTest.logSubjectCommonValidation()'><b>logSubjectCommonValidation</b><br>Test class: Testcases.OpportunityTest</td>
<td></td>
<td>0</td>
<td>Testcases.OpportunityTest@10bdf5e5</td></tr>
<tr>
<td title='Testcases.AccountsTest.logSubjectCommonvalidationDetails()'><b>logSubjectCommonvalidationDetails</b><br>Test class: Testcases.AccountsTest</td>
<td></td>
<td>0</td>
<td>Testcases.AccountsTest@dc24521</td></tr>
<tr>
<td title='Testcases.OpportunityTest.logSubjectCommonvalidationDetails()'><b>logSubjectCommonvalidationDetails</b><br>Test class: Testcases.OpportunityTest</td>
<td></td>
<td>0</td>
<td>Testcases.OpportunityTest@10bdf5e5</td></tr>
<tr>
<td title='Testcases.AccountsTest.logSubjectTabOutValidationDetails()'><b>logSubjectTabOutValidationDetails</b><br>Test class: Testcases.AccountsTest</td>
<td></td>
<td>0</td>
<td>Testcases.AccountsTest@dc24521</td></tr>
<tr>
<td title='Testcases.OpportunityTest.logSubjectTabOutValidationDetails()'><b>logSubjectTabOutValidationDetails</b><br>Test class: Testcases.OpportunityTest</td>
<td></td>
<td>0</td>
<td>Testcases.OpportunityTest@10bdf5e5</td></tr>
<tr>
<td title='Testcases.AccountsTest.logSubjecttabsOutValidation()'><b>logSubjecttabsOutValidation</b><br>Test class: Testcases.AccountsTest</td>
<td></td>
<td>0</td>
<td>Testcases.AccountsTest@dc24521</td></tr>
<tr>
<td title='Testcases.OpportunityTest.logSubjecttabsOutValidation()'><b>logSubjecttabsOutValidation</b><br>Test class: Testcases.OpportunityTest</td>
<td></td>
<td>0</td>
<td>Testcases.OpportunityTest@10bdf5e5</td></tr>
<tr>
<td title='Testcases.LeadTestSuite.logTabsvalidationWithFieldType()'><b>logTabsvalidationWithFieldType</b><br>Test class: Testcases.LeadTestSuite</td>
<td></td>
<td>0</td>
<td>Testcases.LeadTestSuite@6e1ec318</td></tr>
<tr>
<td title='Testcases.LeadTestSuite.login()'><b>login</b><br>Test class: Testcases.LeadTestSuite</td>
<td></td>
<td>0</td>
<td>Testcases.LeadTestSuite@6e1ec318</td></tr>
<tr>
<td title='Testcases.AccountsTest.mobileNumberFieldValdiation()'><b>mobileNumberFieldValdiation</b><br>Test class: Testcases.AccountsTest</td>
<td></td>
<td>0</td>
<td>Testcases.AccountsTest@dc24521</td></tr>
<tr>
<td title='Testcases.LeadTestSuite.mobileNumberFieldValdiation()'><b>mobileNumberFieldValdiation</b><br>Test class: Testcases.LeadTestSuite</td>
<td></td>
<td>0</td>
<td>Testcases.LeadTestSuite@6e1ec318</td></tr>
<tr>
<td title='Testcases.AccountsTest.noteSubjectCommonValidation()'><b>noteSubjectCommonValidation</b><br>Test class: Testcases.AccountsTest</td>
<td></td>
<td>0</td>
<td>Testcases.AccountsTest@dc24521</td></tr>
<tr>
<td title='Testcases.OpportunityTest.noteSubjectCommonValidation()'><b>noteSubjectCommonValidation</b><br>Test class: Testcases.OpportunityTest</td>
<td></td>
<td>0</td>
<td>Testcases.OpportunityTest@10bdf5e5</td></tr>
<tr>
<td title='Testcases.AccountsTest.noteSubjecttabsOutValidation()'><b>noteSubjecttabsOutValidation</b><br>Test class: Testcases.AccountsTest</td>
<td></td>
<td>0</td>
<td>Testcases.AccountsTest@dc24521</td></tr>
<tr>
<td title='Testcases.OpportunityTest.noteSubjecttabsOutValidation()'><b>noteSubjecttabsOutValidation</b><br>Test class: Testcases.OpportunityTest</td>
<td></td>
<td>0</td>
<td>Testcases.OpportunityTest@10bdf5e5</td></tr>
<tr>
<td title='Testcases.LeadTestSuite.officeNumberFieldvalidation()'><b>officeNumberFieldvalidation</b><br>Test class: Testcases.LeadTestSuite</td>
<td></td>
<td>0</td>
<td>Testcases.LeadTestSuite@6e1ec318</td></tr>
<tr>
<td title='Testcases.OpportunityTest.opportunityManditiryTabsoutvalidation()'><b>opportunityManditiryTabsoutvalidation</b><br>Test class: Testcases.OpportunityTest</td>
<td></td>
<td>0</td>
<td>Testcases.OpportunityTest@10bdf5e5</td></tr>
<tr>
<td title='Testcases.OpportunityTest.opportunityManditoryCommonValidation()'><b>opportunityManditoryCommonValidation</b><br>Test class: Testcases.OpportunityTest</td>
<td></td>
<td>0</td>
<td>Testcases.OpportunityTest@10bdf5e5</td></tr>
<tr>
<td title='Testcases.OpportunityTest.opportunityNameFieldvaldidation()'><b>opportunityNameFieldvaldidation</b><br>Test class: Testcases.OpportunityTest</td>
<td></td>
<td>0</td>
<td>Testcases.OpportunityTest@10bdf5e5</td></tr>
<tr>
<td title='Testcases.LeadTestSuite.pageViewAfterEdit()'><b>pageViewAfterEdit</b><br>Test class: Testcases.LeadTestSuite</td>
<td></td>
<td>0</td>
<td>Testcases.LeadTestSuite@6e1ec318</td></tr>
<tr>
<td title='Testcases.AccountsTest.pageViewAfterEditAccounts()'><b>pageViewAfterEditAccounts</b><br>Test class: Testcases.AccountsTest</td>
<td></td>
<td>0</td>
<td>Testcases.AccountsTest@dc24521</td></tr>
<tr>
<td title='Testcases.OpportunityTest.pageViewAfterEditOpportunity()'><b>pageViewAfterEditOpportunity</b><br>Test class: Testcases.OpportunityTest</td>
<td></td>
<td>0</td>
<td>Testcases.OpportunityTest@10bdf5e5</td></tr>
<tr>
<td title='Testcases.LeadTestSuite.pageViewInSavedPageAfterEdit()'><b>pageViewInSavedPageAfterEdit</b><br>Test class: Testcases.LeadTestSuite</td>
<td></td>
<td>0</td>
<td>Testcases.LeadTestSuite@6e1ec318</td></tr>
<tr>
<td title='Testcases.LeadTestSuite.pageViewnameAlreadyExist()'><b>pageViewnameAlreadyExist</b><br>Test class: Testcases.LeadTestSuite</td>
<td></td>
<td>0</td>
<td>Testcases.LeadTestSuite@6e1ec318</td></tr>
<tr>
<td title='Testcases.LeadTestSuite.postCodeFieldValidation()'><b>postCodeFieldValidation</b><br>Test class: Testcases.LeadTestSuite</td>
<td></td>
<td>0</td>
<td>Testcases.LeadTestSuite@6e1ec318</td></tr>
<tr>
<td title='Testcases.AccountsTest.refresh()'><b>refresh</b><br>Test class: Testcases.AccountsTest</td>
<td></td>
<td>0</td>
<td>Testcases.AccountsTest@dc24521</td></tr>
<tr>
<td title='Testcases.OpportunityTest.refresh()'><b>refresh</b><br>Test class: Testcases.OpportunityTest</td>
<td></td>
<td>0</td>
<td>Testcases.OpportunityTest@10bdf5e5</td></tr>
<tr>
<td title='Testcases.LeadTestSuite.refresh()'><b>refresh</b><br>Test class: Testcases.LeadTestSuite</td>
<td></td>
<td>0</td>
<td>Testcases.LeadTestSuite@6e1ec318</td></tr>
<tr>
<td title='Testcases.AccountsTest.saveAndNew()'><b>saveAndNew</b><br>Test class: Testcases.AccountsTest</td>
<td></td>
<td>0</td>
<td>Testcases.AccountsTest@dc24521</td></tr>
<tr>
<td title='Testcases.OpportunityTest.saveAndNew()'><b>saveAndNew</b><br>Test class: Testcases.OpportunityTest</td>
<td></td>
<td>0</td>
<td>Testcases.OpportunityTest@10bdf5e5</td></tr>
<tr>
<td title='Testcases.LeadTestSuite.saveandNew()'><b>saveandNew</b><br>Test class: Testcases.LeadTestSuite</td>
<td></td>
<td>0</td>
<td>Testcases.LeadTestSuite@6e1ec318</td></tr>
<tr>
<td title='Testcases.LeadTestSuite.statevalidation()'><b>statevalidation</b><br>Test class: Testcases.LeadTestSuite</td>
<td></td>
<td>0</td>
<td>Testcases.LeadTestSuite@6e1ec318</td></tr>
<tr>
<td title='Testcases.AccountsTest.statevalidationWithOutCountry()'><b>statevalidationWithOutCountry</b><br>Test class: Testcases.AccountsTest</td>
<td></td>
<td>0</td>
<td>Testcases.AccountsTest@dc24521</td></tr>
<tr>
<td title='Testcases.LeadTestSuite.tabsOutvaldiationEvent()'><b>tabsOutvaldiationEvent</b><br>Test class: Testcases.LeadTestSuite</td>
<td></td>
<td>0</td>
<td>Testcases.LeadTestSuite@6e1ec318</td></tr>
<tr>
<td title='Testcases.LeadTestSuite.tabsOutvalidation()'><b>tabsOutvalidation</b><br>Test class: Testcases.LeadTestSuite</td>
<td></td>
<td>0</td>
<td>Testcases.LeadTestSuite@6e1ec318</td></tr>
<tr>
<td title='Testcases.AccountsTest.tabsOutvalidationEventAccounts()'><b>tabsOutvalidationEventAccounts</b><br>Test class: Testcases.AccountsTest</td>
<td></td>
<td>0</td>
<td>Testcases.AccountsTest@dc24521</td></tr>
<tr>
<td title='Testcases.OpportunityTest.tabsOutvalidationEventAccounts()'><b>tabsOutvalidationEventAccounts</b><br>Test class: Testcases.OpportunityTest</td>
<td></td>
<td>0</td>
<td>Testcases.OpportunityTest@10bdf5e5</td></tr>
<tr>
<td title='Testcases.AccountsTest.tabsOutvalidationInValidaEmailAccounts()'><b>tabsOutvalidationInValidaEmailAccounts</b><br>Test class: Testcases.AccountsTest</td>
<td></td>
<td>0</td>
<td>Testcases.AccountsTest@dc24521</td></tr>
<tr>
<td title='Testcases.LeadTestSuite.tabsValidationOutInvalidweSite()'><b>tabsValidationOutInvalidweSite</b><br>Test class: Testcases.LeadTestSuite</td>
<td></td>
<td>0</td>
<td>Testcases.LeadTestSuite@6e1ec318</td></tr>
<tr>
<td title='Testcases.LeadTestSuite.tabsvalidationOutInvalidEmailID()'><b>tabsvalidationOutInvalidEmailID</b><br>Test class: Testcases.LeadTestSuite</td>
<td></td>
<td>0</td>
<td>Testcases.LeadTestSuite@6e1ec318</td></tr>
<tr>
<td title='Testcases.AccountsTest.validationCreatePageViewAccounts()'><b>validationCreatePageViewAccounts</b><br>Test class: Testcases.AccountsTest</td>
<td></td>
<td>0</td>
<td>Testcases.AccountsTest@dc24521</td></tr>
<tr>
<td title='Testcases.OpportunityTest.validationCreatePageViewOpportunity()'><b>validationCreatePageViewOpportunity</b><br>Test class: Testcases.OpportunityTest</td>
<td></td>
<td>0</td>
<td>Testcases.OpportunityTest@10bdf5e5</td></tr>
<tr>
<td title='Testcases.AccountsTest.verifyAccountsInListngPage()'><b>verifyAccountsInListngPage</b><br>Test class: Testcases.AccountsTest</td>
<td></td>
<td>0</td>
<td>Testcases.AccountsTest@dc24521</td></tr>
<tr>
<td title='Testcases.LeadTestSuite.verifyAlertWhileCancel()'><b>verifyAlertWhileCancel</b><br>Test class: Testcases.LeadTestSuite</td>
<td></td>
<td>0</td>
<td>Testcases.LeadTestSuite@6e1ec318</td></tr>
<tr>
<td title='Testcases.AccountsTest.verifyAlertWithOutEntering()'><b>verifyAlertWithOutEntering</b><br>Test class: Testcases.AccountsTest</td>
<td></td>
<td>0</td>
<td>Testcases.AccountsTest@dc24521</td></tr>
<tr>
<td title='Testcases.OpportunityTest.verifyAlertWithOutEntering()'><b>verifyAlertWithOutEntering</b><br>Test class: Testcases.OpportunityTest</td>
<td></td>
<td>0</td>
<td>Testcases.OpportunityTest@10bdf5e5</td></tr>
<tr>
<td title='Testcases.AccountsTest.verifyAlertwhileClosing()'><b>verifyAlertwhileClosing</b><br>Test class: Testcases.AccountsTest</td>
<td></td>
<td>0</td>
<td>Testcases.AccountsTest@dc24521</td></tr>
<tr>
<td title='Testcases.OpportunityTest.verifyAlertwhileClosing()'><b>verifyAlertwhileClosing</b><br>Test class: Testcases.OpportunityTest</td>
<td></td>
<td>0</td>
<td>Testcases.OpportunityTest@10bdf5e5</td></tr>
<tr>
<td title='Testcases.LeadTestSuite.verifyCreatedPageView()'><b>verifyCreatedPageView</b><br>Test class: Testcases.LeadTestSuite</td>
<td></td>
<td>0</td>
<td>Testcases.LeadTestSuite@6e1ec318</td></tr>
<tr>
<td title='Testcases.AccountsTest.verifyCreatedPageViewAccounts()'><b>verifyCreatedPageViewAccounts</b><br>Test class: Testcases.AccountsTest</td>
<td></td>
<td>0</td>
<td>Testcases.AccountsTest@dc24521</td></tr>
<tr>
<td title='Testcases.OpportunityTest.verifyCreatedPageViewOpportunity()'><b>verifyCreatedPageViewOpportunity</b><br>Test class: Testcases.OpportunityTest</td>
<td></td>
<td>0</td>
<td>Testcases.OpportunityTest@10bdf5e5</td></tr>
<tr>
<td title='Testcases.LeadTestSuite.verifyCustomViewInSavedPageViews()'><b>verifyCustomViewInSavedPageViews</b><br>Test class: Testcases.LeadTestSuite</td>
<td></td>
<td>0</td>
<td>Testcases.LeadTestSuite@6e1ec318</td></tr>
<tr>
<td title='Testcases.AccountsTest.verifyCustomViewInSavedPageViewsAccounts()'><b>verifyCustomViewInSavedPageViewsAccounts</b><br>Test class: Testcases.AccountsTest</td>
<td></td>
<td>0</td>
<td>Testcases.AccountsTest@dc24521</td></tr>
<tr>
<td title='Testcases.OpportunityTest.verifyCustomViewInSavedPageViewsOpportunity()'><b>verifyCustomViewInSavedPageViewsOpportunity</b><br>Test class: Testcases.OpportunityTest</td>
<td></td>
<td>0</td>
<td>Testcases.OpportunityTest@10bdf5e5</td></tr>
<tr>
<td title='Testcases.LeadTestSuite.verifyDefaultEnabledColumn()'><b>verifyDefaultEnabledColumn</b><br>Test class: Testcases.LeadTestSuite</td>
<td></td>
<td>0</td>
<td>Testcases.LeadTestSuite@6e1ec318</td></tr>
<tr>
<td title='Testcases.LeadTestSuite.verifyDefaultView()'><b>verifyDefaultView</b><br>Test class: Testcases.LeadTestSuite</td>
<td></td>
<td>0</td>
<td>Testcases.LeadTestSuite@6e1ec318</td></tr>
<tr>
<td title='Testcases.AccountsTest.verifyDefaultViewAccounts()'><b>verifyDefaultViewAccounts</b><br>Test class: Testcases.AccountsTest</td>
<td></td>
<td>0</td>
<td>Testcases.AccountsTest@dc24521</td></tr>
<tr>
<td title='Testcases.LeadTestSuite.verifyDeletdViewInSavedViews()'><b>verifyDeletdViewInSavedViews</b><br>Test class: Testcases.LeadTestSuite</td>
<td></td>
<td>0</td>
<td>Testcases.LeadTestSuite@6e1ec318</td></tr>
<tr>
<td title='Testcases.AccountsTest.verifyDeletdViewInSavedViewsAccounts()'><b>verifyDeletdViewInSavedViewsAccounts</b><br>Test class: Testcases.AccountsTest</td>
<td></td>
<td>0</td>
<td>Testcases.AccountsTest@dc24521</td></tr>
<tr>
<td title='Testcases.OpportunityTest.verifyDeletdViewInSavedViewsOpportunity()'><b>verifyDeletdViewInSavedViewsOpportunity</b><br>Test class: Testcases.OpportunityTest</td>
<td></td>
<td>0</td>
<td>Testcases.OpportunityTest@10bdf5e5</td></tr>
<tr>
<td title='Testcases.AccountsTest.verifyEventInDetails()'><b>verifyEventInDetails</b><br>Test class: Testcases.AccountsTest</td>
<td></td>
<td>0</td>
<td>Testcases.AccountsTest@dc24521</td></tr>
<tr>
<td title='Testcases.OpportunityTest.verifyEventInDetails()'><b>verifyEventInDetails</b><br>Test class: Testcases.OpportunityTest</td>
<td></td>
<td>0</td>
<td>Testcases.OpportunityTest@10bdf5e5</td></tr>
<tr>
<td title='Testcases.LeadTestSuite.verifyEventInDetails()'><b>verifyEventInDetails</b><br>Test class: Testcases.LeadTestSuite</td>
<td></td>
<td>0</td>
<td>Testcases.LeadTestSuite@6e1ec318</td></tr>
<tr>
<td title='Testcases.AccountsTest.verifyFilter()'><b>verifyFilter</b><br>Test class: Testcases.AccountsTest</td>
<td></td>
<td>0</td>
<td>Testcases.AccountsTest@dc24521</td></tr>
<tr>
<td title='Testcases.OpportunityTest.verifyFilter()'><b>verifyFilter</b><br>Test class: Testcases.OpportunityTest</td>
<td></td>
<td>0</td>
<td>Testcases.OpportunityTest@10bdf5e5</td></tr>
<tr>
<td title='Testcases.AccountsTest.verifyHeaderForDetails()'><b>verifyHeaderForDetails</b><br>Test class: Testcases.AccountsTest</td>
<td></td>
<td>0</td>
<td>Testcases.AccountsTest@dc24521</td></tr>
<tr>
<td title='Testcases.OpportunityTest.verifyHeaderForDetails()'><b>verifyHeaderForDetails</b><br>Test class: Testcases.OpportunityTest</td>
<td></td>
<td>0</td>
<td>Testcases.OpportunityTest@10bdf5e5</td></tr>
<tr>
<td title='Testcases.LeadTestSuite.verifyHeaderInDetails()'><b>verifyHeaderInDetails</b><br>Test class: Testcases.LeadTestSuite</td>
<td></td>
<td>0</td>
<td>Testcases.LeadTestSuite@6e1ec318</td></tr>
<tr>
<td title='Testcases.LeadTestSuite.verifyLeadsInListngPage()'><b>verifyLeadsInListngPage</b><br>Test class: Testcases.LeadTestSuite</td>
<td></td>
<td>0</td>
<td>Testcases.LeadTestSuite@6e1ec318</td></tr>
<tr>
<td title='Testcases.LeadTestSuite.verifyLogInLogtable()'><b>verifyLogInLogtable</b><br>Test class: Testcases.LeadTestSuite</td>
<td></td>
<td>0</td>
<td>Testcases.LeadTestSuite@6e1ec318</td></tr>
<tr>
<td title='Testcases.AccountsTest.verifyLogcallInDetailsPage()'><b>verifyLogcallInDetailsPage</b><br>Test class: Testcases.AccountsTest</td>
<td></td>
<td>0</td>
<td>Testcases.AccountsTest@dc24521</td></tr>
<tr>
<td title='Testcases.OpportunityTest.verifyLogcallInDetailsPage()'><b>verifyLogcallInDetailsPage</b><br>Test class: Testcases.OpportunityTest</td>
<td></td>
<td>0</td>
<td>Testcases.OpportunityTest@10bdf5e5</td></tr>
<tr>
<td title='Testcases.AccountsTest.verifyNoteIndetails()'><b>verifyNoteIndetails</b><br>Test class: Testcases.AccountsTest</td>
<td></td>
<td>0</td>
<td>Testcases.AccountsTest@dc24521</td></tr>
<tr>
<td title='Testcases.OpportunityTest.verifyNoteIndetails()'><b>verifyNoteIndetails</b><br>Test class: Testcases.OpportunityTest</td>
<td></td>
<td>0</td>
<td>Testcases.OpportunityTest@10bdf5e5</td></tr>
<tr>
<td title='Testcases.LeadTestSuite.verifyNoteIndetails()'><b>verifyNoteIndetails</b><br>Test class: Testcases.LeadTestSuite</td>
<td></td>
<td>0</td>
<td>Testcases.LeadTestSuite@6e1ec318</td></tr>
<tr>
<td title='Testcases.OpportunityTest.verifyOpportuniysInListngPage()'><b>verifyOpportuniysInListngPage</b><br>Test class: Testcases.OpportunityTest</td>
<td></td>
<td>0</td>
<td>Testcases.OpportunityTest@10bdf5e5</td></tr>
<tr>
<td title='Testcases.AccountsTest.verifyRedirectionToDetailsPage()'><b>verifyRedirectionToDetailsPage</b><br>Test class: Testcases.AccountsTest</td>
<td></td>
<td>0</td>
<td>Testcases.AccountsTest@dc24521</td></tr>
<tr>
<td title='Testcases.OpportunityTest.verifyRedirectionToDetailsPage()'><b>verifyRedirectionToDetailsPage</b><br>Test class: Testcases.OpportunityTest</td>
<td></td>
<td>0</td>
<td>Testcases.OpportunityTest@10bdf5e5</td></tr>
<tr>
<td title='Testcases.LeadTestSuite.verifyRedirectionToDetailsPage()'><b>verifyRedirectionToDetailsPage</b><br>Test class: Testcases.LeadTestSuite</td>
<td></td>
<td>0</td>
<td>Testcases.LeadTestSuite@6e1ec318</td></tr>
<tr>
<td title='Testcases.LeadTestSuite.verifyReset()'><b>verifyReset</b><br>Test class: Testcases.LeadTestSuite</td>
<td></td>
<td>0</td>
<td>Testcases.LeadTestSuite@6e1ec318</td></tr>
<tr>
<td title='Testcases.LeadTestSuite.verifySearch()'><b>verifySearch</b><br>Test class: Testcases.LeadTestSuite</td>
<td></td>
<td>0</td>
<td>Testcases.LeadTestSuite@6e1ec318</td></tr>
<tr>
<td title='Testcases.AccountsTest.verifySearchInAccount()'><b>verifySearchInAccount</b><br>Test class: Testcases.AccountsTest</td>
<td></td>
<td>0</td>
<td>Testcases.AccountsTest@dc24521</td></tr>
<tr>
<td title='Testcases.OpportunityTest.verifySearchInOpportunity()'><b>verifySearchInOpportunity</b><br>Test class: Testcases.OpportunityTest</td>
<td></td>
<td>0</td>
<td>Testcases.OpportunityTest@10bdf5e5</td></tr>
<tr>
<td title='Testcases.LeadTestSuite.verifyaddNoteAllUsers()'><b>verifyaddNoteAllUsers</b><br>Test class: Testcases.LeadTestSuite</td>
<td></td>
<td>0</td>
<td>Testcases.LeadTestSuite@6e1ec318</td></tr>
<tr>
<td title='Testcases.AccountsTest.verifytaskInDetails()'><b>verifytaskInDetails</b><br>Test class: Testcases.AccountsTest</td>
<td></td>
<td>0</td>
<td>Testcases.AccountsTest@dc24521</td></tr>
<tr>
<td title='Testcases.OpportunityTest.verifytaskInDetails()'><b>verifytaskInDetails</b><br>Test class: Testcases.OpportunityTest</td>
<td></td>
<td>0</td>
<td>Testcases.OpportunityTest@10bdf5e5</td></tr>
<tr>
<td title='Testcases.LeadTestSuite.verifytaskInDetails()'><b>verifytaskInDetails</b><br>Test class: Testcases.LeadTestSuite</td>
<td></td>
<td>0</td>
<td>Testcases.LeadTestSuite@6e1ec318</td></tr>
<tr>
<td title='Testcases.LeadTestSuite.verityAlertWithOutChange()'><b>verityAlertWithOutChange</b><br>Test class: Testcases.LeadTestSuite</td>
<td></td>
<td>0</td>
<td>Testcases.LeadTestSuite@6e1ec318</td></tr>
<tr>
<td title='Testcases.AccountsTest.webSiteCommonvaldiationError()'><b>webSiteCommonvaldiationError</b><br>Test class: Testcases.AccountsTest</td>
<td></td>
<td>0</td>
<td>Testcases.AccountsTest@dc24521</td></tr>
<tr>
<td title='Testcases.AccountsTest.webSiteInlineEditCommonvalidationError()'><b>webSiteInlineEditCommonvalidationError</b><br>Test class: Testcases.AccountsTest</td>
<td></td>
<td>0</td>
<td>Testcases.AccountsTest@dc24521</td></tr>
<tr>
<td title='Testcases.LeadTestSuite.webSiteInlineEditCommonvalidationError()'><b>webSiteInlineEditCommonvalidationError</b><br>Test class: Testcases.LeadTestSuite</td>
<td></td>
<td>0</td>
<td>Testcases.LeadTestSuite@6e1ec318</td></tr>
<tr>
<td title='Testcases.AccountsTest.webSiteInlinetabsOutValidationError()'><b>webSiteInlinetabsOutValidationError</b><br>Test class: Testcases.AccountsTest</td>
<td></td>
<td>0</td>
<td>Testcases.AccountsTest@dc24521</td></tr>
<tr>
<td title='Testcases.LeadTestSuite.webSiteInlinetabsOutValidationError()'><b>webSiteInlinetabsOutValidationError</b><br>Test class: Testcases.LeadTestSuite</td>
<td></td>
<td>0</td>
<td>Testcases.LeadTestSuite@6e1ec318</td></tr>
<tr>
<td title='Testcases.AccountsTest.webSiteTabsvaldiationError()'><b>webSiteTabsvaldiationError</b><br>Test class: Testcases.AccountsTest</td>
<td></td>
<td>0</td>
<td>Testcases.AccountsTest@dc24521</td></tr>
</table><p>
</body>
</html>